2 212 98 
2 11 198 
1 213 
2 245 0 
3 42 202 78 
2 258 260 
4 47 149 183 71 
2 271 74 
4 83 60 115 130 
3 46 161 177 
2 131 94 
4 179 278 36 109 
4 49 171 286 255 
2 282 200 
3 89 248 241 
5 53 281 167 86 80 
2 287 156 
3 138 21 174 
2 285 15 
3 88 95 128 
3 264 19 215 
3 298 136 76 
3 226 195 186 
2 102 119 
3 223 192 142 
2 116 148 
5 247 93 210 175 173 
3 169 256 43 
2 141 236 
5 166 239 266 56 158 
4 155 230 44 240 
3 267 12 92 
2 185 77 
4 280 263 207 75 
2 178 85 
2 181 101 
2 257 62 
3 10 51 4 
3 297 146 191 
4 197 29 24 147 
3 232 87 252 
3 57 199 111 
2 33 52 
2 48 170 
3 150 246 113 
4 275 122 50 182 
6 225 193 299 168 163 160 
3 2 289 121 
5 188 145 7 222 73 
3 16 64 106 
3 23 104 67 
6 270 120 99 39 268 153 
4 20 194 3 72 
3 41 13 107 
3 54 30 55 
2 96 144 
3 28 157 14 
2 151 127 
3 276 218 251 
3 63 61 189 
3 187 206 180 
3 162 37 254 
3 137 35 283 
2 262 152 
3 81 126 5 
2 1 201 
4 38 209 164 65 
3 253 296 70 
3 32 91 140 
3 8 69 196 
2 269 216 
3 221 90 133 
3 17 259 103 
2 293 294 
4 220 66 208 84 
3 114 110 203 
3 97 237 108 
2 143 273 
3 229 125 135 
3 243 45 288 
3 159 34 112 
4 117 134 249 68 
3 295 9 235 
3 292 123 217 
3 165 154 105 
5 22 26 124 211 100 
3 219 172 58 
3 79 224 118 
3 234 214 139 
4 18 129 132 6 
3 40 244 227 
2 205 250 
3 291 228 265 
4 274 231 277 59 
2 261 242 
3 204 31 27 
3 279 290 233 
3 190 176 82 
2 25 284 
3 184 272 238 
