11 6547 928 5292 4733 7556 5870 4317 7720 6569 5071 2725 
22 5284 3749 8441 6452 6661 4969 4073 1555 7680 5196 1191 2084 8841 6433 5869 8359 4313 4718 2202 9405 1669 7902 
20 4476 7347 5516 7512 999 2554 8755 7464 6923 972 5677 3420 9327 6028 4203 5299 5097 3518 6824 8801 
30 9231 548 8552 9293 416 4958 7496 6664 4997 7378 5296 849 142 9460 455 2928 5902 2780 8346 1145 1938 4364 3466 8740 7551 3554 4424 5053 3915 2176 
25 2480 5825 9397 9042 8395 329 9913 4962 9414 6816 6132 7363 1521 8166 4136 7697 602 753 4683 2267 7849 280 6896 4164 5363 
29 8397 196 217 4727 6456 6828 3557 7997 210 1401 5810 4388 3345 1658 6256 2449 4852 7101 5205 2153 9724 1402 3616 373 9036 6712 8977 4671 4973 
26 3774 6669 3008 7437 2387 4451 7277 1815 2983 3493 7665 6148 6196 9204 7147 3880 3765 9842 4446 7169 7237 2221 1600 3951 5235 5411 
14 7671 7280 2440 8353 9657 392 499 1449 7555 4221 316 5909 1065 9504 
18 9997 2128 7828 3138 4016 8672 257 528 6895 3647 5243 7410 5112 7462 5150 4909 6508 9259 
24 7940 6080 1908 4239 9280 7079 8770 5347 6333 8329 1979 7128 8640 5248 2701 2180 7349 8816 1778 4581 3690 2190 9490 7428 
26 5891 7954 5197 2097 9006 8990 7104 9530 5400 6742 7018 7266 5068 1703 3719 3661 8252 3220 7998 9224 3950 859 2301 6685 7043 2894 
17 984 3795 9527 4532 3012 6983 1216 9041 6463 3371 4100 4838 304 9209 6637 3400 2163 
26 5858 6614 2344 7091 7703 1458 6466 9972 3471 6082 850 5752 3147 4478 8763 6572 9623 7292 8152 7107 660 5937 7688 5956 3891 5928 
20 9109 1473 4932 6874 1330 4415 7716 3934 2252 8367 6224 6368 6496 4897 6757 6979 4896 3483 6216 1247 
30 6644 5156 4275 2177 6448 4794 5637 1066 1132 2165 4038 414 8354 7081 919 8873 5849 7059 4296 963 3546 6861 1549 213 4509 4519 8474 4508 6702 3422 
32 5815 8274 103 2923 2337 8415 7094 4795 7416 2468 1835 3913 3549 8536 6264 2587 3272 9248 3761 5600 2130 9320 5413 4299 4782 4307 6772 9711 1051 971 6375 3876 
29 7376 9633 9486 7728 9746 8914 2313 8958 1038 2140 303 3754 1608 391 7006 5766 5876 7781 838 9778 7588 8949 7385 924 8322 9656 6127 5995 6586 
24 7813 6834 312 6513 1850 3391 497 6094 4698 2929 805 8733 9608 7400 5265 2319 9879 1812 1437 4507 9935 8671 9001 9138 
27 8394 4427 3630 173 5830 8123 8830 2858 7894 7550 8837 4022 9722 8793 6071 4066 8324 4960 3255 2734 5297 4959 4972 6502 6430 9771 7583 
30 1411 8601 2974 5648 3115 8325 4963 9094 7249 1259 1978 5973 9478 493 5836 3821 5907 7032 3846 8148 8356 4574 1730 5385 9080 6050 1045 3449 8041 2880 
20 8231 3027 3257 9613 2774 1239 6377 2035 2158 3920 1353 7649 2536 1723 6532 7009 8447 1683 7740 7696 
19 3246 7050 6298 8238 5861 6576 4374 5486 8771 6688 2893 5351 6765 4847 8426 976 719 4831 1676 
31 6793 2204 458 1897 1554 2825 6275 1917 6172 6259 1520 5529 5368 1982 7628 6000 513 6839 47 6153 9805 8738 8938 9056 125 4694 2427 2167 3500 9446 7002 
15 3729 9899 4026 652 2883 2080 6964 6445 6958 6745 7666 8686 9637 5922 9723 
22 9579 2683 6524 4491 4687 359 2810 5721 4212 5896 7430 3670 8673 23 9877 5853 1158 2754 3326 2905 5472 275 
34 3767 3270 7892 737 4054 3478 8688 3667 724 3211 7417 4091 5662 3838 7184 340 8195 1201 3642 4458 6771 1872 4490 8631 1164 6185 841 3410 3274 159 4653 9126 6110 1677 
30 8345 558 3181 5976 3214 5898 2378 5394 5559 2364 927 4901 4914 7543 6440 198 747 896 5874 8425 8535 41 4482 7180 6640 7367 8635 7650 2719 1990 
21 712 7844 1586 4189 44 6808 7946 2816 6039 4241 3925 7192 2842 7542 7005 9217 5781 810 5998 402 3830 
30 7194 4017 1725 8249 6231 6467 7931 4160 912 3610 2529 135 8200 5093 9934 877 8009 468 6574 515 7508 2530 8293 5887 3462 9709 1693 802 3385 7779 
23 6910 2504 2692 9250 9767 337 1313 1415 4396 7355 8609 236 5605 3550 3293 2149 343 4740 7717 4553 2479 761 1027 
26 9392 2678 4915 3980 4845 3303 4438 9246 2917 9959 5278 1127 1086 9421 8876 4443 4672 4025 1487 9102 7709 2428 1550 9390 2347 9101 
32 9569 5537 1659 2764 2316 5958 3703 6743 9794 9314 4610 4499 2365 547 8438 3763 5221 2643 3140 1469 7505 5324 3978 7167 6053 5542 3127 6815 295 7413 9635 2812 
16 5384 2654 643 6657 7356 2115 9965 5116 5152 6190 6695 6459 949 3082 1337 1376 
32 9021 8557 7279 3113 1263 4789 537 9599 837 9826 191 5817 7572 811 8154 9705 5036 4019 8270 5598 7750 8590 2871 4434 7752 6239 622 5192 1272 6823 5663 6263 
22 4811 7258 1169 2244 8016 6544 5033 5357 72 9415 5818 1756 4833 2803 6787 7480 9969 9815 2535 9132 7700 8867 
38 6521 356 2918 6115 1270 6192 5490 5724 7518 2744 1507 9581 3888 8833 9188 4916 369 9869 6588 8616 8668 9236 6134 2103 8232 4798 2644 1661 6919 8729 7941 8928 5409 5300 8871 307 830 2633 
18 5382 8839 9411 18 2056 8619 7082 3567 7973 4265 2748 9604 3291 7243 7662 851 8987 6912 
22 1325 4996 9214 5965 9391 4907 9518 3359 1765 3810 6984 1905 473 7921 3180 8637 8435 3622 1587 5897 7080 7632 
29 6274 8825 9944 4426 8490 9744 1423 519 7434 4551 9178 8854 8556 6075 3162 7497 6191 4878 4785 6290 3473 7647 6928 566 981 4912 2017 2566 1453 
22 4773 8780 8095 8659 2592 6886 9400 7168 8822 410 3200 4717 7739 5723 163 1682 7605 7596 5729 1552 9923 7211 
28 7678 1334 5367 7835 4014 593 3681 3151 3190 4611 6261 4803 9428 273 1834 6450 7210 1903 3956 6125 2399 3078 1139 436 6632 9351 2640 3383 
18 1546 5416 1014 2869 3583 7527 2285 5689 8189 592 6271 7158 2676 923 1694 9480 7486 931 
21 1879 8088 8681 8889 7989 6969 7874 6237 7307 4020 7812 4445 4523 9261 7608 9105 6083 1170 858 1138 5740 
20 4984 9436 3999 4127 3066 6210 8592 3398 9068 6519 230 5819 297 2981 6114 2976 2227 131 8884 3870 
31 3536 6704 2134 8342 8953 9755 2672 1214 6870 6589 6213 4059 2197 5477 241 6060 8912 9854 9203 5787 2723 2778 5541 4097 9093 543 1704 2478 6067 512 7358 
28 1670 9828 8343 5786 1300 2551 616 7500 5509 6891 9617 9378 9651 9353 6413 5635 9531 4030 8036 8882 3365 1394 8471 565 9357 8057 705 9296 
25 9609 7552 9897 7798 9982 2831 282 6112 8142 7240 9629 6940 3953 4312 6817 5835 4393 8128 6057 3964 8797 2639 7760 1090 6364 
33 1582 4837 8815 2326 4981 8237 6570 7117 2832 5877 4655 3118 4485 9141 8881 8551 2699 4145 1502 9150 2334 5512 7452 5561 3122 1079 8134 9137 4888 1403 4217 8804 4053 
33 2166 2987 8786 9943 6968 1509 3104 9466 7226 7820 3878 2404 5900 8414 7160 7407 1161 1591 7611 2393 2962 9122 1772 6026 1565 4098 5110 6171 9987 3992 5865 9262 1761 
30 1 1322 8201 5340 8379 4614 8399 8860 8665 9542 9477 5804 5326 6498 85 1543 1332 5494 7219 8985 3010 2179 2603 215 2361 6942 5743 4488 836 9026 
30 362 7089 6297 3061 7267 3242 2879 3929 7130 6474 5176 3753 5992 3299 7609 2675 3057 7200 2437 4187 8811 1405 7656 8567 2172 5510 2286 8444 9971 9888 
27 7962 6384 3396 894 8113 5316 2266 4577 9000 3332 8326 1049 7917 5682 2238 3101 6737 268 5771 9299 9859 8480 7826 8363 3218 2471 2571 
27 5475 1533 6085 9772 8936 1776 5001 9575 3379 5166 2450 9112 3 3648 2953 9176 5114 1618 3372 1553 2808 7755 536 5232 80 2030 5493 
35 6349 6173 2272 2025 8086 7601 8666 5974 1303 1902 7907 4183 6867 6835 5423 5617 4178 149 4799 4246 8002 7851 5592 6739 5449 6612 1924 2102 4254 1531 4041 5523 8904 5507 4042 
29 2767 589 1075 4220 6491 1218 4232 1847 577 9930 7247 6477 997 5540 2047 6645 6905 6199 4264 600 2442 8918 2151 7041 8537 2473 8496 4000 9319 
34 6378 9011 3444 502 3139 216 672 5021 333 74 1671 6876 5708 2609 99 4273 153 6056 2891 6775 7585 6697 8540 6997 7439 7893 8068 9420 3514 966 49 3946 9143 2793 
30 932 1949 1442 2805 2885 1047 7801 6483 7244 4237 8313 7251 3001 2935 1996 4430 4404 6946 170 9797 5915 8074 1637 9577 2413 9730 1518 2236 9453 6357 
30 5653 8330 1991 8500 3639 8997 9616 3164 293 945 904 6048 3369 83 8649 9458 8338 5338 8053 7060 4645 3701 8382 7539 4185 7856 3862 651 3756 4321 
22 6154 7476 3625 6360 7241 891 9488 2648 2053 8506 9904 1920 555 449 5200 6814 8369 6030 3594 1523 4347 4623 
21 1744 6581 8736 2617 7181 6106 7023 8184 1241 7085 2557 4775 8861 2254 156 3333 6991 8334 6534 5333 1929 
22 4948 9191 9895 6159 2051 7553 3844 235 1343 4329 1112 3944 5964 3658 5683 8361 2256 5181 9194 270 1574 9932 
22 3848 4720 631 2646 5564 164 2205 3073 6133 2840 9474 7991 5967 3440 3411 2963 5194 7789 3341 3579 8947 7183 
15 9798 6900 6226 9925 6402 6892 3519 2196 2658 6794 4119 3424 8852 490 9914 
18 8819 4867 2370 272 2289 1033 3048 8115 6846 2467 4745 9313 2275 1631 3193 6484 6345 4483 
28 5813 1642 3563 190 3120 9563 9388 7718 9341 3780 3576 5737 1362 382 442 5595 6461 9172 1144 152 5587 7278 5680 7485 9155 9738 8877 1958 
28 5062 8726 7535 6941 6530 7872 8383 464 9182 2784 5145 432 1620 9441 6716 3298 9010 7119 6392 7141 3465 9911 5148 9218 7670 3123 8060 834 
17 5138 5827 5452 3941 1443 5478 8505 3676 9876 5712 1548 6013 1563 1688 5421 1348 8092 
22 5913 8493 876 3548 8718 4253 4542 1377 1806 1104 2118 3074 3598 8710 7766 878 6163 5993 247 360 6090 4946 
29 5821 8803 7937 9525 7228 5252 2544 9048 3718 6915 3796 9395 1457 9653 7922 6388 2729 8109 8375 9108 614 8094 7008 1646 2012 8217 7676 2794 3997 
28 8598 9462 9171 2454 2710 9379 9464 688 4908 5631 9402 394 7084 1596 4857 6726 4137 5555 418 8116 8424 1052 395 7777 3247 734 4964 1253 
28 2977 3159 7262 1823 5361 6785 7867 4776 6849 7352 6811 916 1285 7767 7695 8674 1985 5711 3076 4587 4326 9255 2353 1830 5778 4155 3009 2865 
26 2074 1004 2385 2584 4163 1907 266 1611 4985 8300 8587 7984 4262 7836 1368 3063 8675 4843 535 2 2679 3254 9951 2008 3461 476 
22 9921 381 8749 3687 8458 8203 9324 7369 7443 6753 824 5720 1205 842 6843 9156 4440 9793 8328 6618 9452 7721 
24 9152 6795 5593 9903 8576 2931 4043 2383 9018 9507 3674 2032 6009 7078 5362 845 8530 2990 9621 2982 1094 3433 2724 6603 
9 4603 1289 9803 5647 332 2715 5088 1743 7227 
32 7854 2656 5695 2181 5959 5894 5912 8212 8559 7658 9373 9002 1664 2762 4392 6747 1120 5012 9469 3588 9321 4783 9008 4047 2811 3033 2273 6424 1822 3693 8233 8691 
12 9366 5272 6169 1544 6967 6527 1887 5064 6859 6265 8719 2246 
32 6441 7780 644 7631 9455 5851 2574 745 6804 7900 2087 162 1899 3313 517 2538 5 6760 8242 3148 8864 8829 2268 2458 3541 2789 2048 7351 9115 6079 1842 4040 
27 1186 9648 6181 9098 4252 1701 7746 7030 9240 7336 9318 4512 1172 1067 6671 8321 6292 6954 1749 4056 1612 8310 6221 8915 817 7554 9976 
36 9471 8412 6706 1816 7098 3771 3131 8104 1481 2782 4099 224 7853 2525 3645 2307 5961 9799 4425 1466 5099 7481 3604 4813 1792 8925 2280 9802 4742 7389 9900 3543 9170 9016 2434 1956 
18 305 2881 134 7571 4604 9873 6035 5078 1526 7482 8917 6974 909 248 7123 8091 4211 310 
29 5530 8572 2031 4573 1367 8969 5875 7427 1705 8739 1968 3869 1424 1912 582 2520 1275 8255 6567 328 1679 6299 8743 6280 5055 5748 6903 505 6591 
32 301 1961 7403 5619 2936 9836 1262 3432 6044 2882 3808 6766 6303 7257 4974 7963 1329 3677 2057 8979 6001 5690 5700 3858 6655 9215 7294 7313 2239 7714 1731 7731 
29 7910 9099 3028 8586 3779 2698 2910 1819 893 1824 956 6250 5845 5256 4194 1185 7137 3308 401 1002 9881 1165 4827 3094 5566 6718 4904 7775 2317 
19 8319 2038 3409 5226 9308 3851 2960 2604 960 2039 7151 2276 6660 3859 9484 5010 2194 6756 9256 
20 933 1773 9147 1125 2978 434 5136 2877 8741 7401 4177 7013 7830 8268 5675 2623 6052 4271 5923 1347 
22 3906 9503 619 6414 3829 4810 8778 78 911 2777 8385 7382 7979 5279 1867 9684 2821 5199 6929 6150 8401 766 
30 2049 5498 4940 5920 4046 9908 782 2972 6320 9505 3284 3590 4021 2728 5466 246 6554 8620 1558 713 9572 3234 4408 9646 1832 5285 5545 3302 5525 9960 
31 788 3955 3523 2965 3090 2220 1088 2937 3392 8498 9578 3547 5749 4305 7065 50 4382 2403 8042 5242 4419 2733 2950 8582 2054 97 6255 3785 8305 3854 8879 
29 2548 7149 9872 1785 1277 1827 7674 6242 1168 7664 8198 4648 1643 7263 4309 2691 8615 9012 4765 4905 2222 7730 1877 314 5465 7360 520 6746 3484 
34 8595 2605 3188 6529 3173 3803 7170 559 5769 5533 6826 9687 4988 5017 7617 4702 4473 7144 5645 6198 936 6733 9096 8504 3348 1499 2627 1937 5372 5504 5381 6193 1482 1134 
31 5782 7092 9886 7847 786 447 8564 1614 5508 9500 7448 8487 5173 5857 2849 2345 8236 5834 4618 4546 2800 5201 1463 1923 9669 5096 1281 3355 1418 4503 3638 
18 3911 7206 2022 5931 5224 2357 6938 3855 6648 6138 4703 7299 1638 8075 2998 9071 637 7600 
36 6101 7071 7635 6782 6131 9355 655 7759 4372 3095 6819 5788 1311 8190 6187 2689 2170 2503 387 5888 7881 8273 2281 6852 2738 6421 1029 5388 1504 4552 3636 9120 4943 1467 1503 7036 
19 6285 5437 1522 4944 5255 5526 1341 8308 2263 7371 2138 9038 4202 6479 716 4591 2718 5534 7225 
34 2663 9764 628 8153 640 9780 2145 9720 3908 9692 1622 3451 5767 8289 2021 7944 9302 5163 8130 5331 7663 1925 6074 8428 2665 9863 4754 7805 6899 9128 7489 7021 8408 7891 
28 5463 8199 4823 4697 4074 9060 1952 2405 888 7971 209 6272 3542 8277 4279 4763 8495 7604 6341 3442 6206 6504 8528 9291 32 6722 2915 5955 
26 6953 6189 9933 3748 2650 5872 539 1724 6575 2367 6024 269 2124 6059 1528 3357 5041 9349 8427 2199 2922 648 8980 9091 2260 9029 
33 5334 6709 2760 5615 3637 6590 8449 4891 1100 9556 8608 7348 1375 8112 3653 8787 7864 3700 4044 4243 5236 8684 7797 5582 2394 5346 501 7 7475 1490 1076 9085 4234 
25 1452 5739 4069 3215 1519 5704 8307 2790 5040 584 5037 7689 6288 2730 3034 767 3447 4505 1244 1175 8578 4334 5726 2079 5601 
23 3503 7519 8554 6121 3721 7204 6398 6806 181 2212 6898 1070 5882 4825 138 3609 8943 2938 639 5144 1250 1809 4048 
21 25 2207 2147 4572 5159 942 9153 5186 6501 4994 6278 8604 1685 4139 4583 1106 599 4192 1231 8698 2573 
30 9082 5885 4824 2360 8594 3940 7146 8006 9032 7624 1918 4751 7334 4394 9862 1728 6011 8082 3807 8720 4461 5808 992 4608 7222 6136 1727 6809 689 7807 
9 2749 6659 7490 2242 115 3760 150 3489 1339 
30 9848 9574 8795 4245 1775 108 498 6698 1426 618 5018 8486 869 1921 9837 1081 1254 914 7648 9561 6577 43 6518 4062 8039 5866 7570 848 3231 492 
14 6541 2660 6801 1712 4688 8756 319 9584 5879 3226 4268 5390 1391 5982 
30 1722 2186 4087 2797 8653 2352 9487 8155 8636 7995 3393 8796 780 5327 9782 1561 1312 3000 812 2971 1361 4031 6913 2582 5972 7246 7763 8832 3593 1118 
26 5889 2284 3265 7501 107 8411 1061 804 6156 7848 5323 718 318 1516 1116 385 6537 6522 1451 8261 503 1995 3744 399 4767 563 
32 7732 446 129 938 6863 4716 6525 8693 5353 4310 5725 2839 5759 3726 3988 3470 7996 2451 9769 7783 1269 557 7001 2121 2072 7594 2508 5926 6308 6738 6906 8772 
18 8605 3517 5603 905 3328 8349 2682 201 624 441 7522 4259 3103 6168 595 8013 1181 7756 
14 2896 5941 601 249 1042 6860 5124 739 2677 5738 472 9939 754 8890 
25 4205 6952 1737 5151 8420 7488 1326 9440 7638 3263 1919 9481 3458 9336 2419 1720 459 588 4436 4949 7034 9110 989 1798 1447 
27 3752 8102 6062 1652 7466 856 199 6840 9628 6667 4961 7195 6335 1616 1089 1707 1204 5204 9589 7517 920 1273 9205 3165 61 2386 7804 
12 693 4941 9303 4679 1605 4636 6434 4143 244 2375 1098 715 
21 6016 6630 9107 872 5699 8503 2355 7271 3704 2552 5142 6160 4926 8001 9565 5962 7607 2618 740 2101 1284 
29 1763 9337 1787 1486 6621 1011 3426 4500 4760 8690 2422 735 3340 1388 315 2763 9284 9225 1019 697 8381 8461 2203 1110 5003 3899 749 8494 1246 
20 5531 5492 4301 2460 4723 9912 6315 9989 2178 3581 4849 7379 6212 3347 1336 7811 3783 2002 6047 764 
35 1320 8973 2131 5988 6372 8284 2594 1711 6827 390 207 1860 8188 8454 6927 6945 4378 857 8646 5667 8151 2069 1927 596 5668 7958 1082 704 6307 3331 2098 3526 6705 2813 1909 
26 5157 4439 2109 3705 5634 6087 9978 9329 1699 8472 7524 8459 2909 5548 6458 9167 8848 3208 3324 6563 2992 2342 9035 9816 1627 8218 
31 5621 6755 586 8244 1369 1198 2348 5048 9650 8298 6627 5457 5485 8984 3142 422 6095 4511 5519 9183 6412 5560 5713 2874 8621 2226 6805 9368 7824 2888 4027 
32 3559 208 5954 7187 8272 4112 3644 3652 5538 5164 3966 3395 1774 146 5039 4501 7010 5873 5483 8101 6065 1639 9957 1517 4453 2845 4841 7672 7829 9161 5584 51 
32 9189 8160 6063 7116 7125 3982 2107 738 3875 2637 1295 6442 4593 5666 3790 826 6004 7557 3976 5670 3884 6081 947 2090 2091 7627 5687 5863 4861 5341 8585 8288 
23 6668 4998 8623 5910 794 302 1501 8215 7574 2340 5947 4712 3722 8056 5848 8258 475 4918 770 7704 2459 4534 1880 
29 137 2515 9398 9140 2756 7578 3362 4855 1939 741 6051 370 9439 791 2016 2338 3042 8869 6260 63 9813 7216 9195 1417 5440 9707 4538 7845 7911 
29 799 8111 8872 7616 527 9762 1280 541 1197 9991 6330 7669 3318 7622 317 647 3031 2855 2765 7209 8027 6283 6100 9003 8527 2159 7935 2634 1212 
21 3776 229 4496 212 3529 7878 5094 3626 986 7565 8286 3857 556 7121 143 4605 1745 6031 7179 250 7199 
23 8950 4448 8565 1915 7256 7833 9258 4657 1757 4422 3232 1579 1853 8777 5975 9498 1607 3601 3562 1771 7685 6535 3412 
18 2759 6200 5553 6647 732 7788 3732 8076 9597 2277 3275 5111 7744 5442 6449 5132 5715 7913 
16 3833 379 6996 3005 7536 7821 4369 7087 5551 6841 8939 6104 226 4520 7308 5059 
23 6610 6908 871 8834 7727 1092 3902 9936 1282 1811 4695 9202 9655 5544 2771 2795 9634 9768 3528 3175 8446 6045 820 
28 451 9509 171 6460 4197 4815 2372 5802 7516 9526 9495 8119 3204 9136 4222 4741 3143 7114 2189 1943 9425 2613 8030 3739 1674 7769 2228 6950 
22 4494 4844 5260 4872 3691 1143 7398 9508 9365 9103 8805 9528 1015 6670 8465 1839 3585 612 4602 2934 429 1235 
17 568 3064 2591 8761 5311 3772 8331 9078 7053 7988 5558 9201 1964 4037 4173 6027 2120 
26 2913 8478 5321 33 3770 9672 900 564 609 8968 9860 322 2114 1207 7976 79 6973 234 9849 3264 1527 7515 3217 1630 3024 5049 
33 8954 3986 5081 7105 5624 7563 2876 8129 2868 7523 5606 2859 4850 6797 3724 4075 8283 8905 6842 5238 4555 6654 4786 274 1357 7765 6203 7619 9347 2716 3212 4885 2669 
30 2133 7992 7951 5733 6720 5120 3623 6966 2737 5339 5054 2577 5671 7303 2726 9741 4903 9988 2415 6714 2359 9622 707 4643 6533 4886 9632 8807 3695 2105 
15 4586 1559 4865 2499 2354 9919 5968 1846 4106 1223 408 6629 3137 7936 3798 
26 7719 864 6689 4174 8393 7460 1932 727 7143 1461 9216 5375 8443 9761 6149 7190 6472 4464 6369 3634 5951 6837 861 9688 9241 4793 
25 2461 6248 9199 2425 3996 8226 1604 3751 2593 1649 1863 9139 7272 9781 3990 5570 169 2514 7640 5322 5685 8916 3021 7415 6238 
26 5098 2264 4184 8840 363 9742 7044 9445 5031 9247 4481 5578 4714 8644 5911 53 5757 6821 8757 2521 1096 9546 1166 3764 7799 6478 
32 6594 7359 3508 9689 5607 3515 9434 6639 9335 4123 7297 3205 3380 6312 6932 4414 969 692 2925 1370 58 6376 2299 7591 8602 308 8213 1584 4502 3860 2085 1965 
32 425 5597 5298 2119 4812 6682 4625 4842 542 9901 5273 2495 9482 2225 3841 7645 3099 9551 7758 8404 4206 9906 5438 5697 9300 1581 7729 4866 1395 8538 9964 6865 
28 2502 1590 1430 84 5908 9118 4874 4859 4629 477 9737 2223 7064 2815 5696 5855 2804 9142 1738 7323 8632 5387 3121 8725 9937 6367 1764 5629 
16 3516 3709 14 7621 7287 2322 1397 4103 7148 4630 5454 3319 9560 2477 4954 6686 
24 852 2651 9718 5446 7431 8254 4929 6557 4868 4772 7715 2995 8714 897 1072 6204 8955 6337 98 1826 865 7150 8032 5079 
22 4390 5665 4460 6665 7007 8960 1266 4320 3003 3919 9164 1478 773 4104 642 3183 2674 6182 3335 2020 1537 4631 
26 4615 605 4647 9603 4728 8683 7699 7914 6982 3668 6551 6097 8482 9166 2071 5198 2006 5045 7288 2967 4991 3874 3545 1568 5574 4411 
36 6684 5352 1040 819 661 3065 1747 6395 9660 9626 4978 4788 7974 5464 6339 3025 3401 2828 6215 1753 8460 9263 9004 2211 1928 7017 4619 9887 975 9257 7103 1603 3160 5814 6277 4506 
25 1657 7113 2979 6641 1108 9559 6615 4649 952 2410 8063 4864 1529 7223 8371 6201 6666 2489 1176 7842 3353 2232 1434 3436 9033 
17 101 3490 7560 3072 1933 4818 7461 6922 1884 3387 2341 7587 7370 4107 5916 6143 6800 
25 4147 8516 4128 380 1333 1914 907 3621 3863 3910 8396 5936 1935 5212 6636 3712 5806 504 781 6879 9938 3620 3727 2253 2743 
36 6306 1093 9548 2989 7189 4995 9177 2970 2363 1758 8645 1413 4662 2907 1510 9552 868 7532 2873 2094 6008 906 1640 420 8103 8003 2661 7869 910 792 8423 9721 8859 56 6885 1808 
23 1113 1992 9097 2680 3733 7584 8509 2171 218 6605 6561 3479 7495 9645 2093 5487 5328 195 5841 6558 9871 7004 341 
30 1431 6725 9593 8745 7233 6607 6294 2766 6098 2809 8874 5185 7344 898 5656 483 6356 3136 8107 6326 5450 855 500 5445 5422 3443 1692 374 6317 4693 
13 3224 1480 4337 415 6269 9844 7444 8245 1350 240 7880 4447 2083 
39 5174 1085 5571 9447 6064 8713 204 7492 2374 4287 790 731 3975 3407 4081 3306 696 778 4661 8090 5987 2066 7066 730 7412 8760 6457 160 8972 1340 1740 485 4063 8531 3240 8164 9545 8909 4389 
32 8663 9624 55 8667 1155 7212 8114 4142 9806 6949 9279 4757 1974 2358 7510 886 3793 1242 902 2899 7260 8651 6088 9283 7366 92 1173 6113 5811 1122 4809 7694 
31 5572 3635 8120 2741 4204 5688 9618 3150 998 1283 4072 1710 4626 9851 7548 3587 1412 7667 5750 2241 7577 296 9430 7217 5499 3800 5154 6730 8352 8679 8008 
35 1999 9750 158 4386 3018 6353 8323 5175 9719 1700 1157 8573 5303 951 5439 1091 5259 9958 2690 1886 9163 3049 9210 5240 5258 6546 1080 7547 1641 3967 9131 1006 6469 7450 1203 
35 7659 1245 8849 4640 4493 4455 5004 2578 3382 1625 8562 1237 2183 7306 630 8015 9747 8577 9031 5087 2798 5108 7723 4035 8717 4130 2949 6089 1873 5312 677 3485 9870 561 1865 
20 1551 8776 6855 6170 3759 4753 1385 6158 7127 522 2523 69 2169 4267 1619 6235 227 779 8742 2581 
22 7561 6319 4218 2819 6358 8934 8526 1954 2444 6415 1345 8476 1217 5488 2664 4444 6924 3936 2607 5408 3818 3276 
14 350 6321 2237 7774 8656 7975 2397 3124 7354 6515 6422 8296 189 4565 
21 5518 7641 6694 4492 4152 8055 1293 4931 9868 7994 6116 1840 2645 6446 5899 6077 5521 4429 4871 2336 9448 
16 8704 6230 8046 3283 7122 6663 5218 6677 8207 973 8335 3402 9494 9328 384 3321 
21 5000 2005 8705 8813 1162 2463 3080 756 8996 4423 6681 7810 5244 9483 2309 68 5609 214 5330 818 114 
24 7391 4965 5417 4003 8402 484 8247 5217 9307 2300 6179 37 1294 828 5261 8658 9133 2870 421 4288 1696 709 6465 1864 
24 7337 9600 1252 2192 6971 200 5755 4280 9310 3268 2611 8253 5066 1535 5760 8696 2201 9592 9727 2046 2250 1243 8584 9927 
28 4089 6740 8083 9424 2475 4010 349 489 4839 5919 8566 5977 6499 1962 9536 5266 7579 1483 1621 5809 1848 8194 7286 5554 5938 8136 9427 5376 
35 3022 4666 8992 6086 7322 1485 2193 8271 2257 7454 3035 1698 9237 8588 7218 8799 8181 9344 2706 192 3201 4228 7905 7876 8093 4151 3279 5722 4418 6500 4167 5202 5122 3994 2015 
32 8722 8629 4148 251 3015 968 6475 7138 8933 7923 6511 5177 6719 2600 4950 5038 9384 9233 6776 7364 112 8089 795 1813 3059 8966 6871 7952 5172 5253 4360 6311 
18 3185 2491 1233 1381 2919 3233 8279 6078 2423 5130 3861 510 6710 5386 1460 7618 6130 8965 
19 3155 7003 615 7966 2826 5812 4575 8865 4930 9338 994 9614 2946 6253 2411 9403 7110 94 5447 
23 6348 6516 1159 5901 1193 9595 4158 8457 5970 2470 2576 7705 1505 5182 2602 1232 1714 5702 325 4550 3374 9472 6658 
31 9843 6582 1188 5884 7293 1464 2331 3191 161 2304 124 5462 4466 8206 4322 4525 6444 7361 4808 2745 7063 9587 2930 5985 4533 6749 292 4009 9696 5511 9067 
22 5239 3187 1715 9350 4554 3248 5654 7706 4231 1592 2141 4549 1393 3429 38 917 4343 683 5113 4977 1314 1000 
24 2954 6276 5424 4308 2265 1959 9662 4564 8316 233 4186 6937 2259 5608 3823 6302 9370 8613 3979 2996 1121 8850 5652 7545 
30 7000 6951 607 8179 9861 2860 6818 2549 9735 874 1224 9522 9271 8221 2775 3404 3665 7198 4805 6061 4076 5016 5630 2435 1171 9294 1044 9066 7822 4856 
17 8976 1817 2932 7132 3582 3464 4156 8320 2541 4342 1697 426 2829 8575 2562 371 8100 
31 183 1331 3837 2261 7969 3758 7176 66 5184 6604 2389 8657 8901 8932 3223 663 1276 9898 1349 9111 9408 8546 7115 5073 7324 4401 6858 2062 7770 1063 263 
21 6399 8975 4012 8946 3307 3096 625 364 7761 3698 6493 3651 2610 1514 3241 7598 3437 4270 8866 7726 89 
23 7310 5934 5717 7491 6 7934 8028 7987 2004 7229 2174 8010 5824 5060 2318 5398 9 9948 7335 8544 6403 8926 9985 
24 2368 5614 3904 5833 9372 5705 2854 1428 3746 2951 2985 6796 6361 3414 2761 6432 8746 6497 6784 3182 5309 1324 9306 2783 
13 9346 8622 7702 7948 6872 6562 4522 808 8141 4780 6939 3743 2838 
35 7691 8038 8828 8390 6431 9223 5158 5772 4226 4659 9193 5115 6211 2569 4067 5105 1687 5731 1852 126 7095 1261 665 8177 3916 5051 4724 2219 5854 2655 7051 3045 2746 1220 6177 
25 7568 8070 4135 3310 8099 3842 1114 5862 8137 3058 8407 4064 6869 2788 2513 6568 8045 529 5963 3029 6400 3786 9362 645 5396 
30 4449 1107 1035 1508 8126 8251 8886 3427 7457 8455 7838 3282 6523 3046 7541 3368 5401 3650 5233 1491 6379 7841 7982 3425 5585 4354 7646 6987 2136 9665 
23 2836 1327 8986 6012 532 6717 3965 7569 1363 9975 4686 5676 5801 4835 1888 9058 1265 9710 2575 7655 8378 3499 4261 
29 9230 2132 6995 4639 5984 4345 3054 9675 6394 378 1654 549 9053 3544 6769 8974 9602 3416 6764 2287 4721 552 8558 7165 471 1495 7072 1567 6262 
26 8235 7139 5829 8868 4435 5405 8180 649 5229 6560 4638 4094 8052 6295 5978 5946 6428 9773 5979 2526 844 8360 3948 2441 3683 6411 
27 8895 6988 3158 5128 3230 9573 1471 5289 2818 7928 9376 1136 7932 6029 7502 3258 8951 3047 5271 1382 3945 106 7191 4682 5220 1577 7433 
31 576 1866 1512 8924 8294 9970 3336 5784 4569 4199 8234 336 4939 6763 2830 9801 4635 5673 9926 3128 1719 444 11 462 8789 7039 6930 9996 9874 1859 7108 
35 867 4403 3723 1572 9005 9273 81 8812 728 3924 7825 2283 4762 452 8357 6617 570 5047 1436 7312 3894 4951 7302 3423 6701 5468 2712 7353 5428 8706 7514 591 6157 3070 1410 
19 2844 5127 2507 7196 1936 5890 2003 4858 2878 3825 9497 1632 9467 8165 6965 3971 1951 5751 2758 
32 211 9992 6735 3553 4612 3960 4986 347 9438 1435 3253 7590 1890 8707 4777 8358 2886 2570 8962 9285 866 5785 334 8269 404 9983 863 8084 7477 4198 1301 6443 
26 4405 8716 2532 8701 7653 3141 168 3170 4242 1973 1448 3954 8512 8737 9304 2076 130 1414 5579 1889 9234 9052 9456 2817 4338 9812 
24 4023 9702 5426 5481 7784 8061 8417 7214 3360 8263 2709 9007 9409 3532 4263 3448 6803 9790 5304 6350 2224 4315 3675 1068 
30 7399 3207 3456 3570 7411 4318 4597 9652 9822 806 9325 1793 958 3317 8144 5906 2616 4917 7083 5214 2001 8256 3105 9443 6490 3016 4126 4402 4804 7201 
24 7778 8448 6845 560 4600 9588 2629 5314 8794 7384 7298 7145 8282 6139 9638 4515 9916 6225 746 1026 7606 8374 5719 3696 
24 5155 6363 4255 8246 6408 6207 1525 4058 9290 1152 8945 1249 9749 4457 1183 7743 2010 1898 5042 2297 6780 7566 4955 9129 
31 8883 2693 698 3949 950 8432 289 424 3881 3281 8159 5949 8603 6959 6802 6635 9454 1556 4594 6675 9491 357 4300 903 3617 5019 6758 9174 2481 6625 4005 
31 6109 39 3828 5044 4744 2714 511 9030 3606 6126 3533 7252 8802 8628 4592 8999 5940 5119 9394 8712 2991 7915 1315 2739 2320 3914 8484 7070 8957 4627 2843 
27 6703 4144 9839 6526 3320 1969 5562 1271 8982 1987 5816 9529 8442 8547 3026 2731 3210 7245 7803 6783 8748 3799 1681 7525 6931 2781 6046 
23 3534 5084 545 5257 2522 3679 1799 8421 9073 6832 6209 4561 7792 8870 8514 3573 4006 3952 8508 5799 5633 8488 666 
18 3959 1064 8893 5318 4340 977 2292 2740 5024 6137 5373 1885 2751 7420 1635 4822 3093 4736 
24 5140 3294 4678 8492 1975 1624 8285 7374 5892 5474 3708 8436 6247 4498 8894 2077 3068 9554 6998 4518 3730 5270 9776 9019 
32 5550 6980 1227 1238 6108 9465 9639 1177 2406 6914 8779 7863 9276 7333 676 3261 6707 9213 22 9022 1960 4250 1760 7281 8703 2217 3290 5404 1741 1981 4428 7734 
31 8413 5103 4395 1496 9586 5536 5126 8302 3558 3643 8857 8327 6989 5569 7154 1871 6447 1419 4663 5058 1383 678 1511 7459 8157 1103 8961 2703 4269 5397 3747 
16 3438 6509 1628 9054 3868 1944 8333 7751 9549 3216 4966 3266 5332 3985 5496 4644 
30 6850 687 8065 4622 9714 7942 2802 7341 8078 8831 4399 3993 9340 351 2993 5451 6419 9786 4459 4071 6925 9363 5378 9945 7573 3896 7526 5035 148 3607 
22 583 6072 6296 7405 6049 8167 5694 2129 7806 2116 6041 8919 2462 1344 6862 7643 9756 2753 5399 3020 3446 4352 
22 4836 7075 9968 3710 1009 6476 4101 6093 8937 7172 5407 6344 6838 9681 2626 2555 2060 186 4851 7897 5193 8730 
26 2796 389 5207 5850 2862 1213 9015 8823 6864 9539 1849 7520 1597 2249 7633 3346 7981 5034 7859 187 2671 9039 4096 8502 7693 8758 
13 7031 3030 8264 6099 5139 1831 2700 9520 2464 2944 2081 6396 9186 
31 5953 2330 8048 742 2697 1644 5264 1083 6628 291 4935 4260 8519 1690 7239 7045 6436 3013 1857 8178 7977 2429 2100 3766 9745 326 4731 3195 2328 3133 3169 
23 4691 2439 8096 9055 1651 4298 1234 6164 4209 7224 1513 957 5543 9534 7054 3316 9620 6503 5287 2251 4699 7236 9121 
17 8959 6006 6416 5392 6792 4441 2510 9910 1564 3513 2890 8518 5101 5886 2490 6584 4927 
30 4881 5317 5616 4942 5793 5168 206 6034 5660 494 8529 9134 9502 3769 2218 279 1578 482 2443 2509 3280 9673 6734 3551 3450 2150 5131 3895 8723 3671 
33 8026 6548 5604 3337 8366 8224 743 9811 9009 259 3900 6779 6334 587 6355 3366 757 5029 6393 531 2416 3535 2895 1838 3983 6727 1910 3192 6844 4172 4362 5089 5714 
30 9501 7929 6868 8196 8451 7754 411 7546 487 6243 1050 9956 7106 8545 2483 4176 6877 6373 507 4739 9791 5588 2750 4328 3295 8550 2095 5672 9123 8988 
22 5441 2050 5469 3236 2901 7283 5014 3403 1575 3605 3354 4707 6774 2580 5335 6587 7102 6580 9671 2848 6401 2308 
14 6058 2088 7373 654 2857 8227 8806 2501 2861 3250 7964 7883 4140 1016 
19 2469 7153 1814 4162 7558 3252 9265 2668 4862 8219 8995 5905 2445 1870 294 4409 4121 1470 5792 
17 9377 9017 4947 8888 3802 5599 5641 3684 4975 3460 62 4153 1739 8301 2388 5354 2430 
27 1534 2110 4921 9359 3835 9270 7852 1906 7163 7455 4968 6025 3352 9228 6962 7321 3669 8007 8336 2233 9850 1583 5741 8989 3085 5552 1821 
17 4379 6972 2058 454 3624 8220 4834 8773 2595 4613 5277 5215 939 4304 6642 5838 7684 
19 6161 7182 3903 6894 8005 1371 2270 8469 9104 1476 8080 7340 7027 7877 7230 5219 2402 2717 2448 
35 8485 8991 7264 3889 5868 9880 6245 9037 321 5432 6798 4529 4596 6254 9568 358 4766 3811 117 423 5681 2506 8662 2231 9823 1911 1916 7870 5291 4007 6020 6878 104 2914 540 
30 1444 3338 2984 9929 4181 3041 7957 9311 3439 8580 5403 2956 954 9562 9905 8983 8161 1492 6405 2052 2329 4410 9691 635 5642 554 8844 8765 8186 6676 
30 2516 3735 5479 284 7816 5770 6322 4323 9387 7834 8299 267 2028 344 2350 1754 5433 6427 2426 2889 2414 721 6538 3106 7338 9734 176 4543 2720 6507 
26 8913 2589 3502 8612 8878 4117 7530 1101 8445 8731 3287 3222 9785 457 9766 4668 1708 762 1317 1684 9514 3930 5418 4750 102 1427 
24 6947 9952 3491 1789 2146 1456 1748 6565 1762 8964 3156 4732 7067 787 8652 7567 5180 8043 8922 2742 2559 1053 9729 5878 
29 5230 8732 6812 4934 5247 4306 4900 7100 4665 9999 4589 9834 6934 1131 8281 4713 2792 9576 4295 6486 260 6359 6162 5881 7029 7668 7724 3640 3820 
27 7436 5282 9686 516 8911 4982 3408 9649 8618 3662 6124 8515 590 2619 393 7802 880 574 809 3938 1310 5237 1732 9190 7837 8579 8303 
30 7791 7314 7318 3431 8655 2850 6907 843 5580 4730 5203 4024 4497 4817 4876 2274 9309 3909 9375 8362 8533 3702 6948 228 9179 9825 1429 4819 9168 9198 
18 2209 8998 3311 3487 7814 2852 5011 9380 285 8051 5828 3225 5369 1194 2208 7776 9658 8011 
18 3088 1489 2152 6829 7056 155 1380 3524 2433 6542 3304 4157 1137 801 6750 9086 6135 8596 
24 7193 8875 1020 4180 7343 5661 8483 6003 7248 2820 2567 109 9679 9920 3378 5427 8223 9249 6540 6040 8522 7111 9703 7745 
18 9754 5943 9063 4373 6197 8110 6799 5880 879 7301 5843 7687 2156 3832 128 3161 8930 7025 
23 3023 1129 9682 983 1422 5480 9725 42 9423 5076 3977 1532 2247 9339 3037 3707 7136 821 2424 7140 8470 5429 1900 
11 8599 3492 4011 9630 5930 2666 5430 3937 140 4165 1803 
30 4004 1236 6214 8124 2969 5467 3421 2142 1318 4539 9582 5358 4568 5610 3277 8660 3055 220 8473 7155 132 9807 7888 6673 5149 1043 3981 5063 1222 7582 
20 1007 4952 225 5981 9144 2752 1440 9437 5365 3171 1797 5991 4331 9165 2827 758 7735 1648 8309 8507 
19 5867 7882 3178 6935 2696 8304 8790 967 73 9435 935 8029 9555 21 2045 7038 3564 3417 2939 
18 3468 3788 7242 5179 4971 8150 9267 2597 3309 3839 6786 31 9715 7320 9069 8670 7395 6146 
29 7933 2533 8344 6985 6102 3801 6690 4869 4669 2524 9953 3014 793 5852 9541 375 8942 7639 3384 2579 5070 2070 9119 680 2498 1930 3688 348 2040 
21 5350 9148 1119 3552 3797 2547 2722 8511 4169 3329 3560 5826 105 4348 9947 9475 3373 1881 4161 8209 3051 
31 636 5639 5302 3091 634 2527 1726 6957 2027 3584 5189 2505 736 5893 7793 2137 4079 6653 466 8697 7215 3238 3172 6233 3067 1980 5856 7592 1633 4906 3632 
28 2306 8135 8239 5994 4853 2018 2834 6873 670 7615 3097 6249 1179 403 5356 4195 7161 1278 4768 1022 91 1078 7786 7397 659 7961 1862 8593 
26 5069 5864 9100 8278 3301 9736 5753 8014 7919 538 1843 6282 3327 3102 7938 6310 6370 526 4278 2897 4821 1182 925 338 9396 4417 
29 8792 3501 7205 6482 6672 427 6696 2814 8862 3428 9407 3787 9883 979 2488 5213 6054 9795 8265 5990 690 3538 9399 5143 1299 3356 2558 6219 9506 
32 7930 7918 3256 5211 4651 3611 3973 1742 1432 9706 8275 3174 6691 1141 751 7096 4179 9485 5945 1733 5871 4049 8944 3574 4642 1420 6820 1305 7254 5860 6332 4936 
20 7164 9070 7174 5575 4735 6055 1844 4814 7124 3289 4371 4756 922 1211 6178 4957 467 1133 177 5969 
24 8853 881 1680 6679 6329 6897 4945 9235 6120 5640 1663 656 5831 4749 9298 4537 5657 5137 7473 1891 2966 970 796 3736 
25 9044 3166 3219 3556 650 7484 4387 5319 3568 9468 4510 1392 3984 6791 3019 6963 4281 5307 5023 5310 1200 8724 5306 9292 406 
25 2642 7317 854 1934 2892 9028 4283 1323 5590 9661 8437 1894 1506 3184 2096 242 2636 60 237 4828 4559 1037 2377 7129 7603 
19 816 8891 5436 2112 5758 0 6323 1988 2687 3069 7062 180 331 123 5028 3314 5414 2980 8571 
24 7483 9532 9827 9788 3694 2214 6070 9775 167 3249 3237 3716 5412 1636 6155 8817 3267 7753 2044 752 20 1396 9818 7270 
30 311 4560 8543 8520 6767 7593 8158 8318 703 2540 9157 6708 9476 7208 9664 4983 3866 1777 4755 3745 2333 5135 1196 3871 862 7414 9590 9716 9808 4517 
27 581 1536 2662 2537 7712 2148 127 7451 578 2621 835 5547 9598 2398 1997 4790 1450 1384 9208 8491 9610 8921 8694 3678 3522 2312 7613 
29 7152 8147 8614 5100 4353 4358 2216 9615 8634 75 3296 9594 154 899 4115 8021 7538 5716 8182 2553 4710 9305 2455 255 5777 4078 7927 1675 9244 
29 8139 4580 2065 8784 4258 6023 2407 2075 3989 9583 8903 9697 4769 5707 7772 324 3459 7890 65 6140 4677 70 9998 4141 3969 3486 5728 9106 4894 
26 3972 7291 2787 5914 9674 352 3011 430 2485 27 921 4759 5765 4967 9360 1810 4346 2240 5026 4319 100 9753 1807 6268 5999 6021 
24 2255 3905 4722 9663 964 6564 2009 4571 6406 775 8365 9326 5209 4787 6300 4 6790 1208 9342 9081 121 4806 6944 2824 
25 2911 1539 4704 2512 2026 813 8058 5776 9845 7866 1653 8290 1515 1945 7612 5043 5395 5015 9049 2924 5678 1494 3087 1309 116 
28 1356 8067 1374 438 5020 6883 8105 6284 1788 6005 822 5484 3757 383 2248 2104 1484 7980 9206 281 7529 1560 147 1248 1768 96 974 4437 
21 9286 3134 6993 4175 1913 5344 3504 9251 6566 4956 182 6022 6194 2975 7077 8517 8887 6888 8929 7955 377 
16 8845 3715 6656 5391 9024 7809 7899 3092 6111 7673 6019 695 7625 4599 3580 3367 
21 4548 4465 7253 8047 1342 2652 4937 7953 3816 6175 7623 2864 5476 3405 4289 9227 1409 9538 4781 4585 5091 
23 67 1416 1160 3117 1645 6471 833 5460 4368 5482 5461 9386 6552 6807 6624 5459 327 7061 4083 9113 9695 4800 1264 
23 8389 4339 9451 6281 3806 7332 6331 5929 4118 6536 9591 7388 256 3285 4061 4715 5622 8406 6970 8398 1493 7782 3608 
20 8687 3629 9885 2382 2615 800 6505 5932 3853 5549 7207 3455 5532 3322 8633 4272 1306 8267 8229 306 
27 5294 9159 4230 9426 9917 6955 6147 7521 8125 3453 1023 606 2590 1446 5847 7126 5933 2362 7339 5698 3419 5735 646 8709 6890 3497 6741 
19 8059 1706 3227 8187 355 1970 5903 3203 86 166 8791 7203 7445 1573 2438 7380 1455 3672 9693 
31 2144 7924 3111 3836 5557 7626 5431 231 4114 277 2492 6920 9980 46 7661 3305 3599 2957 8062 759 9810 9789 6258 901 1825 4576 9643 8638 3157 5308 5107 
27 1779 6904 3659 2198 5223 3540 2653 7818 1876 7839 3038 6481 3592 9726 6978 2822 7642 1953 3228 8835 5129 4875 9641 4923 509 6713 3827 
26 9269 2735 6999 388 5546 2986 9145 4316 4747 9543 860 3081 671 2631 2262 7644 6252 9605 6579 7654 1210 6205 2452 5918 5989 4080 
23 6015 9760 3235 8418 3794 6506 7528 376 8169 6833 7305 7660 1039 2940 7392 5627 9200 6597 7506 8168 9847 1025 6336 
31 4516 3750 4778 2556 8561 8248 5837 6856 8387 8419 7315 9348 2632 2543 4330 3706 1290 4082 6473 8004 4210 5517 4771 7055 5703 2560 2195 330 9422 4607 7511 
20 5669 562 685 9449 2324 1346 8347 5102 1602 2243 6176 9523 7311 9800 3890 5742 5013 2371 7887 435 
32 165 6687 2496 2867 7860 8087 5693 6314 7429 4989 2421 9867 6578 765 4902 1601 2657 8863 4238 4292 254 2511 2846 8798 3107 5280 2230 4919 9668 481 4456 6752 
16 5471 6152 203 7494 9512 413 6553 6638 3062 4122 9752 5980 5410 3482 9385 7383 
10 6166 2007 1545 6037 2034 4557 4692 8405 1818 9824 
24 3773 3323 1660 6387 717 4632 4628 2933 6246 5632 5263 7419 258 9493 3933 5002 9332 6018 7531 6202 1800 3958 9728 6267 
37 1947 1780 2067 9371 4660 7309 2721 5085 1030 772 7422 6854 290 6602 2024 5957 9884 4616 3865 7052 3197 847 2588 1801 1372 9442 839 2694 9025 8735 1709 77 3569 4356 5160 8117 4652 
30 2534 1836 569 7268 9272 5178 6454 6301 9770 5336 3315 4223 7586 5402 6073 9654 674 7426 4925 5458 5050 6417 9266 8193 9995 4737 5082 6218 691 3597 
29 7733 8162 7372 6622 9239 5658 7771 6559 243 6485 8782 4412 8291 2395 7418 1634 711 3831 4102 7889 8225 4015 4701 1820 4895 3882 8315 7441 6091 
33 3496 9699 9751 5225 6325 525 6286 1056 2673 9431 346 4933 5109 1408 6142 8715 4060 3618 9521 8391 4860 4251 3596 2705 8858 988 6732 219 797 2073 2791 8970 6435 
28 1716 3864 1274 726 5206 9557 110 8699 748 4088 8380 7498 5169 4696 6777 9146 1316 9416 2315 2187 496 8132 5692 2185 2063 6410 1791 2736 
22 7503 9708 8240 6386 3656 1833 184 7943 3381 9966 5612 2068 9853 6633 6084 1069 6167 8906 4370 5789 8295 3288 
24 5762 524 1024 5664 7020 8902 679 1588 4547 3692 1287 3935 1955 8250 9077 8555 3044 3777 8497 2059 3968 8610 5473 1626 
28 2356 3809 4774 4257 825 7945 9275 7652 3509 6032 2484 2519 6986 8836 29 8081 8708 729 883 5329 4832 7156 5188 1445 9931 1059 7832 8824 
26 3269 2298 286 4367 2806 6543 8510 2111 4479 8800 4879 8210 4588 7472 7764 9064 6273 996 419 133 299 4870 9835 7357 3004 918 
28 9076 1387 6724 4884 8312 6994 4380 4658 518 9354 6851 3792 3040 2293 2596 8022 3531 1335 1904 8205 2162 2135 3893 8685 6229 5710 7440 5649 
28 7235 5377 3163 6365 8072 9893 4240 8664 7177 1858 4854 2465 2296 3961 9045 82 9242 1589 7999 846 9345 1893 7708 9694 617 1267 9941 7409 
26 4990 9636 9089 448 604 9961 2412 982 4708 1398 3260 5727 2019 8501 1389 2755 309 5691 2770 9606 5803 7386 3089 3714 9274 3413 
31 5370 3325 1666 8785 1209 252 9666 2916 1931 4556 4332 1296 4274 239 6270 139 1948 6468 621 5859 4359 699 5275 9023 8897 2807 7861 4111 4276 1219 1292 
30 1610 1163 7046 5764 1668 2768 4385 8695 3602 3109 7871 4215 3364 4922 1986 1718 8176 8827 2727 5090 437 5960 2041 7823 4558 4579 9282 8940 4086 3589 
22 4734 3755 5997 6729 4606 1146 1102 1358 2409 2023 9192 1766 253 2732 8 940 361 5337 9334 118 4530 1805 
32 367 2061 5420 610 6391 3457 8654 7375 7725 3641 5924 8548 2011 9856 8462 9892 9950 4188 1073 9330 2431 7273 4294 6347 8098 52 1115 3144 4132 4166 5117 7015 
23 1689 5008 2122 9479 8479 5917 4472 3199 7504 8018 2447 533 9169 3480 701 6853 7595 1752 9973 1130 5573 5092 1751 
13 7610 3071 3962 8967 7408 4070 2493 7795 8600 4514 4540 8781 238 
23 8332 17 5513 9535 3646 2113 440 1542 6122 5563 1366 145 6380 1036 3998 2042 4336 6222 1425 3867 8292 6619 4397 
14 668 7028 3898 8197 2384 5779 2667 7908 7275 4431 6123 8542 1373 9287 
24 5134 1421 9894 6227 6208 1206 7985 8521 9743 2191 193 7086 4200 320 9990 3196 534 7390 8400 433 8993 5927 7162 3824 
19 6911 1190 9840 3376 354 9057 1595 4513 3036 5796 6425 5281 7896 2564 8669 5706 8880 4235 2206 
22 2314 2343 5625 5807 9922 7741 9891 9676 5528 3472 5520 8820 6571 783 4992 4863 3086 9419 5025 6244 9226 6550 
16 4366 5971 1071 2550 9979 4474 1922 995 3418 1012 3819 9700 8569 2539 4976 2418 
18 1615 8121 9915 915 4249 245 4191 1829 2278 7875 4095 6489 5745 1135 6002 9553 8280 1149 
18 7686 7947 9644 2055 2517 6616 2772 3845 9659 2420 6759 5515 3738 8306 1034 6711 3991 1998 
28 2583 7713 4351 7857 4536 3852 1540 2958 5246 6887 7898 1184 122 1695 8355 944 955 6342 76 6609 8211 5942 2123 3537 6068 980 4667 6889 
26 7259 1940 205 1180 575 4689 3614 9759 8647 7831 5684 681 5345 1804 5183 1095 9114 4797 1678 223 2500 8416 4416 4729 9151 9457 
11 2290 3292 8885 8762 4987 1861 7290 1003 4105 4887 2099 
21 4953 313 7093 5895 7817 1195 4820 8692 3805 6961 7533 450 4826 755 9047 9389 3083 3209 2785 7549 4420 
28 1058 6066 4873 1691 1983 9820 9540 4291 3406 2847 5655 4092 9356 4470 4028 9949 4541 523 151 7463 366 9075 4910 2866 6847 8085 4609 3445 
34 6453 6462 8721 9909 7394 6118 8908 4801 1400 8963 6836 2999 8489 7576 7171 2997 9062 6103 7903 6257 9580 1650 9095 4190 2606 6789 3351 1895 7629 8783 1360 6848 2801 2282 
19 7692 3119 5763 2349 9784 8846 397 8373 5371 5774 1755 9627 686 4084 1439 953 8064 9918 1005 
25 4675 1111 723 6875 1215 6188 4325 2229 7068 3782 8140 8020 2335 5935 136 3577 7768 8597 8351 4229 4182 2563 3505 7442 5118 
18 40 1977 7069 19 9361 8156 3452 3633 1105 7424 4670 3666 1571 5106 4681 353 4807 4138 
31 3179 4335 8641 6429 1474 3441 4840 5383 5075 7749 9433 4791 119 3728 4654 2305 4236 885 9890 6611 7790 6512 407 4970 6761 2688 8826 7166 2994 9020 2528 
13 6736 7186 9713 4911 6831 3957 5800 8680 598 9221 3654 4124 8192 
24 9404 4052 9733 7402 9413 9986 6583 3349 7884 2380 453 3789 6183 4013 9260 1288 6438 4562 9829 4770 7757 6981 1976 4471 
27 2612 4355 1225 1869 1041 7178 2321 5501 8202 3481 7276 6825 300 870 4286 4159 6699 2234 6144 3477 2446 1221 8340 2685 3892 5249 2518 
28 8035 6936 7657 7487 2373 4620 1307 6313 579 3075 7234 6573 9301 1946 4454 1351 1767 4877 9369 5227 7135 2920 7076 9229 93 2955 6626 3434 
22 2182 4361 7575 2649 4784 5524 5290 3350 8138 5288 673 5286 1488 8847 6107 7540 5065 6494 6328 5535 3112 7274 
15 1794 2302 9489 5794 1060 3469 7559 2000 6195 3725 6960 5444 2601 2942 2117 
21 71 2887 5027 9499 1500 2453 1150 9079 9277 5161 5944 710 3682 1124 9130 9432 626 5030 2624 5527 5095 
8 1021 5056 8752 9245 5313 9865 7468 5254 
17 7742 5883 8513 9928 3389 3711 9994 1008 3262 7800 9783 2947 5514 9459 725 8626 9515 
22 1942 486 474 5343 6539 8842 702 8728 2837 7058 8466 831 9323 943 9185 530 8208 2568 6813 6318 544 9254 
19 6881 8606 3877 3056 9858 6236 6251 8456 6371 9838 7284 7040 7513 1438 9288 9050 2628 3907 3358 
20 8978 5190 288 1286 4247 6596 9550 2635 5775 4277 669 8037 9977 6652 1406 3052 1279 6354 3167 9864 
35 9084 456 4433 3699 7846 9819 9731 7682 113 463 2215 2157 1187 4570 9774 4349 3125 9393 3784 4398 1585 5567 3817 6407 6488 653 431 185 632 445 3110 8034 2622 6343 9381 
19 4090 9732 3791 2926 8769 4802 8145 5754 4664 3619 3591 7109 9034 9516 2161 6770 15 5276 4796 
30 4406 7630 784 35 5425 4880 7330 7978 1781 1097 1606 3872 4045 708 1524 3947 4170 2323 4641 8467 803 9701 2713 1566 5453 7474 5822 1077 7827 3974 
31 2625 7329 8019 9804 777 4563 3826 339 6014 3731 9410 5948 3815 1580 2160 3495 7920 4709 2472 4792 926 3476 3525 6731 276 3928 8617 1099 9125 785 7906 
19 4764 6397 613 7438 9612 7707 9289 959 9902 9678 8122 6693 7983 7289 8173 2029 2531 4284 1855 
27 9833 4700 1594 8468 287 2835 5576 5241 26 1994 8611 4357 9222 5986 6492 2457 4685 4469 8899 7683 157 2884 6316 6383 2945 3251 7840 
35 5734 4154 3655 771 8040 6943 4002 4484 2351 913 1538 1713 2608 5283 5074 7544 4489 720 9352 6715 9496 6346 8392 3339 662 3834 2851 12 9014 9796 7011 5805 1230 4452 3363 
11 3259 7534 5790 3084 6293 1378 4705 4829 6880 5077 4646 
23 9092 6382 2379 4363 8023 700 8764 9238 6241 3566 88 4001 7231 4196 7873 9027 6585 8851 6390 5500 6165 7300 5780 
30 7037 8297 4617 5505 1459 3186 283 4758 9962 1148 45 491 930 6674 36 5191 1562 5840 875 4993 3886 4882 892 7331 5170 5057 5360 987 2638 4120 
33 4746 7926 3887 3206 8481 1786 985 7456 9777 144 6220 2904 7157 2853 2964 4674 9717 6033 6007 5602 3943 9670 6599 175 2707 9875 417 7681 2497 6754 4595 1729 3202 
33 9429 4898 1721 7970 178 4168 1258 7748 5638 2279 5643 8170 5783 3130 1851 4890 8759 57 4738 2572 261 8216 2043 8754 2598 2125 3245 8927 2210 5701 3189 5921 4938 
19 8191 884 3923 9619 8677 1433 2346 6683 8276 890 2078 8388 6721 8440 4413 6076 9074 2417 1240 
22 3300 3149 7916 6287 6455 3970 8143 5732 9135 1882 1192 6909 1498 8131 7197 3390 6105 9984 2921 3932 9570 8350 
31 3685 895 6650 5950 9158 8935 9963 3006 2961 372 1759 7446 2036 222 3595 1541 4480 7637 6389 5006 64 6882 5125 5846 1355 9564 8541 9625 6976 3108 7679 
26 7250 8364 6217 5594 2436 5623 5123 7850 6921 8463 9043 3135 3397 5007 7939 815 8337 5491 1673 7614 9417 9740 6366 6451 9511 603 
32 8570 3198 412 4029 4365 6470 3053 2164 3775 7350 7316 1841 2702 3571 9219 6600 1896 9758 5251 4524 4055 7269 9061 3520 3603 9013 4725 4225 3039 9690 1497 7467 
27 6338 6520 7736 2082 8994 3717 2614 8434 9817 9382 6092 8607 6751 7701 6426 6531 4889 1993 6884 9343 3530 5086 3873 991 6778 5586 8751 
24 5067 629 1750 7972 9611 7949 194 9268 4093 7159 478 4377 887 4109 9116 7393 1441 405 3673 675 3463 4680 8025 7722 
23 9461 5359 8464 4527 7747 2400 4567 3043 3494 3689 8843 1062 8243 2704 2670 8410 8370 4314 8898 8073 7014 1557 5983 
28 2494 3527 264 9967 6822 9312 34 4711 6555 9088 4582 3506 443 386 1298 6893 8534 3804 6926 7175 5245 5268 7173 469 3386 5939 7142 5736 
18 3901 4303 4113 4924 8339 8525 2269 4065 7325 4883 8532 4391 8429 1796 4578 6418 7327 5435 
25 2546 4475 4468 5626 6692 6069 8539 4846 8257 7493 4528 9065 1941 9243 2585 3153 627 4327 4341 4008 5832 567 941 8012 6180 
16 9924 7960 2143 3176 5674 4673 5650 9358 7773 550 4487 8689 4544 7255 9315 1178 
36 7261 6830 7368 8981 409 9510 7285 6857 3511 9809 5747 1769 6678 2841 4034 4684 2092 7562 9830 4913 4051 990 460 6975 3939 9680 1837 8923 5620 5996 7785 5305 6748 3239 4462 7580 
34 1174 8821 6128 6385 3488 946 461 3177 2013 4830 197 3897 6304 2127 8678 5187 2311 7016 3912 2586 2776 7049 2310 5456 1308 9513 5262 8920 4057 9852 4350 1569 9942 365 
34 4208 2769 8031 7033 7396 9220 3388 8524 2943 3126 2332 9492 1032 7858 3663 1465 840 3312 7342 1046 2188 4598 465 7074 4290 829 4690 2089 6266 667 8171 4504 5746 8433 
26 5925 9763 4131 3742 4486 9878 95 5165 7677 4344 3271 6352 8372 7602 7220 3512 1472 2391 5419 1782 7185 1702 4920 4601 3680 4477 
15 9124 1623 8625 7458 5234 744 6340 7088 1468 3145 1319 2014 2295 551 4171 
23 776 2173 7675 9547 3822 3720 4233 8624 8892 3713 7112 8766 2396 3168 6279 5761 5768 6038 3927 5364 1613 3768 7581 
24 5052 3430 6662 7787 4150 2086 9596 1302 6309 9739 6151 1736 585 2599 1963 623 7885 7362 342 8560 4999 7232 3498 1856 
9 1399 5104 7073 1354 3613 1255 1147 7950 8563 
33 9295 6620 7421 5348 5820 3555 3686 5448 6409 221 8702 9406 5589 1971 2466 9316 6810 5046 1647 5315 4748 8642 1770 8214 4108 7047 7965 4033 2799 5443 2708 8149 5171 
29 2291 2184 5618 2863 9712 6480 5393 2833 4282 5022 4116 521 1802 7213 7796 1140 8175 3344 2927 832 16 7265 24 8368 8341 9473 335 5374 6117 
27 5839 9072 6595 396 1359 9642 2908 8317 8747 3343 8054 8262 3399 6381 572 4110 7865 4495 5153 1672 5080 7738 4036 2773 9083 6744 1576 
19 265 2486 9954 9667 6404 4085 3079 7478 7959 1454 7925 2106 8376 298 9940 8650 4706 4219 2779 
19 2376 6184 3154 6495 9571 2711 9748 5646 7188 6129 8384 8700 368 398 4980 7022 9533 1321 4726 
34 3060 9160 3286 5133 1365 2408 4624 3152 6464 3454 9211 9765 8589 3778 2064 7690 3885 5269 278 5162 2565 4634 5005 9196 8409 2900 7423 4816 4633 9946 4535 1154 1854 682 
19 7651 8077 6680 3883 4442 1878 3114 5556 4656 5349 1617 8228 1013 978 5795 4248 2641 9698 506 
29 6631 8024 7912 5072 9814 9787 8808 9463 4032 8403 8648 2902 3278 2474 3664 4297 7304 3856 9955 4285 3129 6174 6918 8311 7465 59 1717 7469 3578 
28 2325 8452 2561 6762 7815 962 2545 6593 6549 9184 5495 5320 5596 7710 6649 5613 2213 3740 6613 8956 8185 6598 8314 5797 5773 13 3116 1609 
24 3077 7904 3539 3146 3521 5966 9154 5744 9841 6728 3017 3843 573 6700 9181 937 3467 5611 789 3697 3572 1667 3565 8049 
22 3507 508 7387 7345 8172 4333 8676 3377 9127 8643 7377 3917 7909 2906 4752 5539 514 4133 1304 6437 8475 3194 
19 3931 262 9444 8230 54 6517 4224 9059 479 7134 4892 5208 5167 4311 889 4293 7698 3032 9212 
33 6141 4214 5342 6145 6902 714 5301 1875 3435 4761 9846 9974 4590 5228 7404 3510 8499 5583 9117 3361 8163 1028 774 9567 6119 2681 6096 3600 5577 1055 5497 9297 3002 
34 6324 3926 271 8767 3213 2381 3007 3394 1892 7019 638 733 8971 9640 1260 8241 1662 6977 6608 6327 439 8774 5009 1901 4566 1109 4125 5389 6992 7326 6556 8768 823 6768 
35 1530 5250 2155 6514 3631 5503 1199 5355 3657 188 9333 1352 5032 87 3243 5651 9331 8118 7048 2757 961 9566 141 2968 9704 3375 1291 7035 4545 3987 3098 8775 1017 2988 7597 
26 9647 5141 1599 1057 1477 657 798 470 4848 6723 1001 5844 6240 1957 1054 5231 9524 4216 2327 4463 8910 571 2487 4531 7435 8071 
25 7762 8753 694 9162 1379 488 2390 882 594 853 428 641 6623 7564 6010 3781 5366 9051 8744 1128 3561 6528 3850 6781 1018 
32 9981 3475 1123 9519 1390 2856 1883 3737 7620 8439 6601 1462 6232 5644 4421 2684 611 3963 6042 6374 5565 2659 9175 2952 5823 1479 4979 8260 4621 5718 4302 2033 
29 9831 580 4450 7711 9090 5274 1407 2366 5379 7202 4149 2747 1734 8661 2303 1142 3415 111 4676 7855 8386 8627 4213 3370 7794 948 8146 6423 1967 
22 1228 3050 9601 8000 3840 7589 9281 7993 7090 814 1790 1950 3921 2786 2108 1256 6234 120 7131 9040 5568 7990 
33 1074 8430 8204 6223 4244 202 5502 5952 7737 3847 1364 7406 2235 6606 9779 8453 4719 6788 9173 7449 2647 2339 4584 9087 8183 2369 8574 4381 2482 6956 2392 5210 5415 
20 9180 5756 8734 1845 7295 9907 1048 1153 3615 750 9252 8581 9278 1547 9832 7432 5216 8639 1386 9855 
27 3221 5679 1989 5904 1226 5581 7447 9896 1297 9046 9889 8348 9537 873 8856 9374 7967 5222 9207 3132 2154 7026 827 480 8896 2456 6186 
29 3334 7319 5470 7296 5083 9821 2875 5293 6036 6651 1328 3660 4375 1126 4779 3627 1475 8941 1229 4384 965 4376 9322 9857 5636 172 3628 8549 8133 
29 7634 8108 7365 9685 4432 3849 2258 763 6646 8222 2620 3879 6917 3342 9367 495 7895 2126 3814 4039 4077 8174 1966 1972 3813 5522 8814 5061 5659 
29 9197 174 1686 7471 8066 6289 4324 9683 658 8711 4193 2401 9631 9317 5798 8450 8287 6592 7499 1010 9401 2542 9383 6916 4383 4129 6017 1868 6866 
22 768 684 8477 6487 5455 8106 1655 8553 1338 2941 6634 5842 30 1257 608 2872 1167 2686 1984 4201 4227 1570 
26 8682 7097 8017 3942 633 3100 8079 620 2037 6643 8931 7879 5146 28 7986 597 7479 5406 5147 769 9607 5791 934 2432 1828 9418 
29 3762 6362 5325 400 9253 323 706 3995 1665 1251 2898 553 1746 8838 8259 8044 7636 7425 7901 1784 8952 546 2139 8583 9412 5591 7099 7843 7024 
26 5295 179 10 7133 908 9993 8907 8568 7868 9882 7221 7886 3741 9187 90 7507 2823 3922 7381 5489 4018 9757 664 5267 9470 7453 
36 760 3330 7956 1629 1593 8900 6933 6773 3575 4928 7238 4134 1189 3918 7968 6228 4407 2294 8591 3244 3734 1202 9866 6510 2973 8855 8069 1268 5380 5195 1084 2271 2175 7118 9677 2903 
21 7808 722 2695 9232 6305 5434 7042 8127 6351 3649 5121 6439 9558 7057 4899 9544 4467 9149 3273 8750 8788 
28 1795 2288 8266 8050 6420 1117 2948 4526 7282 4650 9792 4400 7120 2630 6901 4266 1404 1156 9450 4743 1735 1031 1783 4893 8033 8818 1598 4521 
28 5730 1087 2959 4146 2476 8948 4068 4207 5709 7012 3586 8630 9364 8377 7509 6990 1926 8523 1151 2245 993 8422 9517 5686 929 232 2912 8097 
16 6291 8809 7599 5628 345 5506 4637 8727 4050 3812 1656 6043 2200 3474 3612 7862 
17 48 3297 6545 8431 9585 3229 7328 8810 7346 7819 1874 2168 4256 9264 7470 7537 807 
