32 3212 3171 1044 7014 5744 160 3909 9431 2554 2923 9705 1539 3770 9832 392 6779 3327 6121 3020 3026 3471 2998 422 4971 6497 7758 9126 4294 5709 3539 7384 5907 
35 2981 5760 9292 6263 4480 4105 2461 1320 644 4567 1175 4429 5474 1771 6827 2478 2122 1226 8933 2206 330 1036 9272 9619 3314 6746 8274 2869 6285 2051 8079 9065 1164 3321 5427 
31 8215 1898 3639 8641 4248 3045 4470 4476 8016 94 1321 2861 1649 2314 785 9226 144 6226 9895 9448 3005 6319 870 5136 6848 1385 5985 3273 8069 2611 7987 
35 866 1743 8580 3028 4359 9047 2948 3958 6545 6633 9357 2797 5247 7154 5822 8160 9275 8908 7380 6104 9574 763 2740 8962 4797 8168 1500 1587 8316 9732 849 50 3392 6093 3642 
31 2479 3740 5551 1596 6625 1557 8256 5512 5155 5830 6241 300 1210 7420 5703 5751 1408 2887 1600 5808 5844 2159 8010 4431 3338 7170 9510 5480 543 841 9743 
29 5212 283 6658 6216 8480 5476 6709 8643 4423 3889 5396 1125 3420 9850 9274 7879 2183 2235 2229 7773 5241 6028 6195 6209 9790 2734 7285 4511 9833 
30 7721 3237 5315 9774 6260 513 6924 6487 1202 9737 3234 505 9870 7133 6380 453 8865 1218 5386 362 7021 7057 1239 6672 1110 3772 3704 8263 6009 4245 
32 8691 6038 8934 120 6346 2839 9135 3483 2263 2074 7831 2698 8261 1432 8644 4003 9632 8951 7942 4466 617 8889 1420 222 6166 8594 38 648 831 8088 1531 1484 
26 4493 6435 6754 4130 2109 1465 4789 8346 292 2388 3006 7562 3528 7604 775 1128 9379 3537 318 8668 7517 4391 6597 4347 602 5424 
27 243 5359 534 6747 9082 1585 9375 1525 984 4710 5732 3707 8388 1858 7446 8651 2299 5438 5660 4302 7844 9590 1512 2054 9569 2964 1544 
26 5343 9177 3102 1098 7580 3423 8497 8500 5320 9295 1046 1513 274 6922 2196 8835 5861 9791 2466 498 8914 7824 7529 9857 8930 779 
28 1537 4503 5786 157 2034 5722 1638 5036 4924 7495 9708 1277 1669 2480 7621 6357 9645 6164 1569 5260 1536 8776 4494 5836 912 3834 9689 868 
31 7924 6132 6033 2686 9826 7699 8717 6106 7469 4121 2451 2718 3151 1672 8575 1319 2144 8713 6118 3355 2929 2237 4175 7299 9991 154 4129 2042 1601 5291 9132 
25 3705 1442 9117 951 1738 7790 447 3948 9000 7541 3655 971 9299 7997 3734 8317 5616 7770 1313 2056 5321 5098 9330 2545 542 
25 8030 6471 821 45 4628 2706 5172 3034 9095 3097 4695 3984 3063 357 5307 822 7135 6313 7349 2910 2820 1904 6674 2282 9761 
26 793 1012 6304 3546 6903 2096 6246 6199 2060 1563 965 258 3978 9943 4345 2403 8564 9978 4681 1701 8131 7657 5734 6301 1527 5048 
27 1887 3897 17 4820 8989 5598 6115 7156 1185 2670 737 4854 4591 9100 4115 1671 776 9888 7900 8883 6705 3526 5813 713 518 7933 1121 
28 8578 6678 4194 9035 5244 6733 4931 1479 6963 9346 3149 2407 6327 6693 8656 9033 2460 5382 3714 3166 5400 31 662 6634 2773 2045 8348 2517 
28 2221 7776 1750 7486 1116 4572 4785 7588 8679 4353 5573 3225 8967 1351 3214 7843 5421 8750 6171 8961 3751 8789 1248 208 6339 7771 633 8424 
30 9333 9707 2198 7611 369 9847 8949 1620 1451 1688 5708 1198 2945 3854 1872 2106 4312 9599 9345 8298 7914 8002 6431 162 7889 221 4443 9384 8345 7873 
27 6098 7036 5791 9998 7701 4125 3249 954 8295 8063 4365 2967 6042 7179 2151 3809 6862 9731 5228 9786 2359 9460 6955 2338 1940 4761 7111 
27 6453 9229 1233 5619 2455 4759 7726 4664 5490 2889 630 8019 3243 4929 2446 7149 4183 6275 869 8349 6041 3203 6298 2473 1367 3192 1832 
25 2210 4697 8647 2197 9808 6296 3260 9194 6893 514 7072 1822 8687 7116 166 1891 6145 864 6850 4348 7910 8502 4239 1076 4679 
28 9745 4890 5089 7940 5171 5513 3784 6039 5101 1955 509 8133 3281 3506 696 728 7481 9241 8913 7090 7277 4205 5613 1251 1692 9023 8559 6995 
26 2882 4278 8688 4832 9939 3064 1283 9068 4957 4884 140 8555 8363 7479 1474 1038 4582 5375 3778 8652 9854 3000 5690 5842 1934 441 
26 8696 9696 1344 8720 584 6751 2665 1035 5750 3994 3758 6712 8356 9885 6201 3880 1242 6649 358 9953 3247 7970 9263 8686 9437 6006 
28 471 3568 4113 8229 5754 7129 9751 6603 9908 1265 7788 6987 8411 613 1510 2345 1183 5208 9136 15 8374 6659 424 468 6134 7638 256 3898 
30 4814 4605 6525 7106 3334 8531 6084 2629 2963 7505 590 2883 9675 8931 4163 6521 5582 2458 1930 6286 9223 7334 2468 8070 3881 4912 5945 560 1543 8639 
29 3970 6110 9026 2826 5798 4281 9533 7847 4933 949 8191 1597 6384 4714 7374 1970 2546 8479 2302 4921 3478 1733 2001 5608 1561 1646 2831 7400 4352 
28 3651 5099 1067 2035 9498 5471 6348 4573 1289 9598 1189 3861 4240 5141 2630 2857 5862 7167 7288 887 4460 8634 8125 7822 1271 3998 1556 6630 
26 1159 9233 8275 3409 8734 8841 5736 1019 4316 6336 5897 9935 5672 1441 8911 2335 2715 642 6254 8299 64 9556 4579 8540 7434 7772 
24 9408 3706 7094 3197 2656 3070 7110 5942 2025 8636 2313 3681 1310 1584 6031 3210 5908 990 5970 6980 8629 5150 2830 3345 
32 285 3835 5705 4812 9794 2846 3467 2500 5640 4801 8440 1896 7062 1551 4851 3476 9586 8145 7456 797 2784 981 8216 4478 8847 9152 9320 4651 9442 3588 1272 1348 
30 3436 6526 668 3001 9580 4287 6476 791 8180 5398 1592 7497 9155 5157 7954 4014 6005 2934 7583 6017 635 1014 2767 6444 8419 5653 7911 3780 8572 4484 
28 3511 9823 756 8301 52 6912 7275 2318 8355 1845 619 4771 6749 946 2325 3612 867 1974 3540 2162 950 7035 6596 4923 7082 8775 7012 8396 
30 2065 8273 9988 6653 5514 3226 8525 6996 3836 4709 1589 8673 2231 4122 3232 3336 838 145 5053 2493 8058 9993 7291 6535 1377 2914 5738 8287 4000 5117 
29 565 5867 5567 2732 5911 7310 2599 1564 9973 9807 6940 2661 470 2699 1610 4057 6477 7240 9800 1424 3415 1825 980 1520 7337 4827 5113 4654 1002 
26 2984 7065 278 2650 5674 5323 8970 6683 722 1129 366 455 4055 7139 2277 8635 3294 3695 5714 2026 1243 4888 2064 2541 8799 3313 
25 469 7359 8476 8004 4632 2720 7739 978 770 743 218 1211 3661 9583 5793 2327 9283 8300 5698 533 4773 3857 474 8585 8654 
28 1330 7387 4261 2075 1230 1066 2147 7809 6657 1623 4207 6648 5900 4394 3053 6654 1812 1676 5470 3352 7494 9746 6990 5851 5992 5355 1781 4635 
26 1250 9397 3354 3713 8678 6530 7279 6489 2160 3974 5403 4186 5040 548 6210 1949 7642 4838 5509 2770 8381 5354 8297 6335 5433 7584 
28 5439 1262 3348 4570 6142 4833 2158 6143 2256 8027 8567 1873 9084 2267 7182 8511 2019 9544 3676 3117 2637 8690 2738 4011 8163 3878 2397 6825 
34 4249 5758 4756 8461 2377 9506 7576 7342 2524 4043 4330 8873 6048 6728 8338 5005 1111 8200 3125 1419 2393 5272 765 2531 6608 9356 6052 405 4576 938 8362 5489 4659 2264 
27 6765 8413 9219 7539 7782 3621 9687 891 1675 7322 2504 9359 1542 6423 1710 6852 537 2508 9494 271 3729 6014 7555 601 4308 6307 7673 
32 4972 567 1214 1809 6441 8645 1573 9018 6147 9290 5218 3051 6252 1644 7814 8583 906 5281 9452 3293 3829 9903 6486 2223 6895 6531 2439 3356 1284 3418 9232 4315 
25 7143 6338 3870 4401 6864 9149 2108 8918 6490 9894 8415 2942 7321 6992 7639 1993 4565 9968 5978 2687 3634 5258 1665 9293 5534 
31 4214 9513 4416 3783 1454 9475 87 9958 3329 4615 1533 8397 9637 6124 9308 348 6804 5870 4787 3952 9328 8611 2275 5656 3656 7409 6276 7635 6822 331 9980 
26 3153 6213 9830 8159 5084 6690 5642 3777 5052 7624 6966 8134 715 585 5234 3133 529 3472 6491 7760 475 5261 2525 7431 5207 5049 
28 5631 2783 170 2185 1096 917 9674 7595 573 8341 1439 118 1690 9238 8474 2609 2259 2154 5435 3918 6021 2815 2249 9770 1828 2771 846 9651 
23 5479 8225 6312 6646 5463 5292 780 8219 7466 1434 517 7440 210 3573 9725 1655 1460 1381 6253 5860 2176 9443 7542 
27 6686 6727 1799 6465 2624 7995 4081 6484 7148 7845 7516 8025 5893 8928 8014 5164 3424 7413 2649 3174 7187 5006 2059 7315 6655 5451 5486 
29 1450 9071 2576 2472 5365 9409 9446 1963 3009 9470 9628 6242 3753 9553 3992 6691 4179 8043 2171 3343 9814 8986 7472 8545 8236 1291 2499 5066 3788 
28 664 1445 4327 4095 3376 5250 9195 2481 2211 5832 994 5800 7795 9402 9804 7295 6616 7928 7511 8822 4170 2255 9960 5266 1151 1973 2522 12 
28 7443 3663 5753 1911 4783 683 1910 9530 4114 9128 7144 7323 8332 9006 8028 2590 3584 7764 2589 374 6259 1045 6529 7501 1200 1816 7512 919 
33 4065 6428 4748 2343 819 9044 6062 6091 1532 8745 3748 5958 3242 7990 8495 4280 9951 8178 8147 892 9138 5306 7196 4500 4900 2463 894 3295 3976 1090 7668 935 63 
29 2886 2796 500 6568 1580 1003 1530 6885 8943 7502 4533 4960 1464 4086 1554 2360 133 9391 6462 9714 5790 9191 5506 2101 7134 8783 5891 6831 9502 
24 3267 9218 205 6784 2334 4210 748 269 6066 1318 1308 5184 9834 6721 4231 8393 6036 5823 809 6068 8427 7991 5225 4549 
34 1085 3727 4076 9884 1684 3023 3649 2258 9843 5555 8197 7549 7414 5614 2726 880 8492 9560 9066 2528 4501 9153 5431 8170 6188 6340 2843 3802 5926 1305 9208 7710 5091 5883 
26 6367 3674 347 2648 2047 2741 974 4806 9817 2708 6997 3310 1334 8577 7851 1747 4556 4153 4625 6609 8676 8669 4039 9270 6401 5540 
24 488 1300 569 9297 5440 1221 2497 5080 6968 6439 4255 2498 6473 8596 6392 8553 8123 3458 8467 2562 8554 3868 4793 8754 
26 7931 3738 2581 4083 8973 1680 8277 7891 7659 5590 8194 9417 4017 8484 4232 8788 8872 1362 1805 5024 9182 8766 152 5706 5000 6886 
26 5571 6764 6387 508 3277 5487 6776 1079 2340 6221 7727 6277 5636 6419 8574 2187 1734 2537 8457 1967 5138 612 3278 1383 3822 2636 
25 6826 1661 6928 1103 4479 4720 1359 1658 9256 346 9634 672 8906 2824 85 4426 8109 3491 8895 5946 2178 5300 1138 6939 5038 
31 6026 7718 7945 8919 9812 7768 861 7188 3188 5498 1070 795 7567 4894 1706 7191 1795 4119 3116 3766 3608 335 4156 1139 5859 5331 2961 9611 5826 2339 8483 
30 636 4558 4656 4536 1778 2252 657 8307 5977 6806 342 872 1932 8619 7086 1459 2475 3814 2411 4326 2745 681 4705 4813 2285 1245 1547 8233 5809 953 
30 1917 1201 1804 4815 9523 6902 81 8819 413 8792 6297 8622 1338 876 1062 5139 1195 3800 7819 8385 2238 5235 4928 1309 3124 1869 8870 214 1565 2383 
26 9548 9062 1322 4481 5079 8112 626 8781 9119 896 3590 4992 3407 941 9024 5777 8838 4206 2653 660 1207 5520 2675 528 458 1417 
28 3046 5071 2190 736 4104 1180 8472 7663 5461 4259 8653 3827 4146 2222 8675 741 7581 3449 9090 4599 7398 9348 2412 6481 8576 3454 8632 4677 
29 5727 4728 4757 9976 5603 8478 2248 5073 9631 8320 1535 9635 7561 9967 729 897 7356 5600 3109 7224 8565 2622 835 3276 1463 4132 5944 2854 9372 
31 6773 2260 8797 117 3111 6873 7477 8612 9377 3229 5090 7025 5681 2943 2490 4162 4944 4061 7907 2148 67 1033 1907 8592 7981 7825 1871 2793 9799 9577 7523 
29 2 4356 8150 2841 4414 2050 3871 4026 8682 9105 5210 7957 3134 8459 7808 9463 7972 5295 8520 9383 62 1732 6604 3553 1851 7832 9096 4680 3594 
27 2795 1469 7850 7903 1579 3819 2539 9016 972 2904 5987 5953 2733 8248 8057 9573 526 2847 574 2212 7651 4282 187 2628 3161 637 2664 
27 2242 5629 9813 9890 5806 7878 8458 920 9940 719 7836 4304 4362 4909 5699 7115 4062 983 641 2896 93 9723 3306 2785 35 462 5481 
28 6174 6181 8810 5531 4994 6256 439 1729 7402 6281 4087 5951 5192 20 75 7169 1735 5168 6206 9478 8093 2454 3985 268 1146 6480 6282 4682 
28 6865 2382 6274 6515 2944 4404 6542 8829 3152 549 9995 2387 6 3515 5058 7301 3492 952 5502 4634 7451 8094 1794 4477 6914 4633 9228 5273 
29 4777 3891 8076 9653 2396 2410 6585 545 5275 1612 5650 2952 1173 2538 1997 5780 852 8247 7304 163 7052 8551 3224 1158 8343 7388 5017 7358 7929 
28 9781 7669 3456 9103 1127 2895 7038 7792 2041 2090 803 6944 3982 1766 4230 4343 1742 1171 5611 4540 9994 8055 9425 2136 1652 2607 7586 8604 
33 6043 4780 5025 9304 8710 4392 3364 9756 1698 9147 7287 3141 7245 2762 6695 14 1541 6601 1188 5869 7909 9676 4655 2172 9220 6759 9657 1192 4069 7762 3561 7464 9710 
29 6894 9658 686 9775 6517 1122 8062 1594 2450 7734 1071 730 3363 1421 3205 5103 6815 3095 7537 3564 1874 171 2615 1296 8138 6540 2568 387 1298 
31 16 9370 7877 5947 3971 1899 3890 4300 2195 2011 4015 4417 7578 2594 8041 4998 3732 8091 8683 3261 1966 2618 922 4464 7150 4917 8008 3757 7787 5818 977 
25 814 7319 9899 7055 4313 7839 2907 251 9007 8708 9072 4508 8543 4360 9366 4781 8969 8115 638 5745 6146 5193 9111 5766 5633 
28 5972 49 9543 9140 6412 5602 9535 7751 2680 2428 3433 1716 5702 5363 2612 5167 8855 7535 9552 727 9892 9336 9415 3377 5707 3530 2660 9277 
24 768 832 2355 9922 4568 7623 6640 739 4844 3367 2756 5233 1835 1478 7573 9224 4711 4547 2344 1023 3372 7059 7081 3107 
27 3405 9081 6662 945 4075 8169 721 3598 5131 2543 3462 8245 547 5618 4092 1005 3866 6113 4581 9618 249 2840 2977 2322 6322 3385 5940 
27 6395 6652 4723 1453 2385 9604 8842 6097 570 4985 1714 1327 10 9036 9057 9920 3531 5662 3067 6345 562 1840 7415 6889 2088 7805 4534 
26 6556 106 5816 7607 4346 5689 9462 4878 6620 9562 5350 7716 294 6057 9424 1960 239 280 7436 6176 1094 6520 6702 9655 3859 3873 
26 2280 3468 5179 305 8968 2502 1667 6846 8336 991 2266 2495 5047 5743 5444 414 1694 8105 671 4238 434 5965 4685 4589 9265 5998 
28 261 5835 4776 6388 5054 5214 4499 3808 6959 8279 1608 1102 9744 5954 1369 7849 6399 2781 6406 2679 9477 1712 8778 1965 9508 7157 847 4396 
27 7219 39 9910 2930 3709 7796 6981 3624 8598 1827 7327 6472 9932 970 5989 4340 3658 1174 1943 9116 8705 3304 4993 1256 7894 3793 4747 
29 5871 9633 6611 3493 8599 427 8798 1797 1713 7199 7047 1836 2070 8210 5352 1987 344 628 2802 2230 1864 6621 5362 1727 8259 3481 6353 1108 4963 
33 6593 477 1303 5937 6644 1788 9489 9163 5543 1316 7923 279 6586 6137 7733 9281 9671 2855 4422 4021 6581 5332 2884 180 2950 1923 4560 678 1443 5659 2319 6961 5454 
29 6651 8926 4283 2363 8674 7872 8353 4735 8128 7386 2956 690 4366 3597 2838 9992 2301 9060 5759 6518 6532 1029 8018 3113 4406 4102 1999 499 6647 
30 3042 2022 9620 4718 4101 9405 5716 5205 2115 7926 591 8623 7267 3683 1415 1921 4270 5886 4852 1699 8875 3011 7856 7408 8141 9076 1399 385 2163 5460 
29 9551 7468 3181 3091 9329 382 9797 4323 9879 3406 5864 112 9196 7837 4517 1406 7183 56 8997 1846 3172 4640 556 2928 6385 5909 5584 9296 6167 
33 7260 8264 3082 6699 7228 4618 3750 8061 5625 1483 8557 7340 4228 6713 8354 4617 1683 1663 5161 7590 6993 2584 3419 4914 3545 5501 5925 8001 7862 6087 5308 2744 960 
34 2536 516 7368 4453 8201 9986 264 9911 2899 2116 7 9926 5991 4950 4339 6656 8193 2577 6470 1491 993 5160 6908 999 4382 5129 286 5222 2477 8003 4719 7376 5792 3165 
31 882 4880 7932 464 8660 7732 9213 6752 2071 2102 2705 7848 3495 9738 3502 6834 2761 1645 7242 808 4831 527 9317 8874 7447 670 7806 490 8031 1301 5230 
32 3330 1394 5336 2593 3575 7662 3947 6867 3036 5982 3739 2004 8126 3672 7532 1745 1068 5919 2077 6551 4592 449 3219 9927 2356 6160 7524 6947 2555 6243 2370 3702 
26 8770 6478 7950 3893 799 1618 4053 5358 7540 4018 5361 4733 1184 1440 4902 46 7785 3057 2816 916 7736 7678 2757 778 9203 1333 
30 4982 6770 5298 7286 1092 5666 9214 6007 1901 7031 8148 5770 483 9695 3182 4926 6261 3162 2640 8501 4641 6969 1412 3593 1191 3756 5682 5673 5153 5881 
28 6204 8983 6073 3963 5742 3678 3951 7802 9982 8068 766 9601 5126 400 5575 6817 4271 9240 7459 2800 2422 5466 4019 4246 7351 3603 6077 3956 
31 307 4520 9748 9503 3600 136 8667 8827 8059 6768 7071 5605 9668 539 8849 2592 4809 241 3106 4952 1213 2440 8104 3076 2029 4468 5107 5890 1132 3925 8779 
28 6361 7186 4224 1806 8701 5724 5737 8910 4846 7676 3509 6366 7609 3633 3523 1489 3043 6820 8439 4430 7375 5542 7158 5475 661 182 2505 3292 
26 6513 6299 4940 2736 1072 3014 5718 4107 8289 3741 5799 1767 4013 9699 6183 9365 6777 8033 4867 9368 2825 6129 9410 8175 5967 9041 
27 4819 4886 3344 7975 6917 425 3664 5391 6378 282 467 3723 4126 8266 998 8981 5713 1870 3326 1593 3699 7432 7307 2743 3269 9288 1550 
22 4040 281 5468 9660 947 6231 9248 2542 8816 750 8999 7043 7044 1866 6737 9097 4260 700 8740 9625 7303 6376 
28 9559 6337 9587 3284 5561 2362 6119 6960 6323 2663 1819 9896 8987 3347 8704 6278 807 7702 4169 2812 391 1757 3838 6128 1267 6645 5607 3532 
27 5516 2316 3193 4001 2349 2320 7528 7104 5936 3464 6116 4285 5805 1247 8390 7503 4332 5013 7066 1235 893 4873 8711 3969 703 3614 4097 
29 5143 1939 6879 9874 4389 9347 9160 9251 818 4622 3189 6072 9819 9521 7153 5457 8173 9517 2374 3844 2750 9742 1647 7308 1487 6783 4571 5810 3126 
33 3997 2135 4545 7128 5041 8065 322 3657 8268 588 1177 7902 7189 7348 1977 3839 9279 2449 9961 4729 9802 9594 7711 5432 4887 4379 8769 3627 9997 4136 44 9654 2724 
26 5828 1236 3090 6622 823 4022 3173 5578 4859 8060 6127 5018 888 8762 4078 1438 2668 8861 9944 9680 4152 2274 8325 4233 3240 6449 
32 151 2430 7724 2371 6610 9622 7405 1833 2310 3035 4805 5939 7827 2920 5595 9532 8077 7654 7378 2919 9777 9719 3679 2921 5916 1650 3529 5730 416 9647 7076 2978 
33 4865 6190 9404 5120 3586 9906 5285 536 5067 7433 8046 9990 1559 9073 3037 6842 4911 2713 32 3252 6587 8429 5948 497 2268 2567 8493 5719 1228 4050 4870 2583 2308 
32 181 3860 1566 5583 5995 3521 4527 9388 9401 7085 3317 6553 3287 5371 1486 2582 2380 7674 3442 1574 7247 7280 1339 368 2987 3426 1355 5447 2759 693 9665 7294 
26 646 9307 9206 6495 6370 8339 5330 9313 4020 1779 6970 6283 3448 9166 7390 7080 552 6816 3396 6669 3421 4585 6692 9882 8034 4420 
30 1702 8258 4600 3790 6844 9933 623 1848 7325 1017 1754 9315 2704 8130 7650 7958 1908 8006 1396 3848 9273 9938 3201 1148 7558 5364 4518 5975 4795 9398 
30 1817 4782 5651 9439 7715 2588 3170 4098 5429 9900 7546 4234 1022 1084 8915 6925 7977 2424 4286 9767 8228 7658 4209 9734 8254 7826 6177 5638 3309 4947 
25 725 2980 4027 301 3451 6524 8366 3979 9423 7122 7763 3394 5532 8039 2835 7261 7140 7471 2915 5146 5655 9858 7961 5694 4535 
29 4892 3507 4727 5199 512 2753 6726 629 4973 1808 1390 203 4913 4752 914 5449 3169 4218 9468 8512 5941 9005 4521 5293 7305 3733 5933 1844 9271 
24 5027 4551 3081 5579 43 5825 4182 5596 8047 8584 4689 5594 5122 2652 4357 6685 5539 7564 1039 8272 4778 287 7049 4524 
32 8924 5045 7258 4803 1668 5169 2721 2690 6766 3680 7735 7410 3361 4823 7223 6079 5969 3938 7705 9284 1472 7656 8893 3084 7208 4696 4864 3977 4368 5003 8099 5312 
32 8400 3137 8207 6830 9492 848 3123 6898 8510 6237 8221 1968 1353 5011 383 8399 7688 5114 1281 9341 3746 2336 5949 5256 8539 9173 6835 4784 5149 2271 2832 2619 
26 2863 6694 4079 9070 4350 5310 4242 1203 6504 2717 4732 2916 4488 4289 7775 2936 9325 4491 178 3061 8214 3831 8371 4578 6567 5094 
28 794 5964 6371 5177 1636 6182 9537 8430 6582 9624 5381 7173 3099 1391 3383 3652 6037 27 5797 8181 9554 2723 3767 9740 7605 3563 3786 578 
30 6650 6510 4134 7293 6665 4277 3268 4442 5801 2881 9008 4721 3074 4202 8271 3312 1931 2251 5658 7453 559 1059 3760 4012 3337 3845 8421 8276 8453 4188 
29 5764 8947 6612 6975 3282 7454 653 834 2677 7893 4058 5746 7193 9867 702 1100 1232 4301 5021 6660 4198 1599 7252 8600 2645 7300 6191 2429 7382 
25 5264 4824 1619 5379 2947 5257 8821 452 5203 9310 329 948 8733 9572 8514 6909 6099 3055 5837 4841 7218 3286 4987 5887 3183 
28 2236 772 2891 3122 4810 1282 903 2982 8144 4415 5517 7437 5151 1666 4324 8234 5735 6739 777 2596 3461 1785 9518 6363 3190 4127 9235 2997 
26 2114 4032 6060 8283 2810 4290 6676 2580 3342 9550 3077 7490 8527 5697 232 5500 8541 3858 3813 2674 3635 5757 8695 1231 8834 185 
28 3369 6080 8563 9930 2180 2878 9087 4794 2031 1928 1427 9353 1315 5905 4767 9883 3711 9101 6103 2862 859 4116 7864 6365 1099 5062 8741 8407 
26 8426 2243 1583 9918 5519 34 2069 1034 8218 7266 6414 8403 8991 1945 2616 7551 575 5 7155 7015 1540 8020 7791 8732 9711 9278 
24 4145 4738 9493 3341 7813 1475 1783 389 4566 9762 6704 1861 6906 8780 3065 3130 9564 6682 465 6000 7960 233 1922 9678 
30 8135 1480 3487 9692 7625 5318 9074 621 5373 3307 5482 1937 665 3488 1590 9322 2337 4047 3301 8408 1429 4918 8684 8436 4138 6591 1077 5761 7194 4090 
28 5549 3032 6448 2949 4034 4564 5597 9851 5627 2300 854 5102 5876 8944 4229 9889 6945 3554 3389 8867 4630 1167 7577 5109 2376 5093 9811 3030 
29 6217 987 4487 8404 361 7695 1254 2606 7205 91 6030 1994 4965 8648 8866 5416 2432 8451 1311 395 7271 7853 2550 6684 7834 5283 302 9662 7352 
31 1032 4009 933 9610 102 9904 8860 1136 937 9499 2201 6793 3761 1739 3716 4583 2043 8331 5505 7107 4185 139 520 1343 2203 3560 6341 6493 5181 1468 4983 
28 9914 2306 4694 9267 3300 3305 1951 839 5559 3698 4400 4167 3547 6851 6637 5918 4849 1953 3328 798 2834 3605 5667 37 9131 7761 11 615 
27 57 6360 1865 7789 4080 1768 5888 4626 8265 1020 4826 3060 3041 25 2966 7274 8945 173 3637 2995 8529 3484 1471 6954 3298 5369 9418 
28 7620 8856 1628 2506 6051 7648 6708 581 712 865 9515 2867 5127 2569 2563 8473 4008 805 2189 6019 1741 5366 714 3962 5348 8108 5183 6425 
33 656 4613 2372 3505 9114 5472 321 5574 5345 8100 4438 654 1270 1662 634 6999 5423 6533 4989 7798 8238 7641 5137 6271 2927 9186 9145 2851 3599 6675 2241 6063 503 
28 4504 2763 8402 9822 1194 2494 5158 7875 9371 2518 8075 3934 8749 7993 7238 8566 194 6615 4155 6056 6315 5566 9234 7614 2423 4690 5055 9350 
30 1143 5807 7309 4667 4788 7594 6402 8290 5313 9342 7986 5057 6717 9201 1772 2903 1481 6325 3840 103 7475 8609 9369 8718 6560 5229 3221 1107 934 6580 
26 9877 4555 8809 4670 2253 3558 4434 749 4375 9754 8850 8786 651 2805 1982 1495 571 8327 9730 2431 5119 1892 3027 3557 1876 8579 
29 3535 7955 9581 6469 7290 2827 886 4074 2140 8442 2269 9176 1342 7692 8693 8448 5847 3016 9567 2048 6847 7316 4306 1490 6222 2621 3402 4405 1572 
34 7177 813 9118 2694 7920 3853 8142 1370 9975 8132 1740 2760 5686 2049 6076 394 8863 988 6342 6467 9555 6732 8056 5621 842 5441 3022 7259 6023 7913 7525 5385 7982 7852 
27 7744 3430 7045 2033 4085 8530 8389 6459 2293 9030 74 3400 7401 6294 5145 6154 7442 7394 2803 2006 9046 5771 5459 7666 8617 1642 7058 
30 8206 1552 8231 9866 6447 8672 9702 1807 6457 7917 8772 5224 5794 531 9497 9571 9411 2367 333 365 4159 9670 2404 8936 2877 586 4856 7461 7684 6859 
36 3572 7389 5327 9490 7435 3629 759 1393 9526 8964 1238 2613 7256 4790 4539 2852 8211 6573 5589 558 8406 7757 2083 2566 7050 8359 3466 3725 9596 1715 7125 1654 7445 9465 6632 4187 
31 632 9338 6245 7357 1651 2315 1989 5069 3983 9039 9616 2754 3801 8464 9602 6571 3905 8049 7574 2445 9211 2558 3463 5693 5309 9836 7587 7411 5394 3500 4388 
28 856 8189 9078 8593 1505 8699 1407 8864 1048 1509 6576 3688 5279 4746 6394 7925 5999 3311 1748 8318 7936 3140 8621 5840 8475 4108 206 7593 
24 8092 2991 510 6053 4507 6555 8996 7054 8728 7745 6310 8735 3816 5070 4966 5980 1711 137 4364 6730 7165 5821 6667 1403 
26 4264 687 4066 5872 659 4866 9156 3821 3291 99 7460 6027 4609 1962 8878 3930 4459 8286 9667 4871 5455 3501 6418 9759 324 2662 
34 4594 2766 4800 2544 4562 8384 7810 1879 3527 504 3795 2540 2346 5376 8367 3349 6882 3944 4444 5620 1720 4515 6818 1418 8498 9091 812 482 7422 8550 2024 5834 2809 1991 
32 7225 8948 8386 9701 4666 6819 3228 1317 4991 8631 1914 4217 6602 9355 3254 1155 6566 9856 4658 7816 9244 7860 6628 5434 1762 3033 3280 815 5302 9771 1275 6769 
29 4799 7190 1244 4774 7406 9561 36 4164 2124 8455 2415 8932 8162 9753 80 3613 8081 3654 8146 5527 564 7429 8523 8420 3805 1187 8285 3929 918 
27 5340 1078 631 6838 6971 9222 463 1257 1678 5733 9250 65 6618 2983 76 244 4526 7569 3297 8871 6165 2924 7377 7114 2157 8377 9019 
29 2426 1397 5329 4211 5249 3207 7693 6389 6718 9121 6044 7700 7842 6464 5108 5043 7680 5525 1430 4974 5243 1496 1746 6049 4386 1548 2270 6668 3945 
32 8456 1058 4861 4631 6723 3755 561 3544 9917 5896 2366 8005 7230 8281 2483 1784 7738 8499 4672 8823 622 8220 2939 6941 3119 6936 603 1105 6426 7565 9820 417 
27 9436 105 7634 5453 7009 5669 442 4765 5399 6638 8957 4295 2644 2730 1341 3069 4265 4279 7752 3227 6549 2425 7833 1837 7180 6169 9445 
29 6375 4123 6869 2169 7430 446 9784 8294 7964 460 6916 5031 2492 3543 3031 5287 6758 1826 2526 2570 6408 6251 5522 9592 1984 8314 3719 8292 4650 
26 2361 5477 789 6003 7458 5176 8179 3602 4660 4024 3335 928 9921 2133 8707 3611 911 7884 1166 6397 7728 7282 1448 1130 1924 6270 
28 9683 5232 1229 4016 9092 3895 8124 5297 4448 910 9363 4975 4808 4586 3620 110 1378 4557 3054 2352 2295 1983 6417 2390 3826 8700 5557 9254 
28 9925 1724 8833 84 8095 5986 5125 92 6109 8556 9197 193 7683 1976 8379 3796 6451 6631 8085 9427 2138 8470 1220 4060 5704 2684 961 2082 
26 4713 9337 398 2347 4934 2817 6778 169 6228 8394 6432 5604 8642 1253 1031 764 8706 3850 5238 8831 8487 1936 677 5368 5491 7195 
29 5485 5961 2199 2087 7815 1753 7421 3048 2112 7074 1622 1616 1382 3721 1237 9718 744 8416 3088 4863 5278 2779 1856 2601 5796 364 6782 9501 3883 
32 7373 3062 4498 9326 7372 1615 521 7504 4440 9575 3159 3653 5209 7083 6262 5803 5988 4590 6994 3730 5767 3408 4502 3833 9298 837 2614 4068 3666 9825 2119 9376 
28 1493 6617 7626 3798 2394 4341 3362 4513 3370 8103 8773 7056 172 3650 2848 367 5959 2168 5154 2515 7160 3595 1375 89 2305 3685 1581 7474 
33 5695 167 5827 5216 1497 4284 1634 150 5577 836 8521 1744 4962 1839 3886 2909 237 2534 2177 8255 4619 751 3552 5903 1681 4525 9456 5664 13 4117 3384 1944 2023 
34 7312 3736 9841 3520 6742 4959 97 5339 587 9848 7500 3817 6802 4514 9962 7324 2749 7976 2557 2940 4049 8664 2409 4725 3244 8588 3759 9863 5963 386 1824 291 2836 273 
30 306 7780 2758 4446 7227 6125 4310 7424 6229 6663 8625 7211 5849 9542 9210 930 5865 8202 4203 1919 1517 7198 6500 8428 2166 1004 5437 3892 9305 9020 
28 9704 2655 7774 3869 3435 796 213 40 7747 5729 8774 3239 2354 6594 5259 7257 9099 8843 7175 2519 9094 2496 4642 532 3357 828 1255 6343 
31 345 2574 3246 7476 5920 6122 2727 2879 9661 4821 3233 6158 4307 235 219 7297 783 8904 784 506 7935 309 6372 9042 3015 1170 6498 5219 6390 8824 7538 
30 4483 6215 9395 3200 7018 3615 9752 6279 1764 3682 4904 4455 9193 3080 3818 8203 1842 8280 4522 9621 2399 6883 6991 5422 3279 9491 3807 884 9681 9122 
32 436 9184 426 373 4293 6983 9505 8222 3395 3551 8974 6288 4850 2205 9928 9017 9413 3058 22 625 2579 9243 250 6067 7369 3644 3583 2213 4492 3238 379 6636 
27 2641 7670 9434 3012 3303 2786 7441 8313 4180 8637 8722 3932 1273 6318 1708 9722 3899 2946 1000 3986 9157 5163 732 8053 5898 6120 2722 
32 5383 5173 2507 2938 9684 4561 2379 2937 8186 7689 3591 3059 3085 4269 8454 9646 3916 8884 1549 7572 3872 4449 5725 4337 8114 9659 4411 7399 3618 9522 5523 6511 
29 2702 481 4559 1307 8744 2553 2993 9970 3127 4716 3950 4548 6488 7633 7665 2127 1947 9682 4970 1074 6512 5165 9474 5976 1591 9063 3025 7527 9765 
29 7553 9161 8329 8649 4432 8626 2875 8224 7921 189 9061 6330 6841 9700 6070 7767 3185 5488 7306 1903 6605 7034 9549 9364 9143 3211 4321 8658 5688 
35 7563 4006 6875 2129 4853 8230 9669 4250 8746 7904 1721 6734 6938 1793 4593 2052 2384 1030 6427 9563 4166 5305 6558 1087 5645 3717 7965 6328 3636 2427 6196 8985 1208 1796 6579 
25 1905 524 7804 8670 6391 6577 2453 2092 1075 8306 1639 5711 4454 59 6554 4876 5626 6888 9905 9713 9516 4847 2078 1815 3768 
31 8009 7966 9038 8727 6677 3731 6943 2578 9321 5663 6976 2085 2703 550 4465 8269 2194 6175 992 5585 4798 1604 6273 8698 9607 9507 7130 6547 146 1326 2084 
32 5915 6595 9037 4073 6186 3350 2200 1227 6948 2735 6324 6599 4452 419 5740 4334 1860 202 3961 3049 4739 8610 6639 5983 9069 8897 4919 2548 2105 5546 8671 4607 
30 7612 9766 4380 6926 5787 5195 2167 130 740 176 1514 3339 9686 3018 5130 7985 4543 840 341 878 1631 5670 2968 5284 6004 6010 4197 6629 2821 3375 
28 8602 7385 4137 4935 4128 9597 901 1456 7281 3110 3754 1452 320 7204 6499 9839 5565 2442 7350 4485 1895 4930 1193 8920 1814 1657 2672 6024 
28 6810 5002 5039 9673 3752 4587 184 8814 1347 7254 2969 231 9009 555 6803 5008 6641 8963 2130 7353 2806 4698 1695 26 3479 8929 5622 6429 
29 8196 7278 9386 421 1562 5802 7145 563 5303 3302 1674 4544 4541 5255 6123 9950 4256 4436 6192 3936 2620 8743 9612 9110 1704 2932 3264 3480 5747 
29 5852 5924 2565 7778 7534 8232 5515 9481 1080 9367 6543 7362 5550 2913 9969 8140 3913 9331 397 1560 5197 9085 1673 1979 6661 4028 5270 2676 6149 
29 7100 5720 6884 6172 5874 9058 6078 230 7896 7855 3885 8752 4804 3105 6200 3616 8748 7664 2888 3096 3991 2511 3316 1881 2917 9677 1115 6266 8692 
27 2391 4769 7330 1749 1810 155 5606 7202 4608 6445 7554 5118 1145 8942 2217 6061 4751 8590 5587 6173 7725 6088 6544 4100 2571 225 755 
25 4052 1978 3579 9015 9763 2712 979 9056 5496 2748 8923 2021 8709 511 7336 9798 459 2123 3202 5494 4291 2125 5124 8533 6561 
26 5848 7163 209 5866 6710 5227 450 6074 3910 5857 8110 3968 4639 3884 6578 9824 6858 2955 4553 3013 3510 614 6331 3610 8613 8839 
30 8352 8460 5239 825 4309 4671 6523 3645 407 2647 6248 3331 8597 820 7698 2474 6404 6722 1134 3565 2131 3477 6018 158 352 7841 340 9613 8188 2046 
28 8848 4243 2467 4140 6011 6383 4397 8158 9614 2246 7749 3008 73 1376 2288 8852 1249 19 8615 3522 1057 6022 6750 9936 4418 6013 801 2121 
29 2014 4616 9852 5206 2465 2804 6872 4596 3318 1800 4703 2369 8417 4595 9059 7510 6240 6430 2485 5783 1010 4025 2842 8954 2438 9414 4314 9941 6362 
25 1838 8072 3050 5346 6861 3693 9511 5201 9919 7363 3412 5731 5271 234 6920 1416 8950 4606 8035 2911 9146 3441 2990 5628 8387 
32 6144 3245 1106 904 7236 2456 5678 9966 5425 5328 4645 2067 2787 8806 6268 1909 5415 8167 3411 7952 480 1457 8899 2811 2521 8760 5609 9855 4755 3256 5547 9923 
31 4839 6284 8342 3138 7883 4699 4252 7069 3180 1293 3882 900 5246 9334 1037 5277 769 9981 3667 2441 493 7216 7846 3659 8312 9829 4268 8357 2272 1147 4319 
28 4763 9934 1988 4383 1119 5854 4251 2828 8790 9893 9455 9769 9286 4172 7919 1379 7947 8026 717 4439 4150 2768 7053 0 2032 7002 6588 958 
29 2290 8758 4737 5572 8763 7087 5569 9880 2623 5262 3975 9231 3217 3289 8208 9314 8155 5333 3908 242 9733 3167 4031 8358 353 246 259 1521 7276 
30 4674 6224 2885 2401 1820 618 8302 7704 7092 8516 8927 1356 4254 7093 6111 1952 7989 3743 5687 9268 3288 28 8064 6267 175 3144 1190 9230 9079 4497 
28 2265 553 6187 9536 5927 6220 6085 5191 9875 4412 4762 5083 7713 168 3923 8303 6020 4369 2204 8753 8361 7649 9139 1717 8663 1144 5971 2095 
32 6156 9736 6089 1888 4817 7948 5473 8846 8603 6015 9487 4462 7174 4649 6295 6584 9664 5741 6208 5370 9717 4274 128 4874 3446 7697 8960 1476 8677 2608 1040 9758 
29 2701 1215 3155 9757 8212 7159 7112 5819 1431 1494 610 724 1435 8262 472 6789 5316 1972 77 5993 8538 495 7746 1088 8066 5717 5639 9246 3413 
31 6443 738 7393 9869 9831 2152 9449 4684 8414 6403 902 2666 8330 932 1154 6131 7912 3066 5524 705 4829 6235 4384 448 8119 3619 48 4702 9957 6931 3332 
28 9202 7003 5412 7830 6905 5105 9989 3187 8239 718 8054 415 5026 608 4986 4120 2291 4142 8818 4361 5180 2728 6355 3103 6950 9430 3574 5570 
27 96 7865 710 9999 4707 8036 4227 7968 3765 4743 6890 5253 1437 3959 6141 6333 3184 858 8152 3940 7027 443 6138 5906 7709 3894 5319 
25 4516 2444 3285 6374 9862 1770 5078 8828 6257 372 4457 6589 2330 5237 8311 6787 9109 3900 8139 1060 2585 6424 4862 3935 2610 
28 2174 9787 9380 7934 701 8902 7754 3457 9972 6563 8485 5004 5510 1516 576 276 9396 9168 4056 7283 6178 1880 5267 9178 3966 1528 7126 7962 
26 8534 4505 7513 1178 4602 314 5554 9627 7509 1360 6833 1112 9027 2215 8532 9809 6911 9585 1056 313 6025 606 1222 9137 2635 5535 
36 605 6002 833 7078 8995 2348 5301 2516 9760 1582 6813 1224 4070 4469 4937 8204 4925 4977 3283 5691 3038 1140 4528 3684 7124 9154 4964 7579 4700 1157 3040 8503 3915 3465 2224 6569 
29 9280 8422 2513 3494 7064 2689 2443 2667 7105 3143 616 9963 9034 6772 1492 3841 6289 1515 5112 6807 7566 5286 9216 7951 3904 3996 9067 9776 5211 
29 8939 9276 7885 658 8689 682 8409 1847 393 7974 7423 1971 7168 4538 3398 8490 6792 8832 771 7311 5634 411 908 2113 2164 8586 5680 9429 5938 
32 1818 6509 5418 940 7233 7207 8891 8090 2850 9801 6812 7073 2179 7370 7838 3154 4775 7152 7786 8084 9382 1186 667 9541 5430 3865 874 7996 5789 1083 8751 444 
29 645 2416 9954 3675 6714 4193 4151 9642 6046 4510 4842 1878 2765 709 6161 6300 5503 1101 8488 408 3737 3148 3112 1915 735 4292 2853 8925 5684 
30 3749 2970 1624 5671 9361 9164 5701 7292 4995 3075 7455 5269 6438 8120 6798 72 2321 3393 5324 7488 4598 2512 5051 9174 6381 1737 3231 3735 6413 54 
27 1258 8976 2161 9029 957 3206 3686 1986 1961 8542 1287 7603 5637 3569 9287 8477 3665 1774 6258 355 5032 3726 1553 142 5646 1182 165 
29 5508 6598 1504 5081 2564 1398 6168 5188 2905 6796 6234 3388 6450 1049 6626 8051 1209 5831 4840 7213 5873 4554 401 3019 2063 7616 4158 6557 7222 
33 4668 8101 598 2017 8836 9528 8901 2414 8552 8804 2710 148 1324 3623 1091 6538 9102 7270 7596 3104 8659 5712 3360 1957 2873 5814 1411 4717 829 4688 114 1168 9306 
25 3697 8982 5294 5380 5360 639 6878 2036 4932 3128 936 1677 6083 5074 8800 8958 5601 9466 6139 6887 1890 3810 1568 9447 9952 
29 7881 5715 4378 5824 8328 4953 6321 8892 6223 8956 3625 1935 3175 8888 5654 3089 5344 9127 695 2389 6624 7166 5778 8050 2365 1156 4461 3100 4996 
30 2892 1126 4139 3073 8418 7212 8205 3989 3482 2975 5046 7967 2586 7731 595 100 7200 1697 5968 707 885 2501 2057 2061 23 3168 3538 2220 4877 4629 
28 9259 2691 7886 2012 6935 1786 2510 4253 1756 9171 4941 5404 1050 3832 9641 2250 7221 3250 7041 1240 1700 8235 8886 6090 6437 109 7906 2240 
29 8618 851 4980 4093 3320 5436 3208 6230 3647 6112 5387 8544 6442 8190 6047 1857 6163 1047 5147 5263 1455 7575 4328 7449 8979 1605 7784 939 129 
29 3445 4147 4676 1436 1718 7403 8182 3692 7854 5769 544 3851 5700 2906 6962 3604 78 5772 5612 4273 6790 1950 3791 6326 9546 7615 7355 5152 7748 
27 7533 6977 6998 1477 7598 485 9416 3769 4402 8536 2353 4955 1534 55 6436 2419 1131 9387 6501 1792 1956 478 1368 4005 5679 6715 5342 
24 3007 2139 4351 1854 5178 6306 944 6870 2311 6957 6756 4836 4445 272 2595 2989 7314 7493 5128 9432 5755 200 1499 304 
30 7514 2278 5728 4956 9001 734 9484 8410 8959 6614 8024 2395 5855 371 4311 6671 5556 3876 7042 7084 1867 9720 9261 4063 9529 6849 6001 4473 9392 9558 
28 5282 1216 4410 7462 4467 1578 312 7463 51 204 1611 7898 4768 3071 7868 7729 7869 1423 2097 9608 3380 1425 4007 5414 6130 8953 8638 3937 
29 6126 2486 5696 8890 9716 2535 6290 9485 8817 1843 7317 609 303 7799 996 1722 9064 1149 2304 9312 5593 8504 3258 494 1849 2625 1241 9453 6952 
35 7552 8489 9576 2709 8616 7568 2782 5426 2298 7338 2434 2799 4474 3308 5401 2331 5037 1414 6205 7858 9945 6904 8655 1314 593 5166 3147 7599 7944 962 3803 8881 4905 2030 1388 
33 5912 7379 9539 6069 4868 4174 9113 5723 5007 1523 4157 8195 2996 3710 9340 4042 7498 7030 9088 2008 6707 8032 190 3987 6574 6255 3820 4523 3251 9617 8244 8165 519 
29 726 2503 2245 8768 6856 9040 3397 9547 1196 3150 8765 9584 2792 4569 2573 2317 1761 6368 2111 2192 7061 4374 7766 8278 399 4495 577 9031 4428 
28 1447 2627 1519 9394 1948 5196 4575 4644 3960 1773 8044 1086 5493 4168 3359 4741 3862 3218 9496 3429 9789 4161 6946 30 1992 4263 1302 9426 
31 53 9735 9679 684 8573 4089 3004 1027 879 8560 4103 7037 4329 6942 4802 1206 1306 2303 1054 871 5020 1467 8083 3213 1862 9053 3163 6407 3079 212 2244 
26 2774 8702 8757 2872 3271 9108 5856 2532 3275 9450 8253 3422 4663 8405 2898 4298 4370 8561 7201 1980 2452 7326 4071 3499 6755 6550 
26 9482 6466 8288 8444 8535 4712 6923 3378 479 2747 7685 8319 522 4036 9566 5649 3092 7901 70 8782 9806 2188 418 6194 2073 7589 
27 6506 6415 1614 7046 5652 6679 7707 3842 7637 5884 6440 343 5677 402 5374 7217 4744 4981 7007 5932 8398 3855 7253 4177 9697 3340 7619 
25 7801 1366 7737 3787 6918 7672 2697 8940 4724 8805 3373 2020 8136 9252 8739 6964 6845 7022 1719 8756 9319 8854 2695 6800 4580 
28 3086 708 1285 5035 8198 4529 9706 3794 7234 9509 8522 7499 3017 1292 905 8471 6458 6919 7210 4938 9805 7339 5553 9626 6317 9215 7457 757 
34 1028 5028 7397 9237 3 2464 4456 650 2137 924 5914 9845 3559 1607 5012 9519 6937 7365 4408 9749 8992 8747 433 9768 4030 8994 6422 2900 1410 8988 3432 6857 1386 7419 
27 2598 2844 1357 207 7750 692 5739 1266 6329 6607 9323 1726 4213 8395 9089 2013 5194 4897 554 5299 5850 3912 3474 8853 4958 4033 1760 
29 7289 2634 6303 9865 2992 8174 9028 1345 873 752 4451 8166 899 1985 7646 3592 328 8731 2081 4450 7467 9902 9123 6740 7269 1524 4299 969 2714 
25 5902 3941 98 7097 1875 5692 2669 4704 3255 9262 6539 6897 7818 3828 9133 6264 7691 487 1280 7937 6967 9303 5763 9198 1470 
27 3609 3550 4029 2868 9534 674 7543 1312 3907 5182 6613 1259 6519 24 6837 7897 4342 943 7717 6344 6522 6780 4708 1941 5115 2994 88 
26 2778 9043 2247 5843 8903 2807 6409 115 8252 4173 5402 2897 4216 7098 7416 8607 4363 4653 5092 6527 3596 9420 8767 1798 3390 7332 
29 9309 473 790 9086 5337 311 310 6272 3689 1830 8164 6910 9792 1 4638 7610 6956 1153 2284 8284 8097 5252 7922 6892 8074 995 2341 8505 7652 
32 5592 8383 3806 1942 1782 68 238 5060 6065 327 7857 9257 3762 5388 4482 491 2156 5657 9644 2822 2602 9785 3325 7318 6559 248 8378 277 3518 3270 2890 2094 
32 9362 123 5784 3191 7284 1097 2058 6814 6377 8177 7817 9605 461 6979 101 9354 652 9984 9151 7079 7020 7029 21 679 8107 3382 8812 412 7265 3601 2281 8630 
29 3607 7667 9236 8729 4318 2814 7231 7010 9179 4010 9217 5384 4184 3401 1276 6105 5768 7916 5442 6170 9860 7102 236 9266 1150 9887 486 8869 8080 
26 4181 4990 6096 1263 8315 5536 61 1613 6986 1337 649 6696 5576 5817 2181 9399 9772 4486 5668 7793 7971 2209 5765 3266 1444 9412 
26 2292 3098 9965 3496 1558 551 600 2696 5878 2261 2874 4002 7627 8073 3779 5812 3888 8508 2533 620 1364 1927 4906 4051 4048 3381 
28 7331 295 9595 5913 7392 6706 378 8965 3368 2658 6528 956 6382 8153 7515 3863 8098 4335 8548 2823 6136 4371 2186 557 6680 8795 4920 2146 
29 7585 7005 4646 1387 3825 3296 7508 1373 6446 824 6797 1595 9929 5082 9764 4072 3626 2165 5661 191 8305 4922 538 8971 7343 4665 2400 1868 456 
25 2902 2801 6866 7743 5134 2769 7895 9712 6180 1995 1640 689 1912 3194 7794 2870 9318 1304 4584 7335 773 6592 6364 253 484 
28 7602 3399 680 4320 9531 7006 2837 4305 9703 7136 2651 2813 3470 289 4822 1065 1349 3044 2279 3708 9818 7753 5419 7209 6735 2973 7978 2926 
26 6791 4064 9886 132 976 2520 4355 3024 5683 3864 3404 198 5296 9649 4577 8450 2605 7939 6824 5068 5521 3391 6202 6896 968 4424 
31 9486 7184 2309 7137 589 5288 9013 6008 9840 5548 4004 3460 8820 6720 5326 8321 2631 6801 6743 9010 2402 6232 2818 7127 3425 33 5858 9876 6933 5756 8714 
26 5029 4258 4112 699 6552 9204 9827 5458 9996 5159 781 8791 6434 3101 8127 9500 5446 3804 3434 8443 9959 704 746 9180 8912 6799 
28 1964 853 3949 9260 211 5533 9643 3921 4296 5289 7489 2055 9853 2632 7506 1021 3571 4597 5248 8335 5175 8449 3953 1769 9821 2193 4927 1777 
29 5632 8815 9300 7556 1274 8017 7888 1686 337 5185 8462 4967 3132 5121 6494 5413 6094 3815 6836 7452 2007 4734 8627 6351 3585 8344 125 6162 6788 
26 3459 921 1181 2170 627 7899 3812 6929 723 731 5929 800 3346 7075 3257 8605 1946 3631 6107 9629 6150 9698 4636 9207 6400 9343 
28 9793 6492 1811 502 390 3486 2039 9796 3078 6537 3852 7681 3927 643 2044 926 2979 1409 2080 1555 6775 2086 3450 8011 4686 986 6874 8184 
26 5497 6211 2040 6379 423 4614 5478 6460 1627 5245 745 8922 975 6930 8323 7067 9125 179 5349 7769 6716 3849 6293 4111 1358 6828 
24 5276 4099 568 982 6643 5198 7185 5868 3516 1297 7557 6927 153 9650 2575 8391 2005 5841 1013 5467 5773 4463 5251 5563 
32 3981 929 4189 8042 2099 2141 2076 6454 8192 9946 2104 3669 7023 6774 9615 6455 5795 4643 5726 3764 5923 7518 1703 5097 8296 4791 2103 2954 1709 4855 9606 8725 
27 9924 9025 3417 6482 9525 9393 1295 6035 8240 4519 90 8808 1617 2587 7601 7444 688 2951 3485 4237 890 9570 9021 6155 2829 2685 8260 
27 8640 6291 9964 7117 6958 6590 7597 3887 4325 9185 5950 9269 3524 855 1975 3957 1137 8646 7811 4648 4760 5231 3403 9483 4910 2100 4421 
27 9444 7545 2107 7560 1052 7068 9891 1586 3272 6249 445 476 9130 7060 4149 7861 1679 9979 6463 8509 2066 1920 4978 7828 8742 1104 5226 
28 3640 9051 8978 9873 9264 315 6095 8558 6688 7559 6309 6600 240 4171 9049 673 6829 3490 9302 3774 6012 9172 4160 7232 5504 293 6358 5879 
25 8975 7241 6619 8896 5492 4387 5541 6745 5643 8916 9729 4433 6157 8907 9052 9479 7696 5367 942 6347 6287 9688 5290 767 4144 
28 9755 5676 8113 3534 3263 2038 8078 7969 4542 8446 1142 4657 7146 2659 7235 9871 9846 4447 6868 515 6753 6503 3742 1109 325 1789 1294 572 
27 7491 6280 3179 8972 6152 8955 9881 4059 6212 336 6184 676 9045 3235 909 5943 3365 7302 4109 255 7171 66 2604 1328 4999 594 4915 
27 9837 2216 2462 8086 377 227 2682 1728 3797 8764 8715 6761 8952 1225 1625 6405 857 4333 9985 2654 9640 4946 4192 8322 8528 8628 8905 
31 8507 9225 4860 720 2642 4898 6623 3541 2273 6354 9332 143 3322 8737 5406 4336 2688 6860 3136 7181 9422 2118 1823 5591 360 3087 5935 1954 9441 216 9124 
29 5314 9639 9715 4976 7908 8257 9212 8048 4825 7905 1413 655 6081 5581 5934 9249 7941 7959 3589 5357 8213 7120 1893 8862 119 985 2572 2789 3220 
26 7418 2953 8143 1123 3265 2871 7740 6356 2016 7192 29 215 5254 8938 4620 1485 786 7229 5917 7687 9358 5829 4303 7019 931 375 
30 351 2447 5280 4054 6135 8730 5111 9083 5133 9282 3428 2333 7298 4601 124 8466 5526 3371 2912 7874 6876 6763 7949 5135 5123 2794 9782 1759 4148 8347 
30 5495 410 6233 8515 7690 8433 7028 1859 875 7630 5776 5610 8937 2901 1252 1363 6984 6711 8877 4458 1346 7522 2856 4740 6034 5353 5544 6373 3924 1278 
28 7779 8879 4244 7001 862 3379 159 9656 9589 9435 8171 9842 1117 1765 7341 6507 5142 817 2693 6102 6349 4603 5966 8882 5410 3431 1336 2208 
29 3988 5009 4845 2729 1462 428 3556 5063 3747 5443 3972 338 7239 997 8161 9075 9373 9527 816 3387 6811 8665 1466 5408 8445 2880 4390 3965 7407 
30 7438 7661 2484 8423 4110 1141 8614 7178 9504 8149 5389 4673 6762 71 6972 9106 7243 9907 7632 6314 6853 7686 6881 1576 3582 1635 2491 3694 1371 1246 
25 8807 3830 4796 2351 4563 2436 8369 5242 4754 7777 2153 604 6670 1626 5087 8793 9349 1042 507 2262 2858 2976 6227 7550 6687 
24 4275 9849 1906 1570 4652 2182 18 7840 4889 5641 7963 3475 7345 733 2737 2597 1660 1508 7741 323 7428 6536 9344 6681 
31 9593 913 4215 9901 850 6689 4496 4749 5599 9239 9913 2683 5148 6913 6572 4393 2028 7465 7943 895 5901 8990 7988 8154 6973 192 263 3290 4693 5845 496 
30 4221 8468 1053 2062 5061 7706 6988 3993 3632 7677 4045 1897 177 2725 1008 5979 1522 5894 973 3164 9931 2711 4537 2332 86 3444 5839 5984 9255 489 
28 9582 647 1787 7521 8777 8569 1204 6197 1707 3789 6179 592 384 3083 8506 3703 4413 804 3715 5086 6989 6352 4893 7803 1165 3776 7998 6516 
27 247 8941 7320 5952 5088 5050 7644 3178 6729 1609 3928 9011 1841 9538 4349 1428 3039 2707 1780 262 3455 4951 7039 8304 3773 898 60 
29 5377 6071 2227 9187 7647 5507 4226 430 3440 2716 2908 1996 666 8157 3942 5341 9093 3351 535 9170 1332 2342 8242 8013 4084 4143 5528 9112 8759 
30 6736 2893 3115 6703 298 6794 3687 6054 5846 9 1853 9987 267 4837 2986 5749 8045 3274 9129 9467 2326 8071 9048 663 6795 7272 7983 7329 7980 4124 
26 6974 9741 3690 4624 3662 1290 3002 4895 8844 4154 1643 8380 6664 927 1526 1926 1015 1169 3792 7383 4792 6308 3954 1763 1163 8581 
28 8984 5586 2373 9795 1813 1689 3230 3142 7723 5568 4267 6843 3638 1219 4096 9709 8851 5962 523 2487 6502 4196 8447 8796 8801 8537 3763 9727 
27 2985 5518 4621 9480 5464 4133 2232 4968 7417 1518 7756 2053 7371 4037 3646 1571 1350 3072 6075 6086 2435 8657 9406 6731 2002 810 8858 
24 6697 1803 451 186 1223 1736 3877 2777 4835 2289 4943 3386 7487 2296 4627 5417 706 7237 8681 1889 9148 2959 7138 3176 
32 7531 6855 963 5110 8784 5170 8129 7859 1433 9311 8694 9301 8519 8438 5215 2015 5393 1685 3068 8441 802 3489 6744 1179 5076 9451 404 7759 5075 2357 2149 1894 
27 2489 7694 3570 4883 8595 7867 6059 7536 2358 8463 5156 4879 8494 8876 9192 1775 4223 197 579 8241 3875 9469 5104 7863 7004 1567 5448 
30 7600 9335 3236 7473 2523 6899 6265 7781 3253 7395 1886 1118 2671 9803 6100 3660 9471 5265 299 8412 4834 1212 7426 4811 1751 4588 9134 134 1588 4722 
25 188 9419 6045 8121 8102 5899 174 2000 9878 9648 8029 6189 9816 8486 3108 1850 1959 4435 4988 2549 4675 1446 7608 826 226 
29 4623 149 1061 9778 4088 5775 3216 319 4552 7570 4272 4818 8803 107 4437 3215 8568 9360 1790 5445 9351 1687 1120 2999 3094 5892 8309 370 3846 
30 4730 224 1404 2931 5322 9142 4731 1829 4908 7755 2287 5981 7866 135 2398 1834 8601 8122 3453 4220 1693 2234 9728 3566 8802 4135 4512 4023 3990 1205 
32 8571 5220 1529 4745 6548 830 7835 6915 8993 8392 3414 4574 7412 420 8250 4678 5187 7448 5015 4141 116 2297 7197 113 5465 2808 1758 9909 1199 8608 4257 966 
27 7450 4035 4899 8666 1323 6218 1026 758 7484 6320 3811 583 9352 5997 7714 3847 1261 3241 4367 3542 3917 9115 7640 8591 8724 6396 1016 
27 3047 7109 5190 6760 7876 3728 9440 2470 8435 6985 7783 7800 3901 3156 3720 3199 8223 2018 6433 2617 8199 792 5820 3745 8022 5405 5462 
33 8900 9200 195 7203 5960 2457 9205 4208 6198 4687 6701 3691 6369 5392 4276 4427 3497 334 3799 3209 9948 454 8547 7206 5552 7262 2603 5268 1331 5838 7519 6978 7660 
25 8662 1073 8825 8526 989 1503 7915 6219 1335 5644 2448 6416 1135 2700 8350 9004 8837 440 1958 1389 2155 1025 1637 8082 6934 
27 3512 2328 3668 2552 4683 4706 223 7396 5931 3333 9495 2068 9916 7103 7470 5085 3145 967 716 2420 7655 4091 8089 2142 1502 9942 2214 
27 4637 6781 8337 5077 6483 4201 9898 3946 6642 6900 2860 7892 7313 4262 1801 6247 5144 1365 7492 5774 4872 1006 7040 3533 5334 5236 3093 
28 889 8007 6823 8620 5762 1648 1007 2433 1659 1603 4200 6239 9461 1269 5529 1009 6505 8661 8885 4425 7089 9165 964 7008 7404 4662 1498 5317 
29 7095 42 4612 3943 9050 8246 5096 4506 2638 2918 2120 1682 3195 3146 121 5889 2559 4772 7249 5378 1422 9663 8857 5174 8431 6140 7113 4961 760 
33 5240 7344 308 4219 1602 6534 4338 1938 8040 2219 6461 1051 2143 6839 1705 1507 3999 8606 6420 4830 6840 8771 3222 6411 7812 2375 5973 4471 5930 5372 396 1374 2294 
27 8106 3671 3299 3416 2312 2226 9032 5815 1160 7720 6767 260 4288 9002 8703 4546 1882 7953 599 5202 2368 8291 1670 7480 7520 8650 6627 
30 2509 7361 5558 3056 1288 4647 7918 5065 9693 7820 1064 9868 1884 8351 3003 2093 5990 2010 9788 2072 955 1001 6332 7296 8894 7118 5785 9636 3628 1354 
28 2406 4764 3262 350 7485 5665 7051 697 429 827 7613 9861 5537 6564 2859 6485 1384 1802 4903 1538 7544 7628 530 742 4736 9666 1161 2128 
32 7618 9003 6951 2746 525 2798 2276 2833 7645 6316 9721 4082 5116 9324 2117 9780 4949 2386 3955 3722 1855 2405 2646 9652 1621 7141 2678 2752 7131 3549 7653 2922 
30 5538 8680 356 8491 316 2845 6050 3443 5064 3536 8227 2776 8761 1877 9374 4843 9385 1329 4916 4891 5635 1264 582 1055 8481 9457 7679 5395 8226 8176 
31 6725 1268 3837 2079 8243 8217 1172 1831 1731 9227 7622 2692 6785 5922 607 6474 6863 8376 2657 6193 9316 1863 5804 8000 3964 2957 6698 7132 3517 691 2958 
29 3701 7880 388 2437 1633 7000 787 9603 1024 9107 6452 8310 7671 9724 6153 5675 7354 4191 3785 6901 2173 3259 9098 69 5200 9247 4403 5450 6479 
28 6032 5204 5788 6953 3673 1752 1883 2417 2681 5928 3513 1696 9476 3139 317 8549 2731 8370 5106 6398 1286 9253 6029 9609 2739 3744 8582 546 
28 5955 4372 7999 1916 7264 288 9514 2866 9014 9974 3879 4373 3903 8117 5617 5483 7582 3503 3617 8151 363 265 6386 359 3896 762 5710 5833 
29 5390 6741 3980 6757 3010 7347 4241 245 1776 9949 6880 2225 6311 1852 8517 4726 5059 3504 4354 9167 4409 6305 4610 6583 9104 9691 2935 492 8465 
31 1352 2639 9897 8887 431 9694 3911 1545 2323 7162 9783 4901 3439 6016 1082 9190 8917 9189 7108 8282 6250 8372 9773 6673 9077 297 2790 435 4969 959 2091 
26 4094 6421 4490 2894 9750 5895 1234 1632 9080 5685 4046 8716 3562 9864 7530 9983 296 7063 1656 7507 1730 8811 8785 915 8037 6965 
29 7250 2933 1162 8840 2561 3029 6225 3581 1018 8721 8482 3131 5748 9690 3135 6854 7032 4954 2476 7333 3498 1929 5752 8496 438 95 7548 4715 4742 
31 2819 466 9055 4786 3353 1279 354 2110 3469 2009 7164 8432 2673 1299 349 4669 7591 3118 7496 7077 339 5325 5853 6877 7367 3926 2381 2364 2865 6565 332 
27 7439 8156 7478 7730 47 9568 8813 406 4106 9520 1918 9835 6805 7226 1969 2488 6133 8038 2791 3973 9630 3648 4 3967 2233 1043 4317 
29 220 1217 5186 8633 9407 7101 7719 5564 5095 2626 5411 8185 694 104 9685 3129 2775 3525 1093 7268 7017 1069 698 2126 9912 9600 4869 4661 8340 
27 9158 2742 5910 8859 2003 7927 5356 4407 2329 4848 3670 3843 9937 9181 4131 3771 7592 8375 761 9421 9747 8880 9915 4532 1372 3121 126 
26 2972 624 4907 8898 1114 9557 711 7882 7547 3315 4118 1426 753 7026 9859 4331 8624 9956 7328 4807 3587 82 6700 5023 7381 8209 
32 5957 6921 3548 2788 199 844 4758 7703 1629 8935 254 3567 5397 3920 863 6393 457 9339 4399 2600 2547 1325 2514 6496 131 2378 788 9524 8570 228 2482 7248 
27 2134 9545 3410 8452 7675 4882 2324 2184 6575 7151 8096 4885 5456 7220 4376 9390 5877 1506 5407 6949 6666 7147 7360 41 7823 4936 5347 
31 9428 1577 7427 7708 5624 3914 3933 2392 7890 5019 2413 4165 5213 5030 4199 7172 8333 6410 5022 2145 381 1488 4857 2941 4770 6058 2418 1885 326 6064 3204 
28 8360 5304 9162 2751 4377 1664 9289 6808 5782 8251 8052 3782 3781 2239 9454 6148 5044 1990 3438 1063 5351 4475 4038 1933 5010 6334 8830 376 
26 2864 8425 7956 8755 7979 4247 4398 1925 7682 3452 9591 4766 3824 7391 5880 6238 4381 9872 1511 6203 4692 843 1653 1473 2471 2560 
24 7425 6108 541 4067 2202 147 4896 4472 8308 2719 7176 8293 3874 270 9144 257 1133 4204 2132 1546 1095 284 7946 4385 
28 3622 9389 7821 2974 3922 1401 2960 7070 9971 1821 7526 290 127 217 8738 3606 1461 7096 8326 9242 7482 5338 4044 3323 8267 7255 437 6809 
28 6475 5956 6635 2527 9512 8249 3724 8787 6606 8118 1081 8382 4948 1998 6114 8524 9638 7091 3366 3641 1176 7636 5615 9844 5217 9150 9672 1089 
32 8546 2530 5034 9472 8562 6832 2780 2037 7215 5630 9623 8401 3555 6244 5223 5162 4691 6541 5863 266 640 9458 6292 6185 3919 5056 8946 845 9012 7048 7119 7712 
25 3696 7994 4297 6932 201 9588 3186 7273 7214 7033 7629 2350 5580 7870 8685 4881 3319 782 5921 9022 275 7244 9221 5994 1482 
32 877 3358 1630 3120 3577 9381 2643 8437 1641 6546 7722 3856 2421 6302 6082 2150 4266 6269 2098 2283 3823 8697 5588 8723 4178 9433 7930 2228 5904 9291 5779 3514 
29 3643 6055 8980 9054 3939 8826 8794 5511 2529 3775 6101 108 2307 9579 9400 9141 4344 6151 8513 8324 9209 5560 1124 164 5721 2286 4984 9378 4979 
32 3995 3578 3700 4875 7606 2191 6117 7121 9578 6207 3931 9245 2962 3157 8434 9294 6508 7765 4611 3158 2027 5811 7016 596 141 8015 8270 1900 9199 7742 9779 8736 
29 4945 5221 2459 5875 1113 1606 4441 5530 3630 907 754 8712 6724 8021 3437 4828 2254 2408 4358 8087 2089 6821 7887 9285 6456 8909 6982 79 9188 
24 1402 8845 2988 5072 8469 9473 7099 4190 669 4939 5781 1691 1392 7366 3324 8726 3052 7251 4322 6468 2849 6350 8365 5647 
26 580 7123 7011 2925 432 6159 380 8587 9403 3519 9540 2469 923 5100 3447 1449 4779 675 1152 5484 5311 7829 2876 3867 138 3198 
28 1340 7938 1380 2556 8998 8868 7973 1981 7797 6040 4489 883 58 685 7246 9183 9815 3677 403 7024 4997 6871 9955 5452 8187 2257 881 2218 
31 229 5428 811 747 7263 9169 9810 9726 7807 7992 1501 4942 5132 5562 2207 4235 1011 3223 9828 5014 2755 5274 3580 7871 860 8237 8966 9258 183 5042 1791 
34 5648 3160 6570 1395 3906 1575 9459 9120 7142 1400 156 4195 5545 806 4531 1260 4750 7161 9739 5623 3374 6891 409 8 4816 9977 2772 925 5409 8183 4530 501 5033 161 
27 8137 3114 8111 5016 4041 3473 5882 122 1361 566 1458 7631 6719 7643 4395 4222 8364 5885 4419 7984 5996 5420 5469 8116 1913 6236 4858 
28 4509 9488 3508 8067 1725 4753 4604 8589 6514 1902 8012 4176 611 6748 6092 6907 1197 2764 7088 6359 7013 3712 83 9838 2971 8334 9175 3427 
33 774 6771 8977 7364 3576 5140 597 6562 111 8518 9159 9947 1723 1405 1041 252 9464 8719 5189 8023 3196 7617 7571 8172 3177 4225 540 1755 196 6786 4077 2175 8921 
26 9438 3248 1598 5001 9327 4550 8368 4212 5974 4236 3021 2965 3902 6214 9565 8373 2633 4701 2591 5499 3718 6738 7483 7346 5335 2551 
