500
0
1
eji-a 1
1
2
a-b 2
ejj-b 2
2
1
b-c 1
3
2
c-d 2
ejj-d 1
4
1
d-e 1
5
2
ejj-f 1
e-f 1
6
1
f-g 1
7
2
ejj-h 1
g-h 2
8
1
h-i 1
9
2
i-j 1
ejj-j 1
10
1
j-ba 1
11
2
ba-bb 1
ejj-bb 1
12
1
bb-bc 1
13
2
bc-bd 1
ejj-bd 2
14
1
bd-be 1
15
2
be-bf 1
ejj-bf 2
16
1
bf-bg 1
17
2
ejj-bh 2
bg-bh 2
18
1
bh-bi 1
19
2
bi-bj 1
ejj-bj 1
20
1
bj-ca 1
21
2
ca-cb 1
ejj-cb 1
22
1
cb-cc 1
23
2
ejj-cd 2
cc-cd 1
24
1
cd-ce 1
25
2
ejj-cf 1
ce-cf 2
26
1
cf-cg 1
27
2
ejj-ch 2
cg-ch 1
28
1
ch-ci 1
29
2
ejj-cj 1
ci-cj 1
30
1
cj-da 1
31
2
da-db 2
ejj-db 1
32
1
db-dc 1
33
2
ejj-dd 1
dc-dd 1
34
1
dd-de 1
35
2
ejj-df 2
de-df 2
36
1
df-dg 1
37
2
ejj-dh 2
dg-dh 2
38
1
dh-di 1
39
2
di-dj 2
ejj-dj 2
40
1
dj-ea 1
41
2
ea-eb 2
ejj-eb 1
42
1
eb-ec 1
43
2
ec-ed 1
ejj-ed 2
44
1
ed-ee 1
45
2
ee-ef 1
ejj-ef 2
46
1
ef-eg 1
47
2
ejj-eh 1
eg-eh 1
48
1
eh-ei 1
49
2
ei-ej 2
ejj-ej 1
50
1
ej-fa 1
51
2
fa-fb 1
ejj-fb 2
52
1
fb-fc 1
53
2
fc-fd 2
ejj-fd 1
54
1
fd-fe 1
55
2
fe-ff 2
ejj-ff 1
56
1
ff-fg 1
57
2
ejj-fh 1
fg-fh 2
58
1
fh-fi 1
59
2
fi-fj 1
ejj-fj 2
60
1
fj-ga 1
61
2
ejj-gb 1
ga-gb 2
62
1
gb-gc 1
63
2
gc-gd 1
ejj-gd 1
64
1
gd-ge 1
65
2
ge-gf 1
ejj-gf 2
66
1
gf-gg 1
67
2
gg-gh 1
ejj-gh 1
68
1
gh-gi 1
69
2
gi-gj 1
ejj-gj 2
70
1
gj-ha 1
71
2
ha-hb 2
ejj-hb 1
72
1
hb-hc 1
73
2
ejj-hd 1
hc-hd 2
74
1
hd-he 1
75
2
he-hf 1
ejj-hf 1
76
1
hf-hg 1
77
2
hg-hh 2
ejj-hh 2
78
1
hh-hi 1
79
2
hi-hj 1
ejj-hj 2
80
1
hj-ia 1
81
2
ia-ib 1
ejj-ib 1
82
1
ib-ic 1
83
2
ic-id 1
ejj-id 1
84
1
id-ie 1
85
2
ejj-if 1
ie-if 2
86
1
if-ig 1
87
2
ejj-ih 1
ig-ih 1
88
1
ih-ii 1
89
2
ejj-ij 2
ii-ij 2
90
1
ij-ja 1
91
2
ejj-jb 2
ja-jb 2
92
1
jb-jc 1
93
2
jc-jd 2
ejj-jd 1
94
1
jd-je 1
95
2
je-jf 2
ejj-jf 2
96
1
jf-jg 1
97
2
ejj-jh 1
jg-jh 1
98
1
jh-ji 1
99
2
ji-jj 2
ejj-jj 2
100
1
jj-baa 1
101
2
baa-bab 1
ejj-bab 2
102
1
bab-bac 1
103
2
bac-bad 2
ejj-bad 2
104
1
bad-bae 1
105
2
bae-baf 2
ejj-baf 1
106
1
baf-bag 1
107
2
ejj-bah 2
bag-bah 1
108
1
bah-bai 1
109
2
bai-baj 1
ejj-baj 1
110
1
baj-bba 1
111
2
bba-bbb 1
ejj-bbb 1
112
1
bbb-bbc 1
113
2
bbc-bbd 2
ejj-bbd 2
114
1
bbd-bbe 1
115
2
bbe-bbf 1
ejj-bbf 1
116
1
bbf-bbg 1
117
2
ejj-bbh 1
bbg-bbh 2
118
1
bbh-bbi 1
119
2
ejj-bbj 1
bbi-bbj 2
120
1
bbj-bca 1
121
2
bca-bcb 2
ejj-bcb 1
122
1
bcb-bcc 1
123
2
ejj-bcd 2
bcc-bcd 2
124
1
bcd-bce 1
125
2
ejj-bcf 2
bce-bcf 1
126
1
bcf-bcg 1
127
2
ejj-bch 1
bcg-bch 1
128
1
bch-bci 1
129
2
bci-bcj 1
ejj-bcj 1
130
1
bcj-bda 1
131
2
bda-bdb 1
ejj-bdb 1
132
1
bdb-bdc 1
133
2
bdc-bdd 2
ejj-bdd 2
134
1
bdd-bde 1
135
2
ejj-bdf 1
bde-bdf 1
136
1
bdf-bdg 1
137
2
bdg-bdh 2
ejj-bdh 2
138
1
bdh-bdi 1
139
2
bdi-bdj 1
ejj-bdj 2
140
1
bdj-bea 1
141
2
ejj-beb 2
bea-beb 1
142
1
beb-bec 1
143
2
ejj-bed 2
bec-bed 2
144
1
bed-bee 1
145
2
bee-bef 1
ejj-bef 2
146
1
bef-beg 1
147
2
beg-beh 2
ejj-beh 1
148
1
beh-bei 1
149
2
ejj-bej 2
bei-bej 1
150
1
bej-bfa 1
151
2
bfa-bfb 2
ejj-bfb 2
152
1
bfb-bfc 1
153
2
bfc-bfd 1
ejj-bfd 2
154
1
bfd-bfe 1
155
2
ejj-bff 2
bfe-bff 1
156
1
bff-bfg 1
157
2
bfg-bfh 2
ejj-bfh 1
158
1
bfh-bfi 1
159
2
bfi-bfj 2
ejj-bfj 1
160
1
bfj-bga 1
161
2
bga-bgb 3
ejj-bgb 1
162
1
bgb-bgc 1
163
2
bgc-bgd 2
ejj-bgd 2
164
1
bgd-bge 1
165
2
bge-bgf 1
ejj-bgf 2
166
1
bgf-bgg 1
167
2
bgg-bgh 1
ejj-bgh 1
168
1
bgh-bgi 1
169
2
bgi-bgj 2
ejj-bgj 2
170
1
bgj-bha 1
171
2
bha-bhb 1
ejj-bhb 2
172
1
bhb-bhc 1
173
2
bhc-bhd 2
ejj-bhd 1
174
1
bhd-bhe 1
175
2
bhe-bhf 1
ejj-bhf 2
176
1
bhf-bhg 1
177
2
ejj-bhh 1
bhg-bhh 1
178
1
bhh-bhi 1
179
2
bhi-bhj 1
ejj-bhj 2
180
1
bhj-bia 1
181
2
bia-bib 1
ejj-bib 2
182
1
bib-bic 1
183
2
ejj-bid 1
bic-bid 1
184
1
bid-bie 1
185
2
ejj-bif 1
bie-bif 2
186
1
bif-big 1
187
2
ejj-bih 2
big-bih 1
188
1
bih-bii 1
189
2
ejj-bij 2
bii-bij 2
190
1
bij-bja 1
191
2
bja-bjb 2
ejj-bjb 1
192
1
bjb-bjc 1
193
2
ejj-bjd 2
bjc-bjd 1
194
1
bjd-bje 1
195
2
bje-bjf 1
ejj-bjf 2
196
1
bjf-bjg 1
197
2
bjg-bjh 1
ejj-bjh 2
198
1
bjh-bji 1
199
2
bji-bjj 2
ejj-bjj 2
200
1
bjj-caa 1
201
2
caa-cab 1
ejj-cab 2
202
1
cab-cac 1
203
2
cac-cad 2
ejj-cad 1
204
1
cad-cae 1
205
2
cae-caf 1
ejj-caf 1
206
1
caf-cag 1
207
2
cag-cah 3
ejj-cah 2
208
1
cah-cai 1
209
2
cai-caj 1
ejj-caj 1
210
1
caj-cba 1
211
2
ejj-cbb 1
cba-cbb 1
212
1
cbb-cbc 1
213
2
cbc-cbd 1
ejj-cbd 1
214
1
cbd-cbe 1
215
2
ejj-cbf 1
cbe-cbf 1
216
1
cbf-cbg 1
217
2
cbg-cbh 1
ejj-cbh 2
218
1
cbh-cbi 1
219
2
cbi-cbj 2
ejj-cbj 2
220
1
cbj-cca 1
221
2
cca-ccb 2
ejj-ccb 2
222
1
ccb-ccc 1
223
2
ccc-ccd 2
ejj-ccd 1
224
1
ccd-cce 1
225
2
ejj-ccf 2
cce-ccf 1
226
1
ccf-ccg 1
227
2
ccg-cch 2
ejj-cch 2
228
1
cch-cci 1
229
2
ejj-ccj 2
cci-ccj 1
230
1
ccj-cda 1
231
2
ejj-cdb 2
cda-cdb 1
232
1
cdb-cdc 1
233
2
ejj-cdd 1
cdc-cdd 2
234
1
cdd-cde 1
235
2
cde-cdf 2
ejj-cdf 1
236
1
cdf-cdg 1
237
2
cdg-cdh 2
ejj-cdh 1
238
1
cdh-cdi 1
239
2
ejj-cdj 2
cdi-cdj 1
240
1
cdj-cea 1
241
2
cea-ceb 1
ejj-ceb 1
242
1
ceb-cec 1
243
2
cec-ced 1
ejj-ced 1
244
1
ced-cee 1
245
2
ejj-cef 1
cee-cef 2
246
1
cef-ceg 1
247
2
ceg-ceh 1
ejj-ceh 2
248
1
ceh-cei 1
249
2
cei-cej 2
ejj-cej 2
250
1
cej-cfa 1
251
2
cfa-cfb 2
ejj-cfb 1
252
1
cfb-cfc 1
253
2
cfc-cfd 2
ejj-cfd 1
254
1
cfd-cfe 1
255
2
ejj-cff 1
cfe-cff 1
256
1
cff-cfg 1
257
2
cfg-cfh 2
ejj-cfh 1
258
1
cfh-cfi 1
259
2
ejj-cfj 2
cfi-cfj 1
260
1
cfj-cga 1
261
2
ejj-cgb 2
cga-cgb 2
262
1
cgb-cgc 1
263
2
ejj-cgd 1
cgc-cgd 1
264
1
cgd-cge 1
265
2
ejj-cgf 2
cge-cgf 2
266
1
cgf-cgg 1
267
2
cgg-cgh 1
ejj-cgh 1
268
1
cgh-cgi 1
269
2
cgi-cgj 2
ejj-cgj 2
270
1
cgj-cha 1
271
2
cha-chb 2
ejj-chb 2
272
1
chb-chc 1
273
2
ejj-chd 2
chc-chd 1
274
1
chd-che 1
275
2
che-chf 2
ejj-chf 1
276
1
chf-chg 1
277
2
chg-chh 1
ejj-chh 2
278
1
chh-chi 1
279
2
ejj-chj 2
chi-chj 2
280
1
chj-cia 1
281
2
cia-cib 2
ejj-cib 1
282
1
cib-cic 1
283
2
cic-cid 1
ejj-cid 2
284
1
cid-cie 1
285
2
ejj-cif 1
cie-cif 1
286
1
cif-cig 1
287
2
cig-cih 2
ejj-cih 1
288
1
cih-cii 1
289
2
cii-cij 3
ejj-cij 1
290
1
cij-cja 1
291
2
ejj-cjb 1
cja-cjb 1
292
1
cjb-cjc 1
293
2
cjc-cjd 2
ejj-cjd 2
294
1
cjd-cje 1
295
2
cje-cjf 2
ejj-cjf 2
296
1
cjf-cjg 1
297
2
cjg-cjh 2
ejj-cjh 2
298
1
cjh-cji 1
299
2
cji-cjj 1
ejj-cjj 1
300
1
cjj-daa 1
301
2
daa-dab 3
ejj-dab 1
302
1
dab-dac 1
303
2
dac-dad 1
ejj-dad 1
304
1
dad-dae 1
305
2
dae-daf 1
ejj-daf 2
306
1
daf-dag 1
307
2
dag-dah 1
ejj-dah 2
308
1
dah-dai 1
309
2
dai-daj 1
ejj-daj 2
310
1
daj-dba 1
311
2
ejj-dbb 1
dba-dbb 2
312
1
dbb-dbc 1
313
2
dbc-dbd 2
ejj-dbd 2
314
1
dbd-dbe 1
315
2
ejj-dbf 1
dbe-dbf 1
316
1
dbf-dbg 1
317
2
dbg-dbh 1
ejj-dbh 1
318
1
dbh-dbi 1
319
2
dbi-dbj 2
ejj-dbj 2
320
1
dbj-dca 1
321
2
ejj-dcb 1
dca-dcb 2
322
1
dcb-dcc 1
323
2
dcc-dcd 2
ejj-dcd 2
324
1
dcd-dce 1
325
2
ejj-dcf 1
dce-dcf 1
326
1
dcf-dcg 1
327
2
ejj-dch 2
dcg-dch 1
328
1
dch-dci 1
329
2
dci-dcj 2
ejj-dcj 1
330
1
dcj-dda 1
331
2
dda-ddb 2
ejj-ddb 1
332
1
ddb-ddc 1
333
2
ddc-ddd 1
ejj-ddd 1
334
1
ddd-dde 1
335
2
ejj-ddf 2
dde-ddf 2
336
1
ddf-ddg 1
337
2
ddg-ddh 3
ejj-ddh 2
338
1
ddh-ddi 1
339
2
ddi-ddj 2
ejj-ddj 1
340
1
ddj-dea 1
341
2
ejj-deb 2
dea-deb 1
342
1
deb-dec 1
343
2
dec-ded 2
ejj-ded 2
344
1
ded-dee 1
345
2
dee-def 2
ejj-def 2
346
1
def-deg 1
347
2
deg-deh 2
ejj-deh 2
348
1
deh-dei 1
349
2
ejj-dej 1
dei-dej 2
350
1
dej-dfa 1
351
2
dfa-dfb 3
ejj-dfb 2
352
1
dfb-dfc 1
353
2
dfc-dfd 2
ejj-dfd 1
354
1
dfd-dfe 1
355
2
dfe-dff 1
ejj-dff 2
356
1
dff-dfg 1
357
2
dfg-dfh 1
ejj-dfh 2
358
1
dfh-dfi 1
359
2
dfi-dfj 1
ejj-dfj 1
360
1
dfj-dga 1
361
2
ejj-dgb 1
dga-dgb 2
362
1
dgb-dgc 1
363
2
dgc-dgd 1
ejj-dgd 1
364
1
dgd-dge 1
365
2
dge-dgf 1
ejj-dgf 1
366
1
dgf-dgg 1
367
2
dgg-dgh 1
ejj-dgh 1
368
1
dgh-dgi 1
369
2
ejj-dgj 2
dgi-dgj 2
370
1
dgj-dha 1
371
2
dha-dhb 1
ejj-dhb 1
372
1
dhb-dhc 1
373
2
dhc-dhd 2
ejj-dhd 1
374
1
dhd-dhe 1
375
2
dhe-dhf 2
ejj-dhf 2
376
1
dhf-dhg 1
377
2
ejj-dhh 2
dhg-dhh 2
378
1
dhh-dhi 1
379
2
dhi-dhj 2
ejj-dhj 2
380
1
dhj-dia 1
381
2
dia-dib 1
ejj-dib 2
382
1
dib-dic 1
383
2
ejj-did 1
dic-did 1
384
1
did-die 1
385
2
die-dif 1
ejj-dif 2
386
1
dif-dig 1
387
2
dig-dih 1
ejj-dih 2
388
1
dih-dii 1
389
2
dii-dij 2
ejj-dij 2
390
1
dij-dja 1
391
2
ejj-djb 1
dja-djb 2
392
1
djb-djc 1
393
2
djc-djd 2
ejj-djd 2
394
1
djd-dje 1
395
2
dje-djf 2
ejj-djf 2
396
1
djf-djg 1
397
2
djg-djh 1
ejj-djh 2
398
1
djh-dji 1
399
2
ejj-djj 2
dji-djj 1
400
1
djj-eaa 1
401
2
eaa-eab 1
ejj-eab 2
402
1
eab-eac 1
403
2
ejj-ead 2
eac-ead 2
404
1
ead-eae 1
405
2
ejj-eaf 2
eae-eaf 1
406
1
eaf-eag 1
407
2
eag-eah 2
ejj-eah 1
408
1
eah-eai 1
409
2
ejj-eaj 2
eai-eaj 1
410
1
eaj-eba 1
411
2
eba-ebb 1
ejj-ebb 1
412
1
ebb-ebc 1
413
2
ebc-ebd 1
ejj-ebd 2
414
1
ebd-ebe 1
415
2
ebe-ebf 1
ejj-ebf 2
416
1
ebf-ebg 1
417
2
ebg-ebh 1
ejj-ebh 2
418
1
ebh-ebi 1
419
2
ebi-ebj 1
ejj-ebj 1
420
1
ebj-eca 1
421
2
eca-ecb 2
ejj-ecb 1
422
1
ecb-ecc 1
423
2
ecc-ecd 2
ejj-ecd 1
424
1
ecd-ece 1
425
2
ejj-ecf 2
ece-ecf 2
426
1
ecf-ecg 1
427
2
ecg-ech 1
ejj-ech 2
428
1
ech-eci 1
429
2
ejj-ecj 1
eci-ecj 1
430
1
ecj-eda 1
431
2
ejj-edb 2
eda-edb 1
432
1
edb-edc 1
433
2
edc-edd 2
ejj-edd 2
434
1
edd-ede 1
435
2
ejj-edf 1
ede-edf 2
436
1
edf-edg 1
437
2
edg-edh 1
ejj-edh 2
438
1
edh-edi 1
439
2
ejj-edj 2
edi-edj 1
440
1
edj-eea 1
441
2
ejj-eeb 2
eea-eeb 2
442
1
eeb-eec 1
443
2
ejj-eed 1
eec-eed 1
444
1
eed-eee 1
445
2
eee-eef 2
ejj-eef 1
446
1
eef-eeg 1
447
2
eeg-eeh 2
ejj-eeh 2
448
1
eeh-eei 1
449
2
eei-eej 2
ejj-eej 1
450
1
eej-efa 1
451
2
efa-efb 1
ejj-efb 2
452
1
efb-efc 1
453
2
efc-efd 2
ejj-efd 2
454
1
efd-efe 1
455
2
ejj-eff 1
efe-eff 1
456
1
eff-efg 1
457
2
efg-efh 1
ejj-efh 1
458
1
efh-efi 1
459
2
efi-efj 1
ejj-efj 1
460
1
efj-ega 1
461
2
ejj-egb 2
ega-egb 1
462
1
egb-egc 1
463
2
egc-egd 2
ejj-egd 2
464
1
egd-ege 1
465
2
ejj-egf 2
ege-egf 1
466
1
egf-egg 1
467
2
ejj-egh 2
egg-egh 1
468
1
egh-egi 1
469
2
egi-egj 1
ejj-egj 2
470
1
egj-eha 1
471
2
eha-ehb 1
ejj-ehb 1
472
1
ehb-ehc 1
473
2
ehc-ehd 1
ejj-ehd 2
474
1
ehd-ehe 1
475
2
ejj-ehf 1
ehe-ehf 2
476
1
ehf-ehg 1
477
2
ehg-ehh 1
ejj-ehh 1
478
1
ehh-ehi 1
479
2
ejj-ehj 2
ehi-ehj 2
480
1
ehj-eia 1
481
2
eia-eib 1
ejj-eib 2
482
1
eib-eic 1
483
2
eic-eid 2
ejj-eid 1
484
1
eid-eie 1
485
2
eie-eif 2
ejj-eif 1
486
1
eif-eig 1
487
2
eig-eih 2
ejj-eih 1
488
1
eih-eii 1
489
2
ejj-eij 2
eii-eij 1
490
1
eij-eja 1
491
2
ejj-ejb 1
eja-ejb 1
492
1
ejb-ejc 1
493
2
ejj-ejd 2
ejc-ejd 2
494
1
ejd-eje 1
495
2
ejj-ejf 1
eje-ejf 1
496
1
ejf-ejg 1
497
2
ejj-ejh 2
ejg-ejh 1
498
1
ejh-eji 1
499
250
bac-ejj 1
bic-ejj 2
dba-ejj 2
i-ejj 1
he-ejj 1
bgg-ejj 1
ccg-ejj 2
cdg-ejj 2
bc-ejj 2
ca-ejj 2
ge-ejj 2
ha-ejj 1
bcg-ejj 2
bec-ejj 1
bee-ejj 2
bha-ejj 2
cdi-ejj 1
cjc-ejj 2
cjg-ejj 2
dfg-ejj 2
eag-ejj 1
ejc-ejj 1
e-ejj 2
ba-ejj 1
bi-ejj 1
dc-ejj 2
dg-ejj 2
ee-ejj 2
gi-ejj 2
hc-ejj 2
hi-ejj 2
ig-ejj 2
ja-ejj 2
je-ejj 1
ji-ejj 1
bae-ejj 1
bag-ejj 1
bbc-ejj 1
bbg-ejj 2
bda-ejj 1
bde-ejj 2
bgi-ejj 1
bhc-ejj 2
bie-ejj 2
bii-ejj 1
cbg-ejj 1
cea-ejj 1
ceg-ejj 1
cei-ejj 2
cgi-ejj 2
chg-ejj 1
cia-ejj 1
cja-ejj 2
dac-ejj 2
dai-ejj 1
dce-ejj 1
dde-ejj 1
dhe-ejj 2
dhi-ejj 2
dii-ejj 1
dja-ejj 1
eac-ejj 1
eai-ejj 1
ede-ejj 2
edi-ejj 1
eea-ejj 1
eeg-ejj 1
efc-ejj 1
efi-ejj 2
ege-ejj 2
egg-ejj 2
egi-ejj 1
eha-ejj 1
ehe-ejj 2
eia-ejj 2
eii-ejj 2
a-ejj 2
be-ejj 1
cc-ejj 2
ce-ejj 2
ci-ejj 2
ec-ejj 2
eg-ejj 1
fc-ejj 2
fe-ejj 2
fg-ejj 2
fi-ejj 2
gg-ejj 2
ia-ejj 2
jc-ejj 1
bai-ejj 2
bba-ejj 2
bdc-ejj 2
bdg-ejj 2
bei-ejj 1
bfa-ejj 2
bfi-ejj 1
bga-ejj 1
bgc-ejj 1
big-ejj 2
bja-ejj 1
bje-ejj 2
caa-ejj 1
cae-ejj 2
cbc-ejj 1
cci-ejj 2
cde-ejj 1
cee-ejj 1
cfa-ejj 2
cfg-ejj 1
cfi-ejj 2
cge-ejj 1
cgg-ejj 1
chc-ejj 1
che-ejj 1
cic-ejj 1
cie-ejj 2
cii-ejj 2
cje-ejj 2
daa-ejj 1
dag-ejj 1
dbg-ejj 1
dca-ejj 2
dcc-ejj 1
dci-ejj 2
dda-ejj 1
ddc-ejj 1
ddg-ejj 1
ddi-ejj 1
dea-ejj 2
dec-ejj 1
dee-ejj 1
dei-ejj 1
dfi-ejj 1
dge-ejj 1
dha-ejj 2
dhc-ejj 2
dhg-ejj 2
dia-ejj 1
die-ejj 1
dji-ejj 1
ebg-ejj 2
ecc-ejj 2
eda-ejj 2
edc-ejj 2
edg-ejj 2
eei-ejj 1
efa-ejj 2
efe-ejj 2
ehi-ejj 2
eic-ejj 2
eie-ejj 2
eig-ejj 2
eje-ejj 2
ejg-ejj 2
eji-ejj 2
c-ejj 1
g-ejj 1
bg-ejj 1
cg-ejj 1
da-ejj 1
de-ejj 2
di-ejj 1
ea-ejj 1
ei-ejj 1
fa-ejj 1
ga-ejj 1
gc-ejj 1
hg-ejj 2
ic-ejj 2
ie-ejj 2
ii-ejj 1
jg-ejj 1
baa-ejj 1
bbe-ejj 1
bbi-ejj 1
bca-ejj 1
bcc-ejj 2
bce-ejj 1
bci-ejj 1
bdi-ejj 2
bea-ejj 1
beg-ejj 2
bfc-ejj 1
bfe-ejj 2
bfg-ejj 2
bge-ejj 2
bhe-ejj 1
bhg-ejj 2
bhi-ejj 1
bia-ejj 1
bjc-ejj 1
bjg-ejj 2
bji-ejj 2
cac-ejj 1
cag-ejj 2
cai-ejj 1
cba-ejj 2
cbe-ejj 1
cbi-ejj 1
cca-ejj 1
ccc-ejj 2
cce-ejj 2
cda-ejj 2
cdc-ejj 1
cec-ejj 2
cfc-ejj 2
cfe-ejj 2
cga-ejj 2
cgc-ejj 1
cha-ejj 2
chi-ejj 1
cig-ejj 2
cji-ejj 1
dae-ejj 1
dbc-ejj 1
dbe-ejj 2
dbi-ejj 2
dcg-ejj 2
deg-ejj 1
dfa-ejj 2
dfc-ejj 1
dfe-ejj 1
dga-ejj 2
dgc-ejj 2
dgg-ejj 1
dgi-ejj 1
dic-ejj 1
dig-ejj 1
djc-ejj 1
dje-ejj 2
djg-ejj 1
eaa-ejj 1
eae-ejj 2
eba-ejj 2
ebc-ejj 1
ebe-ejj 2
ebi-ejj 1
eca-ejj 2
ece-ejj 1
ecg-ejj 1
eci-ejj 2
eec-ejj 2
eee-ejj 2
efg-ejj 2
ega-ejj 1
egc-ejj 1
ehc-ejj 2
ehg-ejj 1
eja-ejj 1
