4106
199 67 199 78
199 4 199 15
198 237 199 242
198 214 199 219
198 195 199 200
198 183 198 194
198 162 199 167
198 143 199 148
198 126 199 131
198 61 199 66
198 7 198 18
197 225 199 228
197 187 197 198
197 178 199 180
197 136 198 141
197 114 199 117
197 108 198 113
197 69 198 74
197 33 198 38
197 22 199 25
196 238 197 243
196 174 199 175
196 162 197 167
196 143 197 148
196 132 199 134
196 126 197 131
196 120 198 123
196 103 198 106
196 94 197 99
196 91 199 93
196 84 199 86
196 76 198 79
196 63 197 68
196 50 197 55
196 9 197 14
195 244 199 245
195 221 197 224
195 215 197 218
195 189 196 194
195 183 197 186
195 158 199 159
195 155 198 157
195 136 196 141
195 108 196 113
195 70 196 75
195 28 197 31
195 22 196 27
194 238 195 243
194 225 196 228
194 208 199 209
194 201 199 202
194 170 197 172
194 162 195 167
194 142 195 147
194 126 195 131
194 114 196 117
194 100 199 101
194 91 195 96
194 64 195 69
194 50 195 55
194 41 199 42
194 35 196 38
194 15 195 19
194 9 195 14
194 0 197 2
193 246 198 247
193 204 198 205
193 189 194 194
193 178 196 180
193 160 198 161
193 154 194 159
193 148 195 151
193 136 194 141
193 82 198 83
193 76 195 79
193 24 194 29
193 20 198 21
193 4 198 5
192 239 193 244
192 231 199 231
192 229 197 230
192 221 194 224
192 215 194 218
192 197 195 199
192 182 199 182
192 163 193 168
192 152 197 153
192 142 193 147
192 127 193 132
192 121 195 123
192 103 195 105
192 92 193 97
192 65 193 70
192 56 199 56
192 50 193 55
192 32 199 32
192 9 193 14
191 225 193 228
191 211 196 212
191 195 196 196
191 189 192 194
191 154 192 159
191 136 192 141
191 107 199 107
191 90 199 90
191 33 196 34
191 24 192 29
191 7 196 8
190 239 191 244
190 235 199 235
190 187 195 188
190 174 195 175
190 170 193 172
190 163 191 168
190 148 192 151
190 142 191 147
190 128 191 133
190 125 199 125
190 118 199 118
190 115 193 117
190 92 191 97
190 84 195 85
190 81 199 81
190 76 192 79
190 65 191 70
190 60 199 60
190 51 191 56
190 40 193 42
190 35 193 37
190 9 191 14
190 3 199 3
190 0 193 2
189 233 199 233
189 221 191 224
189 203 199 203
189 190 190 195
189 183 194 184
189 181 199 181
189 178 192 180
189 176 199 176
189 173 199 173
189 160 192 162
189 154 190 159
189 136 190 141
189 119 199 119
189 111 194 112
189 108 194 109
189 73 194 74
189 71 194 72
189 49 199 49
189 30 194 31
189 24 190 29
188 248 199 248
188 239 189 244
188 232 199 232
188 225 190 228
188 208 193 209
188 201 193 202
188 177 199 177
188 163 189 168
188 146 189 151
188 128 189 133
188 121 191 123
188 100 193 101
188 92 189 97
188 65 189 70
188 58 199 58
188 51 189 56
188 17 193 18
188 9 189 14
187 236 198 236
187 213 198 213
187 210 198 210
187 204 192 205
187 190 188 195
187 169 198 169
187 154 188 159
187 142 189 145
187 136 188 141
187 115 189 118
187 102 198 102
187 82 192 83
187 76 189 79
187 43 198 43
187 39 198 39
187 35 189 38
187 24 188 29
187 20 192 21
187 6 198 6
187 4 192 5
187 0 189 3
186 239 187 244
186 237 197 237
186 230 191 231
186 221 188 224
186 198 191 199
186 187 189 189
186 178 188 181
186 163 187 168
186 152 191 153
186 146 187 151
186 135 197 135
186 128 187 133
186 103 191 104
186 92 187 97
186 71 188 74
186 65 187 70
186 62 197 62
186 57 197 57
186 51 187 56
186 46 197 46
186 40 189 42
186 15 191 16
186 9 187 14
185 234 196 234
185 225 187 228
185 214 196 214
185 211 190 212
185 200 196 200
185 196 190 197
185 190 186 195
185 154 186 159
185 136 186 141
185 108 188 110
185 89 196 89
185 87 196 87
185 47 196 47
185 24 186 29
185 7 190 8
185 0 186 5
184 239 185 244
184 220 195 220
184 206 195 206
184 174 189 175
184 170 189 171
184 163 185 168
184 146 185 151
184 134 195 134
184 128 185 133
184 120 195 120
184 106 195 106
184 98 195 98
184 92 185 97
184 88 195 88
184 86 195 86
184 84 189 85
184 76 186 79
184 69 185 74
184 59 195 59
184 35 186 38
184 9 185 14
183 245 194 245
183 221 185 224
183 207 194 207
183 190 184 195
183 186 194 186
183 183 188 184
183 178 185 181
183 160 188 161
183 154 184 159
183 142 186 144
183 136 184 141
183 116 186 118
183 113 194 113
183 75 194 75
183 63 194 63
183 52 185 55
183 30 188 31
183 24 184 29
183 23 194 23
183 0 184 5
182 239 183 244
182 225 184 228
182 208 187 209
182 187 185 189
182 163 183 168
182 146 183 151
182 126 193 126
182 124 193 124
182 122 187 123
182 92 183 97
182 84 183 89
182 69 183 74
182 66 185 68
182 44 193 44
182 40 185 42
182 19 193 19
182 17 187 18
182 9 183 14
181 246 192 246
181 238 192 238
181 204 186 205
181 190 182 195
181 136 182 141
181 128 183 131
181 114 192 114
181 108 184 110
181 91 192 91
181 82 186 83
181 80 192 80
181 76 183 79
181 64 192 64
181 61 192 61
181 48 192 48
181 35 183 38
181 25 182 30
181 22 192 22
181 20 186 21
180 249 191 249
180 239 181 244
180 230 185 231
180 221 182 224
180 219 191 219
180 217 191 217
180 216 191 216
180 215 191 215
180 198 185 199
180 185 191 185
180 182 191 182
180 178 182 181
180 163 181 168
180 158 182 161
180 154 182 157
180 152 185 153
180 146 181 151
180 132 183 134
180 127 191 127
180 105 191 105
180 103 185 104
180 99 191 99
180 92 181 97
180 84 181 89
180 66 181 71
180 56 185 57
180 52 182 55
180 45 191 45
180 32 191 32
180 15 185 16
180 9 181 14
179 247 190 247
179 211 184 212
179 196 184 197
179 190 180 195
179 146 179 157
179 142 182 144
179 136 180 141
179 107 190 107
179 90 190 90
179 50 190 50
179 34 190 34
179 33 190 33
179 25 180 30
179 7 184 8
179 3 182 5
179 0 182 2
178 239 179 244
178 235 189 235
178 187 181 189
178 174 183 175
178 172 189 172
178 170 183 171
178 163 179 168
178 146 178 157
178 128 180 131
178 125 189 125
178 122 181 124
178 92 179 97
178 84 179 89
178 81 189 81
178 76 180 79
178 72 181 74
178 66 179 71
178 60 189 60
178 52 179 57
178 40 181 42
178 35 180 38
178 17 181 19
177 233 188 233
177 221 179 224
177 203 188 203
177 190 178 195
177 183 182 184
177 178 179 181
177 176 188 176
177 173 188 173
177 162 188 162
177 146 177 157
177 136 178 141
177 119 188 119
177 116 182 117
177 112 188 112
177 111 188 111
177 108 180 110
177 49 188 49
177 25 178 30
177 20 180 22
177 9 179 12
177 0 178 5
176 248 187 248
176 239 177 244
176 232 187 232
176 227 181 228
176 215 179 217
176 208 181 209
176 202 187 202
176 201 187 201
176 177 187 177
176 146 176 157
176 121 187 121
176 103 179 105
176 101 187 101
176 92 177 97
176 84 177 89
176 66 177 71
176 58 187 58
176 52 177 57
176 14 179 16
175 236 186 236
175 229 186 229
175 213 186 213
175 210 186 210
175 204 180 205
175 190 176 195
175 169 186 169
175 165 177 168
175 147 175 158
175 145 186 145
175 142 178 144
175 136 176 141
175 128 177 131
175 122 177 125
175 115 186 115
175 102 186 102
175 82 180 83
175 76 177 79
175 64 180 65
175 47 180 48
175 43 186 43
175 39 186 39
175 35 177 38
175 25 176 30
175 6 186 6
175 0 176 5
174 239 175 244
174 237 185 237
174 230 179 231
174 221 176 224
174 198 179 199
174 187 177 189
174 178 176 181
174 170 177 172
174 159 179 160
174 147 174 158
174 135 185 135
174 100 185 100
174 84 175 89
174 72 177 74
174 66 175 71
174 62 185 62
174 53 175 58
174 51 185 51
174 46 185 46
174 40 177 42
174 17 177 19
174 9 176 12
173 234 184 234
173 214 184 214
173 211 178 212
173 200 184 200
173 190 174 195
173 147 173 158
173 140 174 145
173 110 176 112
173 93 175 96
173 33 178 34
173 25 174 30
173 20 176 22
173 7 178 8
172 239 173 244
172 220 183 220
172 215 175 217
172 206 183 206
172 165 174 168
172 163 177 164
172 147 172 158
172 136 174 139
172 128 174 131
172 122 174 125
172 120 183 120
172 106 183 106
172 103 175 105
172 98 183 98
172 84 173 89
172 76 174 79
172 66 173 71
172 53 173 58
172 35 174 38
172 14 175 16
172 3 174 6
171 245 182 245
171 221 173 224
171 218 182 218
171 207 182 207
171 190 172 195
171 186 182 186
171 183 176 184
171 178 173 181
171 175 176 176
171 169 173 172
171 147 171 158
171 140 172 145
171 116 176 117
171 113 182 113
171 108 176 109
171 75 182 75
171 63 182 63
171 31 182 31
171 25 172 30
171 23 182 23
171 9 173 12
171 0 174 2
170 239 171 244
170 227 175 228
170 208 175 209
170 201 175 202
170 187 173 189
170 163 171 168
170 147 170 158
170 126 181 126
170 93 172 96
170 72 173 74
170 66 171 71
170 53 171 58
170 44 181 44
170 40 173 42
170 24 181 24
170 17 173 19
169 246 180 246
169 238 180 238
169 225 180 225
169 210 172 212
169 204 174 205
169 190 170 195
169 147 169 158
169 140 170 145
169 136 171 139
169 128 171 131
169 122 171 125
169 118 180 118
169 114 180 114
169 103 171 106
169 91 180 91
169 82 174 83
169 80 180 80
169 76 171 79
169 64 174 65
169 61 180 61
169 47 174 48
169 35 171 38
169 3 171 6
168 249 179 249
168 230 173 231
168 219 179 219
168 215 171 217
168 198 173 199
168 185 179 185
168 182 179 182
168 178 170 181
168 163 169 168
168 159 173 160
168 147 168 158
168 134 179 134
168 133 179 133
168 127 179 127
168 99 179 99
168 87 171 89
168 84 171 86
168 66 169 71
168 59 179 59
168 53 169 58
168 45 179 45
168 32 179 32
168 25 170 28
168 14 171 16
168 13 179 13
168 9 170 12
167 247 178 247
167 242 169 245
167 221 170 223
167 196 178 196
167 190 168 195
167 169 170 171
167 149 167 160
167 136 168 141
167 111 172 112
167 93 169 96
167 90 178 90
167 50 178 50
167 29 170 31
167 20 172 21
167 7 172 8
167 0 170 2
166 239 169 241
166 235 177 235
166 226 177 226
166 187 169 189
166 174 177 174
166 163 167 168
166 149 166 160
166 142 168 145
166 128 168 131
166 122 168 125
166 107 177 107
166 103 168 106
166 84 167 89
166 81 177 81
166 76 168 79
166 72 169 74
166 66 167 71
166 53 167 58
166 40 169 42
166 35 168 38
166 17 169 19
166 3 168 6
165 242 166 247
165 233 176 233
165 210 168 212
165 191 166 196
165 183 170 184
165 179 167 182
165 175 170 176
165 173 176 173
165 162 176 162
165 149 165 160
165 136 166 141
165 119 176 119
165 116 170 117
165 108 170 109
165 60 176 60
165 25 167 28
165 12 167 15
164 248 175 248
164 232 175 232
164 227 169 228
164 208 169 209
164 203 175 203
164 201 169 202
164 177 175 177
164 163 165 168
164 149 164 160
164 146 175 146
164 121 175 121
164 101 175 101
164 97 175 97
164 93 166 96
164 92 175 92
164 84 165 89
164 66 165 71
164 53 165 58
164 49 175 49
164 9 167 11
163 242 164 247
163 236 174 236
163 229 174 229
163 221 166 223
163 213 174 213
163 204 168 205
163 197 174 197
163 191 164 196
163 179 164 184
163 161 174 161
163 149 163 160
163 142 165 145
163 136 164 141
163 128 165 131
163 115 174 115
163 103 165 106
163 102 174 102
163 82 168 83
163 76 165 79
163 64 168 65
163 52 174 52
163 47 168 48
163 43 174 43
163 39 174 39
163 35 165 38
163 29 166 31
163 3 165 6
163 0 166 2
162 239 165 241
162 237 173 237
162 230 167 231
162 215 167 216
162 198 167 199
162 187 165 189
162 163 163 168
162 147 167 148
162 135 173 135
162 133 167 134
162 123 165 125
162 100 173 100
162 92 163 97
162 84 163 89
162 72 165 74
162 66 163 71
162 62 173 62
162 53 163 58
162 51 173 51
162 46 173 46
162 25 164 28
162 17 165 19
162 12 164 15
161 242 162 247
161 234 172 234
161 214 172 214
161 210 164 212
161 200 172 200
161 192 162 197
161 179 162 184
161 170 166 171
161 156 162 161
161 149 162 154
161 136 162 141
161 111 166 112
161 110 172 110
161 34 172 34
161 20 166 21
161 7 166 8
161 1 162 6
160 220 171 220
160 206 171 206
160 201 163 203
160 163 161 168
160 142 162 145
160 132 171 132
160 128 162 131
160 120 171 120
160 102 162 105
160 98 171 98
160 92 161 97
160 84 161 89
160 76 162 79
160 69 161 74
160 53 161 58
160 41 165 42
160 35 162 38
160 29 162 32
160 22 171 22
159 242 160 247
159 224 170 224
159 221 162 223
159 218 170 218
159 207 170 207
159 192 160 197
159 186 170 186
159 179 160 184
159 175 164 176
159 172 170 172
159 156 160 161
159 149 160 154
159 136 160 141
159 113 170 113
159 108 164 109
159 75 170 75
159 63 170 63
159 47 162 49
159 25 161 28
159 23 170 23
159 12 161 15
159 1 160 6
158 239 161 241
158 232 163 233
158 227 163 228
158 187 161 189
158 163 159 168
158 133 161 135
158 126 169 126
158 123 161 125
158 121 163 122
158 84 159 89
158 66 161 68
158 53 159 58
158 44 169 44
158 24 169 24
158 17 161 19
158 9 163 10
157 242 158 247
157 238 168 238
157 225 168 225
157 204 162 205
157 200 159 203
157 179 158 184
157 156 158 161
157 149 158 154
157 142 159 145
157 136 158 141
157 128 159 131
157 118 168 118
157 114 168 114
157 102 159 105
157 95 159 98
157 91 168 91
157 82 162 83
157 80 168 80
157 76 159 79
157 71 159 74
157 64 162 65
157 61 168 61
157 29 159 32
157 1 158 6
156 249 167 249
156 230 161 231
156 221 158 224
156 219 167 219
156 217 167 217
156 215 161 216
156 198 161 199
156 192 158 195
156 185 167 185
156 163 157 168
156 147 161 148
156 127 167 127
156 121 157 126
156 99 167 99
156 92 159 94
156 84 157 89
156 59 167 59
156 53 157 58
156 45 167 45
156 41 159 43
156 25 158 28
156 12 158 15
155 242 156 247
155 210 160 211
155 200 156 205
155 190 166 190
155 186 157 189
155 178 166 178
155 170 160 171
155 156 156 161
155 149 156 154
155 110 160 111
155 50 166 50
155 16 166 16
155 7 160 8
155 1 156 6
154 239 157 241
154 235 165 235
154 226 165 226
154 179 156 182
154 174 165 174
154 169 165 169
154 163 155 168
154 142 156 145
154 133 157 135
154 128 156 131
154 122 155 127
154 107 165 107
154 102 156 105
154 95 156 98
154 90 165 90
154 84 155 89
154 81 165 81
154 76 156 79
154 71 156 74
154 66 157 68
154 40 165 40
154 37 159 38
154 35 159 36
154 33 165 33
154 29 156 32
153 242 154 247
153 221 155 224
153 196 158 197
153 192 155 195
153 175 158 176
153 162 164 162
153 156 154 161
153 149 154 154
153 139 156 141
153 136 156 138
153 116 164 116
153 108 158 109
153 60 164 60
153 53 155 56
153 47 158 48
153 25 155 28
153 12 155 15
152 248 163 248
152 232 157 233
152 227 157 228
152 215 155 217
152 209 163 209
152 187 154 190
152 177 163 177
152 163 153 168
152 146 163 146
152 126 153 131
152 119 163 119
152 101 163 101
152 84 153 89
152 57 155 59
152 41 155 43
152 11 163 11
152 5 154 8
152 1 154 4
151 236 162 236
151 229 162 229
151 213 162 213
151 203 154 205
151 200 154 202
151 191 162 191
151 183 156 184
151 179 153 182
151 155 162 155
151 149 152 154
151 142 153 145
151 136 152 141
151 122 153 125
151 117 162 117
151 115 162 115
151 106 162 106
151 102 153 105
151 95 153 98
151 82 156 83
151 76 153 79
151 71 153 74
151 64 156 65
151 52 162 52
151 39 162 39
151 29 153 32
151 0 162 0
150 244 152 247
150 239 153 241
150 237 161 237
150 230 155 231
150 208 161 208
150 198 155 199
150 194 152 197
150 163 151 168
150 156 152 159
150 147 155 148
150 133 153 135
150 126 151 131
150 100 161 100
150 93 155 94
150 66 153 68
150 62 161 62
150 53 152 56
150 51 161 51
150 46 161 46
150 35 153 37
150 25 152 28
150 1 151 6
149 234 160 234
149 214 160 214
149 210 154 211
149 200 150 205
149 187 151 190
149 179 150 184
149 170 154 171
149 160 152 162
149 150 150 155
149 136 150 141
149 112 160 112
149 110 154 111
149 40 151 43
149 34 160 34
149 21 160 21
149 14 152 16
148 220 159 220
148 215 151 217
148 194 149 199
148 173 159 173
148 142 150 145
148 132 159 132
148 126 149 131
148 122 150 125
148 120 159 120
148 102 150 105
148 95 150 98
148 88 151 90
148 85 151 87
148 76 150 79
148 71 150 74
148 69 159 69
148 57 151 59
148 29 150 32
148 22 159 22
148 1 149 6
147 242 152 243
147 223 152 224
147 221 152 222
147 218 158 218
147 207 158 207
147 206 158 206
147 200 148 205
147 192 152 193
147 179 148 184
147 175 152 176
147 172 158 172
147 163 149 166
147 156 149 159
147 150 148 155
147 136 148 141
147 113 158 113
147 108 152 109
147 75 158 75
147 63 158 63
147 53 149 56
147 49 158 49
147 47 152 48
147 25 149 28
147 23 158 23
147 12 152 13
146 245 149 247
146 239 149 241
146 232 151 233
146 212 157 212
146 194 147 199
146 147 149 149
146 133 149 135
146 127 147 132
146 85 147 90
146 70 157 70
146 66 149 68
146 44 157 44
146 40 148 43
146 35 149 37
146 24 157 24
146 19 157 19
146 18 157 18
146 17 157 17
146 10 157 10
146 9 157 9
146 7 151 8
146 1 147 6
145 238 156 238
145 225 156 225
145 187 148 189
145 160 148 162
145 150 146 155
145 142 147 145
145 136 146 141
145 122 147 125
145 114 156 114
145 110 148 112
145 102 147 105
145 95 147 98
145 80 156 80
145 76 147 79
145 71 147 74
145 64 150 65
145 61 156 61
145 29 147 32
145 14 148 16
144 249 155 249
144 230 149 231
144 221 146 224
144 219 155 219
144 215 147 217
144 204 146 207
144 200 146 203
144 194 145 199
144 185 155 185
144 179 146 182
144 167 149 168
144 163 146 166
144 130 145 135
144 121 155 121
144 99 155 99
144 93 149 94
144 92 155 92
144 91 155 91
144 85 145 90
144 57 147 59
144 53 146 56
144 45 155 45
144 25 146 28
144 1 145 6
143 244 145 247
143 213 148 214
143 210 148 211
143 195 143 206
143 186 154 186
143 178 154 178
143 170 148 171
143 157 146 159
143 150 144 155
143 136 144 141
143 118 154 118
143 50 154 50
143 47 146 49
143 40 145 43
143 7 145 10
142 239 145 241
142 235 153 235
142 226 153 226
142 196 142 207
142 187 144 190
142 174 153 174
142 169 153 169
142 163 143 168
142 147 145 149
142 142 144 145
142 127 145 129
142 122 144 125
142 107 153 107
142 102 144 105
142 95 144 98
142 85 143 90
142 81 153 81
142 76 144 79
142 71 144 74
142 54 143 59
142 38 153 38
142 35 145 37
142 33 153 33
142 29 144 32
142 20 153 20
141 242 146 243
141 221 143 224
141 196 141 207
141 183 146 184
141 179 143 182
141 175 146 176
141 150 142 155
141 136 142 141
141 116 152 116
141 110 144 112
141 91 143 94
141 60 152 60
141 25 143 28
141 14 144 16
141 1 143 4
140 248 151 248
140 232 145 233
140 228 151 228
140 227 151 227
140 215 143 217
140 209 151 209
140 196 140 207
140 177 151 177
140 163 141 168
140 156 142 159
140 146 151 146
140 130 143 132
140 119 151 119
140 101 151 101
140 84 151 84
140 67 145 68
140 54 141 59
140 47 142 50
140 40 142 43
140 17 145 18
140 11 151 11
140 7 142 10
139 236 150 236
139 229 150 229
139 191 150 191
139 187 141 190
139 160 144 161
139 142 141 145
139 136 140 141
139 122 141 125
139 117 150 117
139 115 150 115
139 106 150 106
139 102 141 105
139 95 141 98
139 87 141 90
139 83 150 83
139 82 150 82
139 76 141 79
139 71 141 74
139 64 144 65
139 52 150 52
139 39 150 39
139 35 141 38
139 29 141 32
139 0 150 0
138 239 141 241
138 237 149 237
138 230 143 231
138 221 140 224
138 208 149 208
138 202 139 207
138 196 139 201
138 179 140 182
138 163 139 168
138 147 141 149
138 134 143 135
138 100 149 100
138 62 149 62
138 54 139 59
138 46 149 46
138 25 140 28
138 5 143 6
138 1 140 4
137 246 142 247
137 244 142 245
137 234 148 234
137 213 142 214
137 210 142 211
137 197 137 208
137 153 140 155
137 136 138 141
137 47 139 50
137 40 139 43
137 34 148 34
137 21 148 21
137 7 139 10
136 226 139 228
136 220 147 220
136 215 139 217
136 173 147 173
136 163 137 168
136 157 139 159
136 130 139 132
136 127 141 128
136 126 147 126
136 122 138 125
136 102 138 105
136 95 138 98
136 85 141 86
136 76 138 79
136 69 147 69
136 54 137 59
136 51 147 51
136 29 138 32
136 22 147 22
136 1 137 6
135 242 140 243
135 221 137 224
135 218 146 218
135 203 136 208
135 197 136 202
135 193 146 193
135 192 146 192
135 189 138 191
135 183 140 184
135 179 137 182
135 172 146 172
135 169 140 170
135 151 140 152
135 147 137 150
135 142 138 144
135 136 136 141
135 113 146 113
135 111 140 112
135 109 146 109
135 108 146 108
135 93 140 94
135 91 140 92
135 87 138 89
135 81 138 83
135 75 146 75
135 72 138 74
135 63 146 63
135 25 137 28
135 23 146 23
135 13 146 13
135 12 146 12
134 244 136 247
134 239 137 241
134 232 139 233
134 212 145 212
134 197 134 208
134 163 135 168
134 153 136 156
134 123 135 128
134 120 145 120
134 70 145 70
134 67 139 68
134 66 145 66
134 54 135 59
134 47 136 50
134 44 145 44
134 40 136 43
134 24 145 24
134 19 145 19
134 17 139 18
134 7 136 10
134 1 135 6
133 238 144 238
133 225 144 225
133 197 133 208
133 187 138 188
133 179 134 184
133 162 144 162
133 160 138 161
133 147 134 152
133 136 134 141
133 114 144 114
133 108 134 113
133 102 135 105
133 95 135 98
133 80 144 80
133 76 135 79
133 61 144 61
133 37 138 38
132 249 143 249
132 226 135 228
132 221 134 224
132 215 135 217
132 197 132 208
132 194 143 194
132 189 134 192
132 185 143 185
132 157 135 159
132 142 134 145
132 134 137 135
132 133 143 133
132 123 133 128
132 121 143 121
132 99 143 99
132 91 134 94
132 54 133 59
132 45 143 45
132 25 134 28
132 5 133 10
131 244 133 247
131 219 142 219
131 213 136 214
131 210 136 211
131 197 131 208
131 195 142 195
131 186 142 186
131 179 132 184
131 178 142 178
131 171 142 171
131 165 133 168
131 153 133 156
131 147 132 152
131 136 132 141
131 118 142 118
131 109 132 114
131 87 134 89
131 76 132 81
131 53 142 53
131 47 133 50
131 33 136 34
130 239 133 241
130 235 141 235
130 197 130 208
130 189 131 194
130 131 135 132
130 129 141 129
130 123 131 128
130 107 141 107
130 102 132 105
130 95 132 98
130 85 135 86
130 66 133 68
130 54 131 59
130 42 133 44
130 29 135 30
130 20 141 20
130 17 133 19
130 5 131 10
130 1 133 3
129 242 134 243
129 221 131 224
129 197 129 208
129 176 140 176
129 175 140 175
129 169 134 170
129 160 132 162
129 151 130 156
129 142 131 145
129 136 130 141
129 116 140 116
129 109 130 114
129 91 131 94
129 82 134 83
129 76 130 81
129 74 134 75
129 72 134 73
129 60 140 60
129 16 140 16
129 15 140 15
129 14 140 14
129 12 134 13
128 248 139 248
128 244 130 247
128 226 131 228
128 215 131 217
128 209 139 209
128 197 128 208
128 189 129 194
128 181 130 184
128 177 139 177
128 163 133 164
128 157 131 159
128 147 130 150
128 133 131 135
128 119 139 119
128 101 139 101
128 84 139 84
128 72 128 83
128 47 130 50
128 40 133 41
128 26 131 28
128 11 139 11
128 5 129 10
127 236 138 236
127 229 138 229
127 198 127 209
127 187 132 188
127 178 130 180
127 166 130 168
127 151 128 156
127 146 138 146
127 140 128 145
127 124 129 127
127 117 138 117
127 115 138 115
127 109 128 114
127 106 138 106
127 102 129 105
127 90 138 90
127 87 130 89
127 73 127 84
127 71 138 71
127 65 138 65
127 64 138 64
127 54 129 57
127 52 138 52
127 39 138 39
127 37 132 38
127 36 138 36
127 35 138 35
127 17 129 20
127 0 138 0
126 239 129 241
126 230 137 230
126 221 128 224
126 198 126 209
126 196 137 196
126 189 127 194
126 136 128 139
126 120 131 121
126 100 137 100
126 96 129 98
126 91 128 94
126 73 126 84
126 62 137 62
126 46 137 46
126 42 129 44
126 13 128 16
126 1 129 3
125 244 127 247
125 234 136 234
125 231 136 231
125 213 130 214
125 210 130 211
125 198 125 209
125 181 127 184
125 174 136 174
125 160 128 162
125 151 126 156
125 147 127 150
125 141 126 146
125 110 126 115
125 73 125 84
125 47 127 50
125 35 126 39
125 21 136 21
125 9 127 12
124 237 135 237
124 226 127 228
124 220 135 220
124 200 124 211
124 189 125 194
124 173 135 173
124 157 127 159
124 133 127 135
124 131 129 132
124 128 129 129
124 124 126 127
124 122 135 122
124 102 126 105
124 87 126 90
124 85 129 86
124 69 135 69
124 54 126 57
124 51 135 51
124 31 135 31
124 29 129 30
124 26 127 28
124 22 135 22
124 17 126 20
124 6 127 8
123 242 128 243
123 218 134 218
123 175 128 176
123 172 134 172
123 169 128 170
123 166 126 168
123 151 124 156
123 145 124 150
123 136 125 139
123 91 125 94
123 79 124 84
123 73 124 78
123 63 134 63
123 32 134 32
123 23 134 23
123 13 125 16
122 244 124 247
122 239 125 241
122 232 133 232
122 212 133 212
122 206 123 211
122 200 123 205
122 181 124 184
122 160 124 163
122 145 122 156
122 130 133 130
122 124 123 129
122 110 124 113
122 85 123 90
122 70 133 70
122 42 125 44
122 40 127 41
122 36 124 39
122 26 123 31
122 24 133 24
122 9 124 12
122 4 133 4
122 1 125 3
121 238 132 238
121 233 132 233
121 229 124 231
121 225 132 225
121 201 121 212
121 187 126 188
121 141 124 143
121 131 123 134
121 108 132 108
121 102 123 105
121 79 122 84
121 73 122 78
121 64 126 65
121 61 132 61
121 54 123 57
121 17 123 20
120 249 131 249
120 226 123 228
120 223 125 224
120 201 120 212
120 189 123 191
120 185 131 185
120 157 123 159
120 151 121 156
120 145 121 150
120 136 122 139
120 124 121 129
120 120 125 121
120 99 131 99
120 96 125 97
120 91 122 94
120 85 121 90
120 73 120 84
120 45 131 45
120 37 121 42
120 25 131 25
120 13 122 16
120 6 123 8
119 244 121 247
119 219 130 219
119 213 124 214
119 201 119 212
119 198 124 199
119 195 130 195
119 186 130 186
119 181 121 184
119 171 130 171
119 168 122 170
119 165 130 165
119 160 121 163
119 145 119 156
119 118 130 118
119 114 124 115
119 110 121 113
119 73 119 84
119 53 130 53
119 49 124 50
119 47 124 48
119 34 130 34
119 30 121 33
119 9 121 12
119 1 121 4
118 239 121 241
118 235 129 235
118 201 118 212
118 192 123 193
118 145 118 156
118 131 120 134
118 124 119 129
118 107 129 107
118 102 120 105
118 95 129 95
118 89 119 94
118 73 118 84
118 67 129 67
118 59 129 59
118 58 129 58
118 54 120 57
118 37 119 42
118 26 121 28
118 17 120 20
117 242 122 243
117 229 120 231
117 201 117 212
117 166 122 167
117 145 117 156
117 141 120 143
117 136 119 139
117 123 128 123
117 116 128 116
117 110 118 115
117 85 119 88
117 73 117 84
117 60 128 60
117 13 119 16
116 248 127 248
116 244 118 247
116 226 119 228
116 217 127 217
116 216 127 216
116 215 127 215
116 197 127 197
116 189 119 191
116 181 118 184
116 177 127 177
116 168 118 171
116 164 127 164
116 160 118 163
116 157 119 159
116 145 116 156
116 124 117 129
116 119 127 119
116 101 127 101
116 90 117 95
116 77 116 88
116 72 127 72
116 66 127 66
116 54 117 59
116 43 121 44
116 9 118 12
116 6 119 8
116 5 127 5
116 1 118 4
115 236 126 236
115 207 116 212
115 201 116 206
115 187 120 188
115 180 126 180
115 179 126 179
115 178 126 178
115 151 115 162
115 140 126 140
115 131 117 134
115 117 126 117
115 109 126 109
115 106 126 106
115 102 117 105
115 77 115 88
115 71 126 71
115 64 120 65
115 52 126 52
115 37 117 40
115 30 118 32
115 17 117 20
115 0 126 0
114 223 119 224
114 221 125 221
114 201 114 212
114 196 125 196
114 145 115 150
114 136 116 139
114 124 115 129
114 120 119 121
114 110 116 113
114 100 125 100
114 98 125 98
114 96 119 97
114 90 115 95
114 77 114 88
114 68 125 68
114 62 125 62
114 54 115 59
114 46 125 46
114 26 117 28
114 8 115 13
114 2 115 7
113 234 124 234
113 229 116 231
113 213 118 214
113 201 113 212
113 198 118 199
113 181 115 184
113 174 124 174
113 157 114 162
113 151 114 156
113 144 124 144
113 141 116 143
113 114 116 116
113 77 113 88
113 49 118 50
113 47 118 48
113 33 118 34
113 21 124 21
113 14 116 16
113 2 113 13
112 246 115 248
112 239 117 240
112 237 123 237
112 226 115 228
112 222 123 222
112 220 123 220
112 215 115 217
112 203 112 214
112 194 123 194
112 192 117 193
112 189 115 191
112 173 123 173
112 145 113 150
112 135 123 135
112 131 114 134
112 124 113 129
112 122 123 122
112 102 114 105
112 77 112 88
112 69 123 69
112 54 113 59
112 51 123 51
112 41 117 42
112 37 114 40
112 17 114 20
111 242 116 243
111 218 122 218
111 176 122 176
111 175 122 175
111 166 116 167
111 157 112 162
111 151 112 156
111 136 113 139
111 110 113 113
111 90 113 93
111 73 116 74
111 63 122 63
111 35 122 35
111 30 114 32
111 23 122 23
111 11 112 16
111 5 112 10
110 244 115 245
110 232 121 232
110 207 111 212
110 200 121 200
110 189 111 194
110 181 112 184
110 168 115 169
110 163 115 164
110 151 110 162
110 145 111 150
110 141 112 144
110 130 121 130
110 124 111 129
110 94 113 96
110 83 111 88
110 77 111 82
110 54 111 59
110 47 112 50
110 43 115 44
110 29 121 29
110 26 113 28
110 24 121 24
109 238 120 238
109 233 120 233
109 229 112 231
109 225 120 225
109 203 111 206
109 187 114 188
109 179 114 180
109 177 114 178
109 172 120 172
109 153 109 164
109 141 109 152
109 131 111 134
109 108 120 108
109 102 111 105
109 77 109 88
109 70 114 71
109 61 120 61
109 37 111 40
109 36 120 36
109 17 111 20
109 11 110 16
109 2 112 4
108 249 119 249
108 246 111 248
108 226 111 228
108 223 113 224
108 215 111 217
108 207 109 212
108 189 109 194
108 185 119 185
108 153 108 164
108 141 108 152
108 136 110 139
108 125 109 130
108 120 113 121
108 110 110 113
108 99 119 99
108 97 113 98
108 90 110 93
108 77 108 88
108 54 109 59
108 45 119 45
108 25 119 25
108 5 110 8
107 229 108 234
107 219 118 219
107 201 112 202
107 198 112 199
107 195 118 195
107 186 118 186
107 181 109 184
107 165 118 165
107 153 107 164
107 141 107 152
107 118 118 118
107 115 112 116
107 77 107 88
107 53 118 53
107 47 109 50
107 33 112 34
107 30 110 32
107 26 109 29
107 15 108 20
106 241 117 241
106 239 111 240
106 235 117 235
106 213 111 214
106 207 107 212
106 203 108 206
106 189 107 194
106 177 108 180
106 154 106 165
106 142 106 153
106 131 108 134
106 125 107 130
106 107 117 107
106 102 108 105
106 94 109 96
106 89 117 89
106 77 106 88
106 67 117 67
106 54 107 59
106 41 111 42
106 36 108 39
106 11 108 14
105 246 107 249
105 242 110 243
105 229 106 234
105 203 105 214
105 175 110 176
105 166 110 167
105 154 105 165
105 142 105 153
105 136 107 139
105 123 116 123
105 110 107 113
105 90 107 93
105 78 105 89
105 76 116 76
105 75 116 75
105 73 110 74
105 26 106 31
105 22 116 22
105 15 106 20
105 9 110 10
105 5 107 8
105 2 108 4
104 226 107 228
104 215 107 217
104 203 104 214
104 197 115 197
104 189 105 194
104 181 106 184
104 171 115 171
104 170 115 170
104 168 109 169
104 154 104 165
104 142 104 153
104 125 105 130
104 119 115 119
104 101 115 101
104 97 107 99
104 78 104 89
104 72 115 72
104 66 115 66
104 54 105 59
104 47 106 50
103 238 105 241
103 236 114 236
103 229 104 234
103 187 108 188
103 177 105 180
103 154 103 165
103 142 103 153
103 140 114 140
103 131 105 134
103 117 114 117
103 109 114 109
103 106 114 106
103 102 105 105
103 78 103 89
103 65 114 65
103 64 114 64
103 52 114 52
103 36 105 39
103 32 106 34
103 26 104 31
103 11 105 14
103 5 104 10
103 1 114 1
103 0 114 0
102 246 104 249
102 221 113 221
102 196 113 196
102 189 103 194
102 142 102 153
102 136 104 139
102 120 107 121
102 110 104 113
102 100 113 100
102 94 105 96
102 90 104 93
102 78 102 89
102 73 104 76
102 68 113 68
102 62 113 62
102 54 103 59
102 46 113 46
101 229 102 234
101 214 103 217
101 209 103 212
101 201 106 202
101 198 106 199
101 181 103 184
101 174 112 174
101 168 103 171
101 160 102 165
101 154 102 159
101 142 101 153
101 114 112 114
101 79 101 90
101 26 102 31
101 21 112 21
101 18 104 20
101 9 102 14
101 2 104 4
100 237 111 237
100 226 103 228
100 222 111 222
100 220 111 220
100 206 103 208
100 203 103 205
100 189 101 194
100 177 102 180
100 173 111 173
100 154 100 165
100 142 100 153
100 135 111 135
100 131 102 134
100 125 103 127
100 122 111 122
100 97 103 99
100 91 101 96
100 79 100 90
100 69 111 69
100 60 111 60
100 54 101 59
100 51 111 51
100 48 103 50
100 41 105 42
100 36 102 39
100 5 102 8
99 246 101 249
99 242 104 243
99 239 102 241
99 229 100 234
99 175 104 176
99 166 104 167
99 154 99 165
99 142 99 153
99 110 101 113
99 102 102 104
99 81 99 92
99 73 101 76
99 63 110 63
99 35 110 35
99 32 102 34
99 26 100 31
99 23 110 23
99 15 104 16
98 245 109 245
98 244 109 244
98 218 109 218
98 214 100 217
98 209 100 212
98 203 99 208
98 200 109 200
98 189 99 194
98 181 100 184
98 168 100 171
98 142 98 153
98 138 101 140
98 128 103 129
98 124 109 124
98 93 99 98
98 81 98 92
98 54 99 59
98 44 109 44
98 43 109 43
98 24 109 24
98 18 100 21
97 229 98 234
97 225 108 225
97 187 102 188
97 177 99 180
97 172 108 172
97 162 98 167
97 142 97 153
97 117 102 118
97 108 108 108
97 105 102 106
97 81 97 92
97 71 108 71
97 70 108 70
97 64 102 65
97 48 99 51
97 40 108 40
97 36 99 39
97 26 98 31
97 9 100 11
97 5 99 8
97 2 100 4
97 0 102 1
96 246 98 249
96 226 99 228
96 224 107 224
96 223 107 223
96 203 97 208
96 189 97 194
96 185 107 185
96 158 98 161
96 154 98 157
96 142 96 153
96 136 101 137
96 133 99 135
96 125 99 127
96 120 101 121
96 110 98 113
96 93 97 98
96 81 96 92
96 73 98 76
96 61 107 61
96 54 97 59
96 45 107 45
96 32 98 35
96 25 107 25
96 0 96 11
95 229 96 234
95 219 106 219
95 214 97 217
95 209 97 212
95 201 100 202
95 195 106 195
95 186 106 186
95 181 97 184
95 168 97 171
95 162 96 167
95 150 95 161
95 141 106 141
95 116 106 116
95 115 106 115
95 102 98 104
95 53 106 53
95 26 96 31
95 0 95 11
94 235 105 235
94 220 99 221
94 203 95 208
94 189 95 194
94 177 96 180
94 154 94 165
94 138 97 140
94 131 99 132
94 107 105 107
94 90 95 95
94 79 99 80
94 77 105 77
94 54 95 59
94 48 96 51
94 36 96 39
94 19 97 21
94 0 94 11
93 246 95 249
93 241 98 242
93 239 98 240
93 175 98 176
93 166 94 171
93 154 93 165
93 146 95 149
93 142 95 145
93 133 95 136
93 123 104 123
93 110 95 113
93 96 95 99
93 84 95 87
93 73 95 76
93 67 104 67
93 32 95 35
93 26 94 31
93 22 104 22
93 17 104 17
93 15 98 16
93 0 93 11
92 244 97 245
92 226 95 228
92 214 94 217
92 209 94 212
92 203 93 208
92 197 103 197
92 189 93 194
92 181 94 184
92 160 92 171
92 130 103 130
92 128 97 129
92 125 95 127
92 119 103 119
92 101 103 101
92 81 95 83
92 72 103 72
92 66 103 66
92 54 93 59
92 43 97 44
92 0 92 11
91 238 102 238
91 236 102 236
91 232 94 234
91 229 94 231
91 213 102 213
91 187 96 188
91 172 96 173
91 160 91 171
91 154 92 159
91 151 94 153
91 142 92 147
91 117 96 118
91 109 102 109
91 105 96 106
91 102 94 104
91 90 93 93
91 70 96 71
91 64 96 65
91 52 102 52
91 48 93 51
91 47 102 47
91 36 93 39
91 26 92 31
91 0 91 11
90 246 92 249
90 239 92 242
90 223 95 224
90 203 91 208
90 196 101 196
90 189 91 194
90 177 93 179
90 162 90 173
90 150 90 161
90 138 93 140
90 133 92 136
90 125 91 130
90 120 95 121
90 111 92 114
90 100 101 100
90 96 92 99
90 88 95 89
90 84 92 87
90 78 101 78
90 73 92 76
90 68 101 68
90 62 101 62
90 54 91 59
90 46 101 46
90 32 92 35
90 24 95 25
90 19 93 21
90 0 90 11
89 229 90 234
89 214 91 217
89 209 91 212
89 201 94 202
89 199 100 199
89 198 100 198
89 181 91 184
89 174 100 174
89 162 89 173
89 150 89 161
89 142 90 147
89 101 90 106
89 47 90 52
89 26 90 31
89 15 92 17
89 14 100 14
89 13 100 13
89 12 100 12
89 0 89 11
88 237 99 237
88 226 91 228
88 222 99 222
88 220 93 221
88 203 89 208
88 189 89 194
88 163 88 174
88 151 88 162
88 125 89 130
88 122 99 122
88 94 93 95
88 90 90 93
88 79 93 80
88 69 99 69
88 60 99 60
88 54 89 59
88 41 99 41
88 36 90 39
88 0 88 11
87 246 89 249
87 243 98 243
87 239 89 242
87 175 92 176
87 163 87 174
87 151 87 162
87 148 92 149
87 142 88 147
87 133 89 136
87 117 90 119
87 101 88 106
87 86 89 89
87 73 89 76
87 63 98 63
87 47 88 52
87 42 98 42
87 32 89 35
87 26 88 31
87 23 98 23
87 19 89 22
87 12 88 17
87 0 87 11
86 244 91 245
86 229 88 232
86 218 97 218
86 209 88 212
86 203 87 208
86 200 97 200
86 189 87 194
86 181 88 184
86 177 89 179
86 165 86 176
86 153 86 164
86 138 89 140
86 125 87 130
86 124 97 124
86 111 89 113
86 98 89 100
86 90 87 95
86 82 91 83
85 225 96 225
85 187 90 188
85 162 85 173
85 144 86 149
85 108 96 108
85 101 86 106
85 70 90 71
85 64 90 65
85 54 87 57
85 47 86 52
85 40 96 40
85 36 87 39
85 26 86 31
85 18 96 18
85 12 86 17
85 6 86 11
85 0 86 5
84 240 86 243
84 223 89 224
84 203 85 208
84 189 85 194
84 185 95 185
84 174 85 179
84 153 85 158
84 137 95 137
84 133 86 136
84 125 85 130
84 120 89 121
84 96 89 97
84 90 85 95
84 84 89 85
84 73 86 76
84 61 95 61
84 58 87 60
84 45 95 45
84 32 86 35
84 24 89 25
84 19 86 22
84 0 84 11
83 246 86 248
83 233 88 234
83 229 85 232
83 219 94 219
83 216 88 217
83 209 85 212
83 201 88 202
83 198 88 199
83 195 94 195
83 186 94 186
83 181 85 184
83 168 84 173
83 162 84 167
83 144 84 149
83 141 94 141
83 117 86 119
83 116 94 116
83 115 94 115
83 87 86 89
83 53 94 53
83 47 84 52
83 42 86 44
83 26 84 31
83 12 84 17
83 0 83 11
82 235 93 235
82 226 87 227
82 221 87 222
82 203 83 208
82 189 83 194
82 180 93 180
82 174 83 179
82 162 82 173
82 159 85 161
82 153 83 158
82 138 85 140
82 132 93 132
82 131 93 131
82 125 83 130
82 111 85 113
82 107 93 107
82 102 84 105
82 98 85 100
82 90 83 95
82 79 87 80
82 77 93 77
82 54 84 57
82 36 84 39
82 0 82 11
81 240 83 243
81 229 82 234
81 181 82 186
81 163 81 174
81 151 86 152
81 142 86 143
81 133 83 136
81 123 92 123
81 115 82 120
81 73 83 76
81 67 92 67
81 58 83 61
81 48 82 53
81 26 82 31
81 19 83 22
81 0 81 11
80 244 85 245
80 209 82 212
80 203 81 208
80 197 91 197
80 189 81 194
80 175 81 180
80 163 80 174
80 157 81 162
80 144 82 147
80 125 81 130
80 110 91 110
80 90 81 95
80 82 85 83
80 72 91 72
80 66 91 66
80 42 82 45
80 33 83 35
80 0 80 11
79 246 82 248
79 238 90 238
79 236 90 236
79 229 80 234
79 213 90 213
79 187 84 188
79 181 80 186
79 169 79 180
79 157 79 168
79 153 81 156
79 109 90 109
79 102 81 105
79 87 82 89
79 81 90 81
79 70 84 71
79 64 84 65
79 54 81 57
79 48 80 53
79 36 81 39
79 26 80 31
79 15 82 17
79 12 82 14
79 0 79 11
78 240 80 243
78 189 79 194
78 177 78 188
78 165 78 176
78 153 78 164
78 133 80 136
78 125 79 130
78 114 89 114
78 111 81 113
78 98 81 100
78 96 83 97
78 84 83 85
78 78 89 78
78 73 80 76
78 68 89 68
78 62 89 62
78 58 80 61
78 46 89 46
78 24 83 25
78 19 80 22
78 0 78 11
77 229 78 234
77 215 88 215
77 214 88 214
77 209 79 212
77 201 82 202
77 198 82 199
77 182 77 193
77 155 77 166
77 150 88 150
77 148 82 149
77 144 79 147
77 118 80 120
77 115 80 117
77 90 79 93
77 48 78 53
77 42 79 45
77 32 79 35
77 26 78 31
77 12 78 17
77 0 77 11
76 237 87 237
76 228 87 228
76 226 81 227
76 221 81 222
76 206 79 208
76 203 79 205
76 182 76 193
76 176 77 181
76 170 77 175
76 155 76 166
76 138 81 139
76 131 81 132
76 125 77 130
76 122 87 122
76 102 78 105
76 79 81 80
76 73 77 78
76 69 87 69
76 54 78 57
76 41 87 41
76 36 78 39
76 6 76 17
75 249 86 249
75 246 78 248
75 239 86 239
75 182 75 193
75 170 75 181
75 155 75 166
75 151 80 152
75 145 76 150
75 142 80 143
75 133 77 136
75 115 76 120
75 111 77 114
75 86 86 86
75 70 78 72
75 63 86 63
75 58 77 61
75 48 76 53
75 26 76 31
75 23 86 23
75 19 77 22
75 0 76 5
74 244 79 245
74 241 77 243
74 229 76 232
74 218 85 218
74 203 75 208
74 200 85 200
74 182 74 193
74 170 74 181
74 127 75 132
74 124 85 124
74 94 79 95
74 90 76 93
74 82 79 83
74 73 75 78
74 66 79 67
74 42 76 45
74 32 76 35
74 6 75 11
73 225 84 225
73 220 84 220
73 209 76 211
73 182 73 193
73 170 73 181
73 161 74 166
73 155 74 160
73 111 74 116
73 108 84 108
73 106 84 106
73 102 75 105
73 88 78 89
73 64 78 65
73 54 75 57
73 48 74 53
73 40 84 40
73 36 75 39
73 26 74 31
73 18 84 18
72 246 74 249
72 239 73 244
72 226 75 228
72 224 83 224
72 223 83 223
72 203 73 208
72 194 75 196
72 182 72 193
72 170 72 181
72 167 77 168
72 155 72 166
72 153 77 154
72 149 74 152
72 145 74 148
72 137 83 137
72 133 74 136
72 121 83 121
72 101 83 101
72 99 77 100
72 96 77 97
72 84 77 85
72 73 73 78
72 58 74 61
72 20 74 23
72 12 75 14
72 6 73 11
71 233 76 234
71 229 73 232
71 219 82 219
71 217 82 217
71 216 82 216
71 214 76 215
71 201 76 202
71 198 76 199
71 179 71 190
71 145 71 156
71 141 82 141
71 127 73 130
71 111 72 116
71 90 73 93
71 70 74 72
71 52 72 57
71 47 82 47
71 42 73 45
71 32 73 35
71 26 72 31
71 3 74 5
71 0 74 2
70 239 71 244
70 235 81 235
70 221 75 222
70 203 71 208
70 191 71 196
70 179 70 190
70 170 71 175
70 163 71 168
70 157 71 162
70 145 70 156
70 140 81 140
70 138 75 139
70 125 75 126
70 107 81 107
70 102 72 105
70 79 75 80
70 73 71 78
70 48 72 51
70 36 72 39
70 15 75 16
70 6 71 11
69 246 71 249
69 229 70 234
69 209 72 211
69 179 69 190
69 157 69 168
69 145 69 156
69 142 74 143
69 133 71 136
69 123 80 123
69 117 74 118
69 111 70 116
69 86 74 87
69 58 71 61
69 52 70 57
69 26 70 31
69 20 71 23
69 0 70 5
68 239 69 244
68 226 71 228
68 214 70 217
68 203 69 208
68 197 79 197
68 191 69 196
68 179 68 190
68 176 71 178
68 170 69 175
68 145 68 156
68 127 70 130
68 110 79 110
68 94 73 95
68 90 70 93
68 82 73 83
68 73 69 78
68 66 73 67
68 42 70 45
68 32 70 35
68 12 71 14
68 6 69 11
67 238 78 238
67 236 78 236
67 229 68 234
67 182 67 193
67 170 67 181
67 163 68 168
67 157 68 162
67 145 67 156
67 109 78 109
67 102 69 105
67 88 72 89
67 81 78 81
67 64 72 65
67 52 68 57
67 48 69 51
67 36 69 39
67 26 68 31
67 18 72 19
67 0 68 5
66 246 68 249
66 239 67 244
66 223 71 224
66 213 77 213
66 203 67 208
66 182 66 193
66 169 77 169
66 157 66 168
66 145 66 156
66 138 69 140
66 133 68 136
66 115 68 118
66 111 68 114
66 100 71 101
66 98 77 98
66 96 71 97
66 90 67 95
66 84 71 85
66 73 67 78
66 68 77 68
66 62 77 62
66 58 68 61
66 25 77 25
66 24 77 24
66 20 68 23
66 6 67 11
65 229 66 234
65 214 67 217
65 212 76 212
65 209 68 211
65 201 70 202
65 198 70 199
65 194 67 197
65 170 66 175
65 158 65 169
65 146 65 157
65 144 76 144
65 127 67 130
65 70 70 71
65 49 66 54
65 46 76 46
65 42 67 45
65 32 67 35
65 26 66 31
65 0 66 5
64 239 65 244
64 237 75 237
64 226 67 228
64 221 69 222
64 203 65 208
64 188 65 193
64 182 65 187
64 158 64 169
64 146 64 157
64 125 69 126
64 111 65 116
64 107 69 108
64 102 66 105
64 79 69 80
64 73 65 78
64 69 75 69
64 41 75 41
64 36 66 39
64 20 65 25
64 17 75 17
64 15 69 16
64 12 67 14
64 6 65 11
63 246 65 249
63 229 64 234
63 194 64 199
63 182 63 193
63 179 66 181
63 176 66 178
63 170 64 175
63 158 63 169
63 146 63 157
63 142 68 143
63 133 65 136
63 122 74 122
63 93 65 96
63 86 68 87
63 63 74 63
63 55 66 57
63 49 64 54
63 26 64 31
63 6 63 17
63 0 64 5
62 245 73 245
62 239 63 244
62 218 73 218
62 214 64 217
62 209 64 212
62 203 63 208
62 200 73 200
62 171 62 182
62 159 62 170
62 147 62 158
62 138 65 140
62 132 73 132
62 131 73 131
62 127 64 130
62 124 73 124
62 111 63 116
62 90 65 92
62 82 67 83
62 66 67 67
62 58 65 60
62 32 64 35
62 20 63 25
62 0 62 11
61 229 62 234
61 225 72 225
61 220 72 220
61 194 62 199
61 183 62 188
61 171 61 182
61 159 61 170
61 147 61 158
61 106 72 106
61 102 63 105
61 88 66 89
61 77 63 80
61 73 63 76
61 64 66 65
61 49 62 54
61 40 72 40
61 36 63 39
61 26 62 31
61 18 66 19
61 12 62 17
61 0 61 11
60 246 62 249
60 240 61 245
60 226 63 228
60 223 65 224
60 207 61 212
60 171 60 182
60 159 60 170
60 147 60 158
60 137 71 137
60 133 62 136
60 127 61 132
60 121 71 121
60 120 71 120
60 119 71 119
60 117 65 118
60 111 61 116
60 100 65 101
60 97 65 98
60 93 62 96
60 84 65 85
60 61 65 62
60 20 61 25
60 8 60 19
59 229 60 234
59 203 61 206
59 201 64 202
59 195 60 200
59 189 62 191
59 183 60 188
59 171 59 182
59 159 59 170
59 147 59 158
59 141 70 141
59 111 59 122
59 75 60 80
59 72 70 72
59 55 62 57
59 49 60 54
59 47 70 47
59 44 64 45
59 42 64 43
59 32 61 35
59 26 60 31
59 8 59 19
59 0 60 5
58 240 59 245
58 235 69 235
58 221 63 222
58 219 69 219
58 216 61 218
58 207 59 212
58 195 58 206
58 178 58 189
58 152 58 163
58 138 61 140
58 127 59 132
58 111 58 122
58 107 63 108
58 102 60 105
58 99 69 99
58 93 59 98
58 90 61 92
58 58 61 60
58 8 58 19
57 229 58 234
57 168 58 173
57 152 57 163
57 142 62 143
57 123 68 123
57 111 57 122
57 86 62 87
57 75 58 80
57 38 60 40
57 26 58 31
57 8 57 19
57 0 58 5
56 246 59 248
56 240 57 245
56 226 59 228
56 214 61 215
56 207 57 212
56 201 57 206
56 195 57 200
56 182 57 187
56 174 58 177
56 164 58 167
56 152 56 163
56 135 59 137
56 127 57 132
56 110 67 110
56 90 57 95
56 82 61 83
56 66 61 67
56 52 58 55
56 42 58 45
56 32 58 35
56 23 59 25
56 20 59 22
56 8 56 19
55 238 66 238
55 229 56 234
55 216 57 219
55 190 58 192
55 178 57 181
55 168 56 173
55 156 55 167
55 149 58 151
55 138 57 141
55 117 56 122
55 111 56 116
55 109 66 109
55 102 57 105
55 96 57 99
55 88 60 89
55 81 66 81
55 75 56 80
55 73 60 74
55 64 60 65
55 49 58 51
55 48 66 48
55 36 60 37
55 26 56 31
55 14 55 25
55 6 60 7
55 0 56 5
54 240 55 245
54 223 59 224
54 213 65 213
54 207 55 212
54 201 55 206
54 195 55 200
54 182 55 187
54 162 54 173
54 145 65 145
54 133 59 134
54 127 55 132
54 111 54 122
54 100 59 101
54 90 55 95
54 84 59 85
54 68 65 68
54 61 59 62
54 58 57 60
54 14 54 25
54 8 55 13
53 229 54 234
53 195 53 206
53 174 55 177
53 162 53 173
53 156 54 161
53 152 55 155
53 147 58 148
53 144 64 144
53 111 53 122
53 73 54 78
53 71 64 71
53 70 64 70
53 56 58 57
53 52 55 55
53 46 64 46
53 42 55 45
53 32 55 35
53 26 54 31
53 8 53 19
53 0 54 5
52 246 55 248
52 240 53 245
52 226 55 228
52 216 54 219
52 208 53 213
52 196 52 207
52 188 57 189
52 182 53 187
52 178 54 181
52 166 52 177
52 138 54 141
52 135 55 137
52 129 53 134
52 126 63 126
52 125 63 125
52 111 52 122
52 102 54 105
52 96 54 99
52 90 53 95
52 69 63 69
52 48 54 51
52 20 53 25
52 8 52 19
51 237 62 237
51 235 56 236
51 229 52 234
51 196 51 207
51 193 62 193
51 190 54 192
51 178 51 189
51 166 51 177
51 158 52 163
51 152 52 157
51 146 62 146
51 142 56 143
51 130 51 141
51 111 51 122
51 86 56 87
51 79 54 81
51 73 52 78
51 63 62 63
51 58 53 61
51 52 52 57
51 41 62 41
51 39 56 40
51 30 52 35
51 14 51 25
51 0 52 5
50 243 51 248
50 214 55 215
50 208 51 213
50 196 50 207
50 170 50 181
50 152 50 163
50 130 50 141
50 124 61 124
50 111 50 122
50 90 51 95
50 82 55 83
50 66 55 67
50 52 50 63
50 14 50 25
50 8 51 13
49 239 60 239
49 229 50 234
49 225 60 225
49 220 60 220
49 216 51 219
49 204 49 215
49 194 60 194
49 188 50 193
49 182 50 187
49 170 49 181
49 152 49 163
49 111 49 122
49 106 60 106
49 102 51 105
49 96 51 99
49 88 54 89
49 64 54 65
49 52 49 63
49 48 51 51
49 36 54 37
49 30 50 35
49 27 52 29
49 14 49 25
49 6 54 7
49 0 50 5
48 249 59 249
48 243 49 248
48 223 53 224
48 196 49 201
48 183 48 194
48 171 48 182
48 166 50 169
48 152 48 163
48 127 53 128
48 100 53 101
48 90 49 95
48 77 50 80
48 48 48 59
48 14 48 25
48 8 49 13
47 235 50 237
47 229 48 234
47 208 48 213
47 177 47 188
47 164 52 165
47 152 47 163
47 147 52 148
47 138 49 141
47 134 49 137
47 130 49 133
47 111 48 116
47 74 50 76
47 72 58 72
47 70 52 71
47 60 48 65
47 47 58 47
47 45 52 46
47 43 52 44
47 27 48 32
47 8 47 19
47 0 48 5
46 241 51 242
46 227 51 228
46 222 57 222
46 221 57 221
46 217 48 220
46 204 48 207
46 196 47 201
46 189 47 194
46 177 46 188
46 171 47 176
46 154 46 165
46 130 46 141
46 125 51 126
46 119 48 122
46 108 57 108
46 107 57 107
46 103 48 106
46 90 47 95
46 54 47 59
46 48 47 53
46 8 46 19
45 243 47 246
45 232 46 237
45 214 48 216
45 208 46 213
45 183 45 194
45 171 45 182
45 166 47 169
45 154 45 165
45 142 50 143
45 130 45 141
45 123 56 123
45 111 46 116
45 96 48 98
45 86 50 87
45 77 47 80
45 48 45 59
45 41 50 42
45 38 56 38
45 35 48 37
45 27 46 32
45 20 47 23
45 8 45 19
45 0 46 5
44 247 47 249
44 217 45 222
44 202 49 203
44 177 44 188
44 155 44 166
44 131 44 142
44 110 55 110
44 100 47 102
44 90 45 95
44 66 49 67
44 62 46 65
44 48 44 59
44 43 46 46
44 12 44 23
43 239 48 240
43 238 54 238
43 232 44 237
43 229 46 231
43 209 44 214
43 204 45 207
43 196 45 199
43 189 44 194
43 177 43 188
43 171 44 176
43 155 43 166
43 151 54 151
43 150 54 150
43 149 54 149
43 131 43 142
43 119 45 122
43 117 48 118
43 111 44 116
43 109 54 109
43 88 48 89
43 74 46 76
43 70 46 72
43 48 43 59
43 33 48 34
43 27 44 32
43 6 48 7
43 0 44 5
42 243 44 246
42 229 42 240
42 223 47 224
42 217 43 222
42 183 42 194
42 171 42 182
42 155 42 166
42 145 53 145
42 131 42 142
42 127 47 128
42 111 42 122
42 105 45 107
42 90 43 95
42 85 53 85
42 84 53 84
42 77 44 80
42 68 53 68
42 62 43 67
42 48 42 59
42 35 44 38
42 24 47 25
42 18 43 23
42 12 43 17
42 8 44 11
41 229 41 240
41 195 52 195
41 183 41 194
41 167 44 169
41 155 41 166
41 152 46 153
41 144 52 144
41 131 41 142
41 96 44 98
41 60 46 61
41 48 41 59
41 43 43 46
41 26 52 26
41 8 41 19
41 0 42 5
40 247 43 249
40 241 45 242
40 226 51 226
40 217 41 222
40 204 42 207
40 200 45 201
40 196 42 199
40 184 40 195
40 171 41 176
40 155 40 166
40 134 40 145
40 129 51 129
40 125 45 126
40 117 41 122
40 111 41 116
40 103 45 104
40 100 43 102
40 90 41 95
40 69 51 69
40 48 40 59
40 31 42 34
40 27 42 30
40 20 41 25
40 8 40 19
39 243 41 246
39 235 40 240
39 229 40 234
39 215 44 216
39 212 42 214
39 209 42 211
39 184 39 195
39 177 41 180
39 155 39 166
39 149 42 151
39 146 50 146
39 134 39 145
39 111 39 122
39 86 44 87
39 81 50 81
39 77 41 80
39 74 42 76
39 73 50 73
39 70 42 72
39 48 39 59
39 41 44 42
39 40 50 40
39 39 50 39
39 35 41 38
39 23 39 34
39 11 39 22
39 0 40 5
38 229 38 240
38 217 39 222
38 202 43 203
38 196 39 201
38 184 38 195
38 171 39 176
38 155 38 166
38 135 38 146
38 124 49 124
38 111 38 122
38 105 41 107
38 90 39 95
38 83 49 83
38 70 38 81
38 65 41 67
38 62 41 64
38 43 40 46
38 31 38 42
38 19 38 30
37 229 37 240
37 225 48 225
37 209 38 214
37 204 39 207
37 192 37 203
37 170 48 170
37 167 40 169
37 155 37 166
37 135 37 146
37 131 40 133
37 111 37 122
37 99 48 99
37 96 40 98
37 88 42 89
37 82 48 82
37 70 37 81
37 54 38 59
37 48 38 53
37 35 37 46
37 23 37 34
37 6 42 7
37 0 38 5
36 243 38 246
36 229 36 240
36 223 41 224
36 217 37 222
36 193 36 204
36 177 38 180
36 171 37 176
36 155 36 166
36 135 36 146
36 127 41 128
36 111 36 122
36 90 37 95
36 84 41 85
36 70 36 81
36 62 37 67
36 35 36 46
36 23 36 34
36 15 38 18
36 11 38 14
36 8 39 10
35 229 35 240
35 209 36 214
35 193 35 204
35 155 35 166
35 152 40 153
35 148 46 148
35 147 46 147
35 135 35 146
35 111 35 122
35 70 35 81
35 60 40 61
35 52 36 57
35 47 46 47
35 35 35 46
35 23 35 34
34 248 39 249
34 241 39 242
34 229 34 240
34 227 45 227
34 217 35 222
34 187 37 189
34 184 37 186
34 175 35 180
34 167 36 170
34 155 34 166
34 137 34 148
34 125 39 126
34 111 34 122
34 108 45 108
34 105 37 107
34 103 39 104
34 101 39 102
34 97 36 100
34 90 35 95
34 70 34 81
34 62 35 67
34 48 36 51
34 36 34 47
34 20 37 22
34 14 35 19
34 8 35 13
34 4 36 7
34 0 36 3
33 243 35 246
33 231 33 242
33 228 44 228
33 215 38 216
33 209 34 214
33 208 44 208
33 205 36 207
33 199 34 204
33 193 34 198
33 171 35 174
33 159 33 170
33 154 44 154
33 149 38 150
33 137 33 148
33 131 36 133
33 130 44 130
33 123 44 123
33 111 33 122
33 93 33 104
33 86 38 87
33 82 35 85
33 70 33 81
33 52 34 57
33 36 33 47
33 30 34 35
33 24 34 29
33 12 33 23
33 0 33 11
32 231 32 242
32 223 35 225
32 217 33 222
32 205 32 216
32 193 32 204
32 184 33 189
32 175 33 180
32 163 32 174
32 139 32 150
32 110 43 110
32 93 32 104
32 70 32 81
32 62 33 67
32 30 32 41
32 12 32 23
32 0 32 11
31 231 31 242
31 214 31 225
31 202 31 213
31 163 31 174
31 155 33 158
31 139 31 150
31 118 32 123
31 109 42 109
31 105 33 108
31 93 31 104
31 88 36 89
31 82 32 87
31 70 31 81
31 58 36 59
31 52 32 57
31 48 33 51
31 30 31 41
31 24 32 29
31 12 31 23
31 0 31 11
30 243 32 246
30 231 30 242
30 214 30 225
30 202 30 213
30 194 31 199
30 184 31 189
30 182 41 182
30 181 41 181
30 175 31 180
30 163 30 174
30 159 32 162
30 139 30 150
30 130 32 133
30 127 35 128
30 111 32 114
30 99 30 110
30 90 33 92
30 76 30 87
30 68 41 68
30 62 31 67
30 42 32 45
30 30 30 41
30 12 30 23
30 0 30 11
29 231 29 242
29 202 29 213
29 183 40 183
29 171 29 182
29 159 29 170
29 139 29 150
29 135 34 136
29 118 30 123
29 103 29 114
29 93 30 98
29 70 30 75
29 60 34 61
29 54 30 59
29 48 30 53
29 34 29 45
29 24 30 29
29 12 29 23
29 0 29 11
28 248 33 249
28 247 39 247
28 229 33 230
28 226 39 226
28 220 29 225
28 214 29 219
28 202 28 213
28 194 29 199
28 184 29 189
28 168 28 179
28 155 30 158
28 139 28 150
28 129 39 129
28 125 33 126
28 103 28 114
28 82 29 87
28 76 29 81
28 69 39 69
28 63 29 68
28 51 28 62
28 34 28 45
28 12 28 23
28 0 28 11
27 243 29 246
27 231 28 236
27 215 27 226
27 203 27 214
27 168 27 179
27 159 28 164
27 151 38 151
27 139 27 150
27 134 38 134
27 130 29 133
27 115 32 116
27 103 27 114
27 99 29 102
27 93 28 98
27 76 27 87
27 70 28 75
27 58 27 69
27 46 32 47
27 34 27 45
27 30 29 33
27 24 28 29
27 12 27 23
27 0 27 11
26 203 26 214
26 200 31 201
26 194 27 199
26 191 37 191
26 190 37 190
26 184 27 189
26 180 28 183
26 168 26 179
26 140 26 151
26 124 37 124
26 94 26 105
26 90 29 92
26 76 26 87
26 64 26 75
26 36 26 47
26 24 26 35
26 12 26 23
26 0 26 11
25 240 28 242
25 237 28 239
25 231 26 236
25 221 26 226
25 215 26 220
25 203 25 214
25 192 36 192
25 174 25 185
25 165 28 167
25 159 26 164
25 155 27 158
25 140 25 151
25 129 26 134
25 121 28 123
25 118 28 120
25 106 26 111
25 94 25 105
25 88 30 89
25 76 25 87
25 64 25 75
25 58 26 63
25 54 27 57
25 48 28 50
25 36 25 47
25 24 25 35
25 12 25 23
25 0 25 11
24 247 27 249
24 243 26 246
24 231 24 242
24 215 24 226
24 203 24 214
24 194 25 199
24 186 25 191
24 174 24 185
24 168 25 173
24 156 24 167
24 140 24 151
24 127 29 128
24 112 26 115
24 94 24 105
24 78 24 89
24 66 24 77
24 54 24 65
24 36 24 47
24 24 24 35
24 12 24 23
24 0 24 11
23 234 23 245
23 215 23 226
23 203 23 214
23 180 23 191
23 168 23 179
23 156 23 167
23 152 34 152
23 140 23 151
23 135 28 136
23 129 24 134
23 106 24 111
23 94 23 105
23 78 23 89
23 66 23 77
23 54 23 65
23 36 23 47
23 24 23 35
23 12 23 23
23 0 23 11
22 234 22 245
22 229 27 230
22 227 33 227
22 215 22 226
22 203 22 214
22 194 23 199
22 180 22 191
22 168 22 179
22 156 22 167
22 125 27 126
22 121 24 124
22 94 22 105
22 90 25 92
22 78 22 89
22 66 22 77
22 52 27 53
22 48 24 51
22 36 22 47
22 24 22 35
22 12 22 23
22 0 22 11
21 246 23 249
21 234 21 245
21 228 32 228
21 216 21 227
21 204 21 215
21 180 21 191
21 168 21 179
21 156 21 167
21 154 32 154
21 145 22 150
21 138 32 138
21 137 32 137
21 131 22 136
21 118 24 120
21 117 32 117
21 106 22 111
21 66 21 77
21 54 22 59
21 42 21 53
21 24 21 35
21 12 21 23
21 0 21 11
20 231 23 233
20 216 20 227
20 204 20 215
20 200 25 201
20 194 21 199
20 193 31 193
20 180 20 191
20 168 20 179
20 156 20 167
20 141 22 144
20 121 21 126
20 112 23 114
20 100 21 105
20 94 21 99
20 78 21 83
20 66 20 77
20 60 22 63
20 42 20 53
20 36 21 41
20 24 20 35
20 12 20 23
20 0 20 11
19 240 20 245
19 234 20 239
19 216 19 227
19 204 19 215
19 180 19 191
19 168 19 179
19 156 19 167
19 153 30 153
19 145 20 150
19 106 20 111
19 94 19 105
19 87 21 90
19 66 19 77
19 54 20 59
19 42 19 53
19 24 19 35
19 12 19 23
19 0 19 11
18 246 20 249
18 234 18 245
18 216 18 227
18 204 18 215
18 196 19 201
18 180 18 191
18 168 18 179
18 156 18 167
18 131 20 134
18 127 23 128
18 121 19 126
18 117 20 120
18 94 18 105
18 84 21 86
18 78 19 83
18 66 18 77
18 42 18 53
18 24 18 35
18 12 18 23
18 0 18 11
17 238 17 249
17 216 17 227
17 204 17 215
17 180 17 191
17 168 17 179
17 156 17 167
17 151 22 152
17 145 18 150
17 141 19 144
17 129 22 130
17 117 17 128
17 94 17 105
17 75 17 86
17 64 22 65
17 60 19 63
17 54 18 59
17 42 17 53
17 24 17 35
17 12 17 23
17 0 17 11
16 238 16 249
16 231 19 233
16 229 21 230
16 216 16 227
16 204 16 215
16 202 27 202
16 196 17 201
16 193 19 195
16 168 16 179
16 156 16 167
16 141 16 152
16 119 16 130
16 112 19 114
16 106 18 109
16 94 16 105
16 91 21 92
16 87 18 90
16 75 16 86
16 69 17 74
16 54 16 65
16 39 19 41
16 36 19 38
16 24 16 35
16 12 16 23
16 0 16 11
15 234 17 237
15 222 15 233
15 204 15 215
15 186 16 191
15 162 15 173
15 141 15 152
15 139 26 139
15 137 20 138
15 135 20 136
15 131 17 134
15 119 15 130
15 116 26 116
15 93 26 93
15 81 15 92
15 69 15 80
15 54 15 65
15 46 16 51
15 30 15 41
15 18 15 29
15 6 15 17
14 238 15 243
14 222 14 233
14 216 15 221
14 204 14 215
14 193 15 198
14 180 16 183
14 174 15 179
14 162 14 173
14 156 15 161
14 119 14 130
14 94 15 99
14 82 14 93
14 70 14 81
14 66 17 68
14 54 14 65
14 42 16 45
14 24 14 35
14 12 14 23
14 0 15 5
13 216 13 227
13 204 13 215
13 199 15 202
13 192 24 192
13 186 14 191
13 172 13 183
13 160 13 171
13 155 24 155
13 153 18 154
13 147 14 152
13 141 14 146
13 131 14 136
13 119 13 130
13 106 15 109
13 88 13 99
13 70 13 81
13 57 13 68
13 46 14 51
13 36 14 41
13 24 13 35
13 12 13 23
13 6 14 11
12 247 15 249
12 244 15 246
12 234 14 237
12 228 13 233
12 216 12 227
12 193 13 198
12 172 12 183
12 160 12 171
12 144 12 155
12 119 12 130
12 115 23 115
12 112 15 114
12 100 15 102
12 88 12 99
12 82 13 87
12 70 12 81
12 57 12 68
12 30 12 41
12 18 12 29
12 6 12 17
11 238 13 241
11 226 11 237
11 204 12 209
11 184 16 185
11 172 11 183
11 160 11 171
11 156 13 159
11 144 11 155
11 140 22 140
11 137 14 139
11 131 12 136
11 119 11 130
11 117 16 118
11 82 11 93
11 70 11 81
11 57 11 68
11 52 16 53
11 46 12 51
11 42 13 45
11 30 11 41
11 18 11 29
11 6 11 17
11 0 13 3
10 230 10 241
10 216 11 221
10 203 21 203
10 199 12 202
10 193 11 198
10 189 12 192
10 168 10 179
10 156 10 167
10 144 10 155
10 129 10 140
10 117 10 128
10 106 12 109
10 94 11 99
10 82 10 93
10 70 10 81
10 54 13 56
10 42 10 53
10 30 10 41
10 18 10 29
10 6 10 17
9 230 9 241
9 222 11 225
9 210 12 212
9 204 10 209
9 192 9 203
9 186 12 188
9 180 10 185
9 168 9 179
9 156 9 167
9 144 9 155
9 141 12 143
9 129 9 140
9 117 9 128
9 112 11 115
9 82 9 93
9 70 9 81
9 61 10 66
9 45 9 56
9 33 9 44
9 21 9 32
9 9 9 20
8 246 11 248
8 242 13 243
8 230 8 241
8 226 10 229
8 216 9 221
8 195 8 206
8 177 8 188
8 165 8 176
8 153 8 164
8 141 8 152
8 129 8 140
8 117 8 128
8 100 11 102
8 94 9 99
8 82 8 93
8 70 8 81
8 57 10 60
8 45 8 56
8 33 8 44
8 21 8 32
8 9 8 20
8 4 13 5
8 0 10 3
7 226 7 237
7 213 12 214
7 207 8 212
7 195 7 206
7 177 7 188
7 165 7 176
7 153 7 164
7 141 7 152
7 129 7 140
7 117 7 128
7 111 18 111
7 110 18 110
7 106 9 109
7 85 7 96
7 70 7 81
7 61 8 66
7 49 7 60
7 33 7 44
7 21 7 32
7 9 7 20
6 244 11 245
6 238 7 243
6 226 6 237
6 222 8 225
6 216 7 221
6 199 6 210
6 189 9 191
6 177 6 188
6 165 6 176
6 153 6 164
6 141 6 152
6 129 6 140
6 117 6 128
6 112 8 115
6 97 7 102
6 85 6 96
6 70 6 81
6 49 6 60
6 33 6 44
6 21 6 32
6 6 9 8
6 0 7 5
5 228 5 239
5 216 5 227
5 199 5 210
5 192 8 194
5 171 5 182
5 159 5 170
5 147 5 158
5 135 5 146
5 123 5 134
5 106 6 111
5 85 5 96
5 70 5 81
5 67 10 68
5 61 6 66
5 49 5 60
5 45 7 48
5 33 5 44
5 21 5 32
5 15 6 20
5 9 6 14
4 246 7 248
4 240 5 245
4 228 4 239
4 216 4 227
4 211 6 214
4 183 5 188
4 171 4 182
4 147 4 158
4 135 4 146
4 123 4 134
4 117 5 122
4 105 15 105
4 104 15 104
4 103 15 103
4 97 5 102
4 85 4 96
4 82 7 84
4 70 4 81
4 57 4 68
4 45 4 56
4 33 4 44
4 21 4 32
4 9 4 20
4 0 5 5
3 228 3 239
3 216 3 227
3 205 4 210
3 199 4 204
3 171 3 182
3 165 4 170
3 159 4 164
3 147 3 158
3 135 3 146
3 123 3 134
3 116 14 116
3 112 5 115
3 106 4 111
3 94 3 105
3 82 3 93
3 70 3 81
3 69 14 69
3 57 3 68
3 45 3 56
3 33 3 44
3 21 3 32
3 9 3 20
2 240 3 245
2 228 2 239
2 216 2 227
2 199 2 210
2 189 5 191
2 183 3 188
2 171 2 182
2 159 2 170
2 147 2 158
2 135 2 146
2 123 2 134
2 117 3 122
2 105 2 116
2 93 2 104
2 81 2 92
2 69 2 80
2 57 2 68
2 45 2 56
2 33 2 44
2 21 2 32
2 9 2 20
2 6 5 8
2 0 3 5
1 234 1 245
1 222 1 233
1 215 12 215
1 211 3 214
1 199 1 210
1 197 6 198
1 195 6 196
1 192 4 194
1 180 1 191
1 168 1 179
1 156 1 167
1 144 1 155
1 132 1 143
1 120 1 131
1 108 1 119
1 96 1 107
1 84 1 95
1 72 1 83
1 60 1 71
1 48 1 59
1 36 1 47
1 24 1 35
1 12 1 23
1 0 1 11
0 249 11 249
0 246 3 248
0 234 0 245
0 222 0 233
0 216 1 221
0 204 0 215
0 192 0 203
0 180 0 191
0 168 0 179
0 156 0 167
0 144 0 155
0 132 0 143
0 120 0 131
0 108 0 119
0 96 0 107
0 84 0 95
0 72 0 83
0 60 0 71
0 48 0 59
0 36 0 47
0 24 0 35
0 12 0 23
0 0 0 11
